#
# A fatal error has been detected by the Java Runtime Environment:
#
#  SIGSEGV (0xb) at pc=0x000000012c9b6f45, pid=86968, tid=775
#
# JRE version: Java(TM) SE Runtime Environment (12.0.2+10) (build 12.0.2+10)
# Java VM: Java HotSpot(TM) 64-Bit Server VM (12.0.2+10, mixed mode, sharing, tiered, compressed oops, g1 gc, bsd-amd64)
# Problematic frame:
# C  [libglass.dylib+0x9f45]  -[GlassApplication applicationWillHide:]+0xd5
#
# No core dump will be written. Core dumps have been disabled. To enable core dumping, try "ulimit -c unlimited" before starting Java again
#
# If you would like to submit a bug report, please visit:
#   http://bugreport.java.com/bugreport/crash.jsp
#

---------------  S U M M A R Y ------------

Command Line: --module-path=/Users/vincedollo/Documents/bibliJava/javafx-sdk-14.0.1/lib --add-modules=javafx.controls,javafx.fxml -Dfile.encoding=UTF-8 main.Main

Host: MacBookPro14,1 x86_64 2300 MHz, 4 cores, 8G, Darwin 19.2.0
Time: Wed May 20 17:49:48 2020 CEST elapsed time: 128 seconds (0d 0h 2m 8s)

---------------  T H R E A D  ---------------

Current thread is native thread

Stack: [0x00007ffee57af000,0x00007ffee5faf000],  sp=0x00007ffee5faa940,  free space=8174k
Native frames: (J=compiled Java code, A=aot compiled Java code, j=interpreted, Vv=VM code, C=native code)
C  [libglass.dylib+0x9f45]  -[GlassApplication applicationWillHide:]+0xd5
C  [CoreFoundation+0x7a35f]  __CFNOTIFICATIONCENTER_IS_CALLING_OUT_TO_AN_OBSERVER__+0xc
C  [CoreFoundation+0x7a2f3]  ___CFXRegistrationPost1_block_invoke+0x3f
C  [CoreFoundation+0x7a268]  _CFXRegistrationPost1+0x174
C  [CoreFoundation+0x79ebe]  ___CFXNotificationPost_block_invoke+0x61
C  [CoreFoundation+0x497e2]  -[_CFXNotificationRegistrar find:object:observer:enumerator:]+0x627
C  [CoreFoundation+0x48c82]  _CFXNotificationPost+0x547
C  [Foundation+0x9a02]  -[NSNotificationCenter postNotificationName:object:userInfo:]+0x3b
C  [AppKit+0x2fff29]  -[NSApplication _doHideMaybeFakingIt:]+0x118
C  [AppKit+0x274ec6]  _hideShowHandler+0x8a
C  [HIToolbox+0x8711]  DispatchEventToHandlers(EventTargetRec*, OpaqueEventRef*, HandlerCallRec*)+0x58b
C  [HIToolbox+0x7ae0]  SendEventToEventTargetInternal(OpaqueEventRef*, OpaqueEventTargetRef*, HandlerCallRec*)+0x152
C  [HIToolbox+0x1d048]  SendEventToEventTarget+0x27
C  [AppKit+0x4138e]  _DPSNextEvent+0x8b8
C  [AppKit+0x3f690]  -[NSApplication(NSEvent) _nextEventMatchingEventMask:untilDate:inMode:dequeue:]+0x548
C  [AppKit+0x313ae]  -[NSApplication run]+0x292
C  [libosxapp.dylib+0x283b]  +[NSApplicationAWT runAWTLoopWithApp:]+0xde
C  [libawt_lwawt.dylib+0x382ac]  +[AWTStarter starter:headless:]+0x342
C  [JavaNativeFoundation+0x6ff9]  +[JNFRunLoop _performCopiedBlock:]+0xf
C  [Foundation+0x9c88b]  __NSThreadPerformPerform+0xfe
C  [CoreFoundation+0x84b21]  __CFRUNLOOP_IS_CALLING_OUT_TO_A_SOURCE0_PERFORM_FUNCTION__+0x11
C  [CoreFoundation+0x84ac0]  __CFRunLoopDoSource0+0x67
C  [CoreFoundation+0x848d4]  __CFRunLoopDoSources0+0xd1
C  [CoreFoundation+0x83740]  __CFRunLoopRun+0x4f8
C  [CoreFoundation+0x82bd3]  CFRunLoopRunSpecific+0x1f3
C  [libjli.dylib+0x6444]  CreateExecutionEnvironment+0x190
C  [libjli.dylib+0x25b7]  JLI_Launch+0x51f
C  [java+0xca9]  main+0x16f
C  [libdyld.dylib+0x1a7fd]  start+0x1


siginfo: si_signo: 11 (SIGSEGV), si_code: 1 (SEGV_MAPERR), si_addr: 0x0000000000000000

Register to memory mapping:

RAX=
[error occurred during error reporting (printing register info), id 0xb, SIGSEGV (0xb) at pc=0x000000010acea19e]

Registers:
RAX=0x00007fa434fcc8c0, RBX=0x0000000000000000, RCX=0x00007fa435103090, RDX=0x0000000000000000
RSP=0x00007ffee5faa940, RBP=0x00007ffee5faad70, RSI=0x00007fa435103000, RDI=0x00007fa435103088
R8 =0x0000000000000000, R9 =0x00007fa434fcc8c0, R10=0x00007fff8cc96630, R11=0x00007fff35ff3857
R12=0x00007fff69add000, R13=0x0000000000000000, R14=0x00007fa434f639b0, R15=0x00007fa434fcc8c0
RIP=0x000000012c9b6f45, EFLAGS=0x0000000000010206, ERR=0x0000000000000004
  TRAPNO=0x000000000000000e

Top of Stack: (sp=0x00007ffee5faa940)
0x00007ffee5faa940:   000000012c9b6ee5 00007fff3398b35f
0x00007ffee5faa950:   00007fff3398b2f3 00007fff3398b268
0x00007ffee5faa960:   00007fff3398aebe 00007fff3395a7e2
0x00007ffee5faa970:   00007fff33959c82 00007fff35fdfa02
0x00007ffee5faa980:   00007fff30e1af29 00007fff30d8fec6
0x00007ffee5faa990:   00007fff324c3711 00007fff324c2ae0
0x00007ffee5faa9a0:   00007fff324d8048 00007fff30b5c38e
0x00007ffee5faa9b0:   00007fff30b5a690 00007fff30b4c3ae
0x00007ffee5faa9c0:   0000000130c3383b 000000013123f2ac
0x00007ffee5faa9d0:   00007fff3817aff9 00007fff3607288b
0x00007ffee5faa9e0:   00007fff33995b21 00007fff33995ac0
0x00007ffee5faa9f0:   00007fff339958d4 00007fff33994740
0x00007ffee5faaa00:   00007fff33993bd3 0000000109c60444
0x00007ffee5faaa10:   0000000109c5c5b7 0000000109c51ca9
0x00007ffee5faaa20:   00007fff6ae577fd 0000000000000000
0x00007ffee5faaa30:   0000000000000000 0000000000000000
0x00007ffee5faaa40:   0000000000000000 0000000000000000
0x00007ffee5faaa50:   0000000000000000 0000000000000000
0x00007ffee5faaa60:   0000000000000000 0000000000000000
0x00007ffee5faaa70:   0000000000000000 0000000000000000
0x00007ffee5faaa80:   0000000000000000 0000000000000000
0x00007ffee5faaa90:   0000000000000000 0000000000000000
0x00007ffee5faaaa0:   0000000000000000 0000000000000000
0x00007ffee5faaab0:   0000000000000000 0000000000000000
0x00007ffee5faaac0:   0000000000000000 0000000000000000
0x00007ffee5faaad0:   0000000000000000 0000000000000000
0x00007ffee5faaae0:   0000000000000000 0000000000000000
0x00007ffee5faaaf0:   0000000000000000 0000000000000000
0x00007ffee5faab00:   0000000000000000 0000000000000000
0x00007ffee5faab10:   0000000000000000 0000000000000000
0x00007ffee5faab20:   0000000000000000 0000000000000000
0x00007ffee5faab30:   0000000000000000 0000000000000000 

Instructions: (pc=0x000000012c9b6f45)
0x000000012c9b6e45:   88 00 00 00 48 8b 05 e0 12 03 00 48 8b 00 48 3b
0x000000012c9b6e55:   45 d0 75 12 48 81 c4 08 04 00 00 5b 41 5c 41 5d
0x000000012c9b6e65:   41 5e 41 5f 5d c3 e8 58 5f 02 00 55 48 89 e5 41
0x000000012c9b6e75:   57 41 56 41 55 41 54 53 48 81 ec 08 04 00 00 48
0x000000012c9b6e85:   8b 05 a5 12 03 00 48 8b 00 48 89 45 d0 49 89 fe
0x000000012c9b6e95:   4c 8d 25 1c bd 03 00 49 8b 1c 24 48 85 db 75 78
0x000000012c9b6ea5:   48 8b 05 8c 12 03 00 48 8b 38 48 8d 35 21 af 02
0x000000012c9b6eb5:   00 48 8d 15 5b b9 02 00 48 8d 0d 82 b7 02 00 41
0x000000012c9b6ec5:   b8 32 01 00 00 31 c0 e8 4b 5f 02 00 4c 8d bd d0
0x000000012c9b6ed5:   fb ff ff be 80 00 00 00 4c 89 ff e8 01 5f 02 00
0x000000012c9b6ee5:   89 c3 4c 89 ff 89 de e8 fb 5e 02 00 49 89 c7 85
0x000000012c9b6ef5:   db 7e 19 41 89 dd 4c 89 fb 66 90 48 8b 3b e8 b2
0x000000012c9b6f05:   60 02 00 48 83 c3 08 49 ff cd 75 ef 4c 89 ff e8
0x000000012c9b6f15:   0f 5f 02 00 49 8b 1c 24 48 8b 3d 8c aa 03 00 48
0x000000012c9b6f25:   8b 35 85 98 03 00 4c 8b 25 4e 12 03 00 41 ff d4
0x000000012c9b6f35:   48 8b 35 9c 98 03 00 48 89 c7 41 ff d4 49 89 c7
0x000000012c9b6f45:   48 8b 03 4c 8b a8 e8 01 00 00 48 8b 05 7a ad 03
0x000000012c9b6f55:   00 4d 8b 34 06 48 8b 3d 8f aa 03 00 48 8b 35 90
0x000000012c9b6f65:   9d 03 00 41 ff d4 48 89 c1 31 c0 48 89 df 4c 89
0x000000012c9b6f75:   f6 48 89 ca 41 ff d5 48 8b 35 75 98 03 00 4c 89
0x000000012c9b6f85:   ff 41 ff d4 48 8b 03 48 89 df ff 50 78 49 89 c6
0x000000012c9b6f95:   4d 85 f6 74 3f 48 8b 03 48 89 df ff 90 88 00 00
0x000000012c9b6fa5:   00 4c 8b 03 48 8d 05 10 bc 03 00 48 8b 30 48 8d
0x000000012c9b6fb5:   05 6e bd 03 00 48 8b 50 50 31 c0 48 89 df 4c 89
0x000000012c9b6fc5:   f1 41 ff 90 68 04 00 00 48 8b 03 48 89 df ff 90
0x000000012c9b6fd5:   88 00 00 00 48 8b 05 50 11 03 00 48 8b 00 48 3b
0x000000012c9b6fe5:   45 d0 75 12 48 81 c4 08 04 00 00 5b 41 5c 41 5d
0x000000012c9b6ff5:   41 5e 41 5f 5d c3 e8 c8 5d 02 00 55 48 89 e5 41
0x000000012c9b7005:   57 41 56 41 55 41 54 53 48 81 ec 08 04 00 00 48
0x000000012c9b7015:   8b 05 15 11 03 00 48 8b 00 48 89 45 d0 49 89 fe
0x000000012c9b7025:   4c 8d 25 8c bb 03 00 49 8b 1c 24 48 85 db 75 78
0x000000012c9b7035:   48 8b 05 fc 10 03 00 48 8b 38 48 8d 35 91 ad 02 


Stack slot to memory mapping:
stack at sp + 0 slots: 
[error occurred during error reporting (inspecting top of stack), id 0xb, SIGSEGV (0xb) at pc=0x000000010acea19e]


---------------  P R O C E S S  ---------------

VM state:not at safepoint (normal execution)

VM Mutex/Monitor currently owned by a thread: None

Heap address: 0x0000000780000000, size: 2048 MB, Compressed Oops mode: Zero based, Oop shift amount: 3
Narrow klass base: 0x0000000800000000, Narrow klass shift: 3
Compressed class space size: 1073741824 Address: 0x0000000801101000

Heap:
 garbage-first heap   total 133120K, used 55602K [0x0000000780000000, 0x0000000800000000)
  region size 1024K, 44 young (45056K), 2 survivors (2048K)
 Metaspace       used 16373K, capacity 17071K, committed 17280K, reserved 1064960K
  class space    used 2299K, capacity 2587K, committed 2688K, reserved 1048576K
Heap Regions: E=young(eden), S=young(survivor), O=old, HS=humongous(starts), HC=humongous(continues), CS=collection set, F=free, A=archive, TAMS=top-at-mark-start (previous, next)
|   0|0x0000000780000000, 0x0000000780100000, 0x0000000780100000|100%|HS|  |TAMS 0x0000000780000000, 0x0000000780000000| Complete 
|   1|0x0000000780100000, 0x0000000780200000, 0x0000000780200000|100%|HC|  |TAMS 0x0000000780100000, 0x0000000780100000| Complete 
|   2|0x0000000780200000, 0x0000000780300000, 0x0000000780300000|100%|HS|  |TAMS 0x0000000780200000, 0x0000000780200000| Complete 
|   3|0x0000000780300000, 0x0000000780400000, 0x0000000780400000|100%|HC|  |TAMS 0x0000000780300000, 0x0000000780300000| Complete 
|   4|0x0000000780400000, 0x0000000780500000, 0x0000000780500000|100%|HS|  |TAMS 0x0000000780400000, 0x0000000780400000| Complete 
|   5|0x0000000780500000, 0x0000000780600000, 0x0000000780600000|100%|HC|  |TAMS 0x0000000780500000, 0x0000000780500000| Complete 
|   6|0x0000000780600000, 0x0000000780700000, 0x0000000780700000|100%|HS|  |TAMS 0x0000000780600000, 0x0000000780600000| Complete 
|   7|0x0000000780700000, 0x0000000780800000, 0x0000000780800000|100%|HC|  |TAMS 0x0000000780700000, 0x0000000780700000| Complete 
|   8|0x0000000780800000, 0x0000000780900000, 0x0000000780900000|100%|HS|  |TAMS 0x0000000780800000, 0x0000000780800000| Complete 
|   9|0x0000000780900000, 0x0000000780a00000, 0x0000000780a00000|100%|HC|  |TAMS 0x0000000780900000, 0x0000000780900000| Complete 
|  10|0x0000000780a00000, 0x0000000780b00000, 0x0000000780b00000|100%|HS|  |TAMS 0x0000000780a00000, 0x0000000780a00000| Complete 
|  11|0x0000000780b00000, 0x0000000780c00000, 0x0000000780c00000|100%|HC|  |TAMS 0x0000000780b00000, 0x0000000780b00000| Complete 
|  12|0x0000000780c00000, 0x0000000780c00000, 0x0000000780d00000|  0%| F|  |TAMS 0x0000000780c00000, 0x0000000780c00000| Untracked 
|  13|0x0000000780d00000, 0x0000000780d00000, 0x0000000780e00000|  0%| F|  |TAMS 0x0000000780d00000, 0x0000000780d00000| Untracked 
|  14|0x0000000780e00000, 0x0000000780e00000, 0x0000000780f00000|  0%| F|  |TAMS 0x0000000780e00000, 0x0000000780e00000| Untracked 
|  15|0x0000000780f00000, 0x0000000780f00000, 0x0000000781000000|  0%| F|  |TAMS 0x0000000780f00000, 0x0000000780f00000| Untracked 
|  16|0x0000000781000000, 0x0000000781000000, 0x0000000781100000|  0%| F|  |TAMS 0x0000000781000000, 0x0000000781000000| Untracked 
|  17|0x0000000781100000, 0x0000000781100000, 0x0000000781200000|  0%| F|  |TAMS 0x0000000781100000, 0x0000000781100000| Untracked 
|  18|0x0000000781200000, 0x0000000781200000, 0x0000000781300000|  0%| F|  |TAMS 0x0000000781200000, 0x0000000781200000| Untracked 
|  19|0x0000000781300000, 0x0000000781300000, 0x0000000781400000|  0%| F|  |TAMS 0x0000000781300000, 0x0000000781300000| Untracked 
|  20|0x0000000781400000, 0x0000000781400000, 0x0000000781500000|  0%| F|  |TAMS 0x0000000781400000, 0x0000000781400000| Untracked 
|  21|0x0000000781500000, 0x0000000781500000, 0x0000000781600000|  0%| F|  |TAMS 0x0000000781500000, 0x0000000781500000| Untracked 
|  22|0x0000000781600000, 0x0000000781600000, 0x0000000781700000|  0%| F|  |TAMS 0x0000000781600000, 0x0000000781600000| Untracked 
|  23|0x0000000781700000, 0x0000000781700000, 0x0000000781800000|  0%| F|  |TAMS 0x0000000781700000, 0x0000000781700000| Untracked 
|  24|0x0000000781800000, 0x0000000781800000, 0x0000000781900000|  0%| F|  |TAMS 0x0000000781800000, 0x0000000781800000| Untracked 
|  25|0x0000000781900000, 0x0000000781900000, 0x0000000781a00000|  0%| F|  |TAMS 0x0000000781900000, 0x0000000781900000| Untracked 
|  26|0x0000000781a00000, 0x0000000781a00000, 0x0000000781b00000|  0%| F|  |TAMS 0x0000000781a00000, 0x0000000781a00000| Untracked 
|  27|0x0000000781b00000, 0x0000000781b00000, 0x0000000781c00000|  0%| F|  |TAMS 0x0000000781b00000, 0x0000000781b00000| Untracked 
|  28|0x0000000781c00000, 0x0000000781c00000, 0x0000000781d00000|  0%| F|  |TAMS 0x0000000781c00000, 0x0000000781c00000| Untracked 
|  29|0x0000000781d00000, 0x0000000781d00000, 0x0000000781e00000|  0%| F|  |TAMS 0x0000000781d00000, 0x0000000781d00000| Untracked 
|  30|0x0000000781e00000, 0x0000000781e00000, 0x0000000781f00000|  0%| F|  |TAMS 0x0000000781e00000, 0x0000000781e00000| Untracked 
|  31|0x0000000781f00000, 0x0000000781f00000, 0x0000000782000000|  0%| F|  |TAMS 0x0000000781f00000, 0x0000000781f00000| Untracked 
|  32|0x0000000782000000, 0x0000000782000000, 0x0000000782100000|  0%| F|  |TAMS 0x0000000782000000, 0x0000000782000000| Untracked 
|  33|0x0000000782100000, 0x0000000782100000, 0x0000000782200000|  0%| F|  |TAMS 0x0000000782100000, 0x0000000782100000| Untracked 
|  34|0x0000000782200000, 0x0000000782200000, 0x0000000782300000|  0%| F|  |TAMS 0x0000000782200000, 0x0000000782200000| Untracked 
|  35|0x0000000782300000, 0x0000000782300000, 0x0000000782400000|  0%| F|  |TAMS 0x0000000782300000, 0x0000000782300000| Untracked 
|  36|0x0000000782400000, 0x0000000782400000, 0x0000000782500000|  0%| F|  |TAMS 0x0000000782400000, 0x0000000782400000| Untracked 
|  37|0x0000000782500000, 0x0000000782500000, 0x0000000782600000|  0%| F|  |TAMS 0x0000000782500000, 0x0000000782500000| Untracked 
|  38|0x0000000782600000, 0x0000000782600000, 0x0000000782700000|  0%| F|  |TAMS 0x0000000782600000, 0x0000000782600000| Untracked 
|  39|0x0000000782700000, 0x0000000782700000, 0x0000000782800000|  0%| F|  |TAMS 0x0000000782700000, 0x0000000782700000| Untracked 
|  40|0x0000000782800000, 0x0000000782800000, 0x0000000782900000|  0%| F|  |TAMS 0x0000000782800000, 0x0000000782800000| Untracked 
|  41|0x0000000782900000, 0x0000000782900000, 0x0000000782a00000|  0%| F|  |TAMS 0x0000000782900000, 0x0000000782900000| Untracked 
|  42|0x0000000782a00000, 0x0000000782a00000, 0x0000000782b00000|  0%| F|  |TAMS 0x0000000782a00000, 0x0000000782a00000| Untracked 
|  43|0x0000000782b00000, 0x0000000782b00000, 0x0000000782c00000|  0%| F|  |TAMS 0x0000000782b00000, 0x0000000782b00000| Untracked 
|  44|0x0000000782c00000, 0x0000000782c00000, 0x0000000782d00000|  0%| F|  |TAMS 0x0000000782c00000, 0x0000000782c00000| Untracked 
|  45|0x0000000782d00000, 0x0000000782d00000, 0x0000000782e00000|  0%| F|  |TAMS 0x0000000782d00000, 0x0000000782d00000| Untracked 
|  46|0x0000000782e00000, 0x0000000782e00000, 0x0000000782f00000|  0%| F|  |TAMS 0x0000000782e00000, 0x0000000782e00000| Untracked 
|  47|0x0000000782f00000, 0x0000000782f00000, 0x0000000783000000|  0%| F|  |TAMS 0x0000000782f00000, 0x0000000782f00000| Untracked 
|  48|0x0000000783000000, 0x0000000783000000, 0x0000000783100000|  0%| F|  |TAMS 0x0000000783000000, 0x0000000783000000| Untracked 
|  49|0x0000000783100000, 0x0000000783100000, 0x0000000783200000|  0%| F|  |TAMS 0x0000000783100000, 0x0000000783100000| Untracked 
|  50|0x0000000783200000, 0x0000000783200000, 0x0000000783300000|  0%| F|  |TAMS 0x0000000783200000, 0x0000000783200000| Untracked 
|  51|0x0000000783300000, 0x0000000783300000, 0x0000000783400000|  0%| F|  |TAMS 0x0000000783300000, 0x0000000783300000| Untracked 
|  52|0x0000000783400000, 0x0000000783400000, 0x0000000783500000|  0%| F|  |TAMS 0x0000000783400000, 0x0000000783400000| Untracked 
|  53|0x0000000783500000, 0x0000000783500000, 0x0000000783600000|  0%| F|  |TAMS 0x0000000783500000, 0x0000000783500000| Untracked 
|  54|0x0000000783600000, 0x0000000783600000, 0x0000000783700000|  0%| F|  |TAMS 0x0000000783600000, 0x0000000783600000| Untracked 
|  55|0x0000000783700000, 0x0000000783700000, 0x0000000783800000|  0%| F|  |TAMS 0x0000000783700000, 0x0000000783700000| Untracked 
|  56|0x0000000783800000, 0x0000000783800000, 0x0000000783900000|  0%| F|  |TAMS 0x0000000783800000, 0x0000000783800000| Untracked 
|  57|0x0000000783900000, 0x0000000783900000, 0x0000000783a00000|  0%| F|  |TAMS 0x0000000783900000, 0x0000000783900000| Untracked 
|  58|0x0000000783a00000, 0x0000000783a00000, 0x0000000783b00000|  0%| F|  |TAMS 0x0000000783a00000, 0x0000000783a00000| Untracked 
|  59|0x0000000783b00000, 0x0000000783b00000, 0x0000000783c00000|  0%| F|  |TAMS 0x0000000783b00000, 0x0000000783b00000| Untracked 
|  60|0x0000000783c00000, 0x0000000783c00000, 0x0000000783d00000|  0%| F|  |TAMS 0x0000000783c00000, 0x0000000783c00000| Untracked 
|  61|0x0000000783d00000, 0x0000000783d00000, 0x0000000783e00000|  0%| F|  |TAMS 0x0000000783d00000, 0x0000000783d00000| Untracked 
|  62|0x0000000783e00000, 0x0000000783e00000, 0x0000000783f00000|  0%| F|  |TAMS 0x0000000783e00000, 0x0000000783e00000| Untracked 
|  63|0x0000000783f00000, 0x0000000783f00000, 0x0000000784000000|  0%| F|  |TAMS 0x0000000783f00000, 0x0000000783f00000| Untracked 
|  64|0x0000000784000000, 0x0000000784000000, 0x0000000784100000|  0%| F|  |TAMS 0x0000000784000000, 0x0000000784000000| Untracked 
|  65|0x0000000784100000, 0x0000000784100000, 0x0000000784200000|  0%| F|  |TAMS 0x0000000784100000, 0x0000000784100000| Untracked 
|  66|0x0000000784200000, 0x0000000784200000, 0x0000000784300000|  0%| F|  |TAMS 0x0000000784200000, 0x0000000784200000| Untracked 
|  67|0x0000000784300000, 0x0000000784300000, 0x0000000784400000|  0%| F|  |TAMS 0x0000000784300000, 0x0000000784300000| Untracked 
|  68|0x0000000784400000, 0x0000000784400000, 0x0000000784500000|  0%| F|  |TAMS 0x0000000784400000, 0x0000000784400000| Untracked 
|  69|0x0000000784500000, 0x0000000784500000, 0x0000000784600000|  0%| F|  |TAMS 0x0000000784500000, 0x0000000784500000| Untracked 
|  70|0x0000000784600000, 0x0000000784600000, 0x0000000784700000|  0%| F|  |TAMS 0x0000000784600000, 0x0000000784600000| Untracked 
|  71|0x0000000784700000, 0x0000000784700000, 0x0000000784800000|  0%| F|  |TAMS 0x0000000784700000, 0x0000000784700000| Untracked 
|  72|0x0000000784800000, 0x0000000784800000, 0x0000000784900000|  0%| F|  |TAMS 0x0000000784800000, 0x0000000784800000| Untracked 
|  73|0x0000000784900000, 0x0000000784900000, 0x0000000784a00000|  0%| F|  |TAMS 0x0000000784900000, 0x0000000784900000| Untracked 
|  74|0x0000000784a00000, 0x0000000784a00000, 0x0000000784b00000|  0%| F|  |TAMS 0x0000000784a00000, 0x0000000784a00000| Untracked 
|  75|0x0000000784b00000, 0x0000000784b00000, 0x0000000784c00000|  0%| F|  |TAMS 0x0000000784b00000, 0x0000000784b00000| Untracked 
|  76|0x0000000784c00000, 0x0000000784c00000, 0x0000000784d00000|  0%| F|  |TAMS 0x0000000784c00000, 0x0000000784c00000| Untracked 
|  77|0x0000000784d00000, 0x0000000784d00000, 0x0000000784e00000|  0%| F|  |TAMS 0x0000000784d00000, 0x0000000784d00000| Untracked 
|  78|0x0000000784e00000, 0x0000000784e00000, 0x0000000784f00000|  0%| F|  |TAMS 0x0000000784e00000, 0x0000000784e00000| Untracked 
|  79|0x0000000784f00000, 0x0000000784f00000, 0x0000000785000000|  0%| F|  |TAMS 0x0000000784f00000, 0x0000000784f00000| Untracked 
|  80|0x0000000785000000, 0x0000000785000000, 0x0000000785100000|  0%| F|  |TAMS 0x0000000785000000, 0x0000000785000000| Untracked 
|  81|0x0000000785100000, 0x0000000785100000, 0x0000000785200000|  0%| F|  |TAMS 0x0000000785100000, 0x0000000785100000| Untracked 
|  82|0x0000000785200000, 0x0000000785200000, 0x0000000785300000|  0%| F|  |TAMS 0x0000000785200000, 0x0000000785200000| Untracked 
|  83|0x0000000785300000, 0x0000000785300000, 0x0000000785400000|  0%| F|  |TAMS 0x0000000785300000, 0x0000000785300000| Untracked 
|  84|0x0000000785400000, 0x0000000785480800, 0x0000000785500000| 50%| E|  |TAMS 0x0000000785400000, 0x0000000785400000| Complete 
|  85|0x0000000785500000, 0x0000000785600000, 0x0000000785600000|100%| E|CS|TAMS 0x0000000785500000, 0x0000000785500000| Complete 
|  86|0x0000000785600000, 0x0000000785700000, 0x0000000785700000|100%| E|CS|TAMS 0x0000000785600000, 0x0000000785600000| Complete 
|  87|0x0000000785700000, 0x0000000785800000, 0x0000000785800000|100%| E|  |TAMS 0x0000000785700000, 0x0000000785700000| Complete 
|  88|0x0000000785800000, 0x0000000785900000, 0x0000000785900000|100%| E|CS|TAMS 0x0000000785800000, 0x0000000785800000| Complete 
|  89|0x0000000785900000, 0x0000000785a00000, 0x0000000785a00000|100%| E|CS|TAMS 0x0000000785900000, 0x0000000785900000| Complete 
|  90|0x0000000785a00000, 0x0000000785b00000, 0x0000000785b00000|100%| E|CS|TAMS 0x0000000785a00000, 0x0000000785a00000| Complete 
|  91|0x0000000785b00000, 0x0000000785c00000, 0x0000000785c00000|100%| E|CS|TAMS 0x0000000785b00000, 0x0000000785b00000| Complete 
|  92|0x0000000785c00000, 0x0000000785d00000, 0x0000000785d00000|100%| E|CS|TAMS 0x0000000785c00000, 0x0000000785c00000| Complete 
|  93|0x0000000785d00000, 0x0000000785e00000, 0x0000000785e00000|100%| E|CS|TAMS 0x0000000785d00000, 0x0000000785d00000| Complete 
|  94|0x0000000785e00000, 0x0000000785f00000, 0x0000000785f00000|100%| E|CS|TAMS 0x0000000785e00000, 0x0000000785e00000| Complete 
|  95|0x0000000785f00000, 0x0000000786000000, 0x0000000786000000|100%| E|CS|TAMS 0x0000000785f00000, 0x0000000785f00000| Complete 
|  96|0x0000000786000000, 0x0000000786100000, 0x0000000786100000|100%| E|CS|TAMS 0x0000000786000000, 0x0000000786000000| Complete 
|  97|0x0000000786100000, 0x0000000786200000, 0x0000000786200000|100%| E|CS|TAMS 0x0000000786100000, 0x0000000786100000| Complete 
|  98|0x0000000786200000, 0x0000000786300000, 0x0000000786300000|100%| E|CS|TAMS 0x0000000786200000, 0x0000000786200000| Complete 
|  99|0x0000000786300000, 0x0000000786400000, 0x0000000786400000|100%| E|CS|TAMS 0x0000000786300000, 0x0000000786300000| Complete 
| 100|0x0000000786400000, 0x0000000786500000, 0x0000000786500000|100%| E|CS|TAMS 0x0000000786400000, 0x0000000786400000| Complete 
| 101|0x0000000786500000, 0x0000000786600000, 0x0000000786600000|100%| E|CS|TAMS 0x0000000786500000, 0x0000000786500000| Complete 
| 102|0x0000000786600000, 0x0000000786700000, 0x0000000786700000|100%| E|CS|TAMS 0x0000000786600000, 0x0000000786600000| Complete 
| 103|0x0000000786700000, 0x0000000786800000, 0x0000000786800000|100%| E|CS|TAMS 0x0000000786700000, 0x0000000786700000| Complete 
| 104|0x0000000786800000, 0x0000000786900000, 0x0000000786900000|100%| E|CS|TAMS 0x0000000786800000, 0x0000000786800000| Complete 
| 105|0x0000000786900000, 0x0000000786a00000, 0x0000000786a00000|100%| E|CS|TAMS 0x0000000786900000, 0x0000000786900000| Complete 
| 106|0x0000000786a00000, 0x0000000786b00000, 0x0000000786b00000|100%| E|CS|TAMS 0x0000000786a00000, 0x0000000786a00000| Complete 
| 107|0x0000000786b00000, 0x0000000786c00000, 0x0000000786c00000|100%| E|CS|TAMS 0x0000000786b00000, 0x0000000786b00000| Complete 
| 108|0x0000000786c00000, 0x0000000786d00000, 0x0000000786d00000|100%| E|CS|TAMS 0x0000000786c00000, 0x0000000786c00000| Complete 
| 109|0x0000000786d00000, 0x0000000786e00000, 0x0000000786e00000|100%| E|CS|TAMS 0x0000000786d00000, 0x0000000786d00000| Complete 
| 110|0x0000000786e00000, 0x0000000786f00000, 0x0000000786f00000|100%| E|CS|TAMS 0x0000000786e00000, 0x0000000786e00000| Complete 
| 111|0x0000000786f00000, 0x0000000787000000, 0x0000000787000000|100%| E|CS|TAMS 0x0000000786f00000, 0x0000000786f00000| Complete 
| 112|0x0000000787000000, 0x0000000787094b90, 0x0000000787100000| 58%| S|CS|TAMS 0x0000000787000000, 0x0000000787000000| Complete 
| 113|0x0000000787100000, 0x0000000787200000, 0x0000000787200000|100%| S|CS|TAMS 0x0000000787100000, 0x0000000787100000| Complete 
| 114|0x0000000787200000, 0x0000000787300000, 0x0000000787300000|100%| E|CS|TAMS 0x0000000787200000, 0x0000000787200000| Complete 
| 115|0x0000000787300000, 0x0000000787400000, 0x0000000787400000|100%| E|CS|TAMS 0x0000000787300000, 0x0000000787300000| Complete 
| 116|0x0000000787400000, 0x0000000787500000, 0x0000000787500000|100%| E|CS|TAMS 0x0000000787400000, 0x0000000787400000| Complete 
| 117|0x0000000787500000, 0x0000000787600000, 0x0000000787600000|100%| E|CS|TAMS 0x0000000787500000, 0x0000000787500000| Complete 
| 118|0x0000000787600000, 0x0000000787700000, 0x0000000787700000|100%| E|CS|TAMS 0x0000000787600000, 0x0000000787600000| Complete 
| 119|0x0000000787700000, 0x0000000787800000, 0x0000000787800000|100%| E|CS|TAMS 0x0000000787700000, 0x0000000787700000| Complete 
| 120|0x0000000787800000, 0x0000000787900000, 0x0000000787900000|100%| E|CS|TAMS 0x0000000787800000, 0x0000000787800000| Complete 
| 121|0x0000000787900000, 0x0000000787a00000, 0x0000000787a00000|100%| E|CS|TAMS 0x0000000787900000, 0x0000000787900000| Complete 
| 122|0x0000000787a00000, 0x0000000787b00000, 0x0000000787b00000|100%| E|CS|TAMS 0x0000000787a00000, 0x0000000787a00000| Complete 
| 123|0x0000000787b00000, 0x0000000787c00000, 0x0000000787c00000|100%| E|CS|TAMS 0x0000000787b00000, 0x0000000787b00000| Complete 
| 124|0x0000000787c00000, 0x0000000787d00000, 0x0000000787d00000|100%| E|CS|TAMS 0x0000000787c00000, 0x0000000787c00000| Complete 
| 125|0x0000000787d00000, 0x0000000787e00000, 0x0000000787e00000|100%| E|CS|TAMS 0x0000000787d00000, 0x0000000787d00000| Complete 
| 126|0x0000000787e00000, 0x0000000787f00000, 0x0000000787f00000|100%| E|CS|TAMS 0x0000000787e00000, 0x0000000787e00000| Complete 
| 127|0x0000000787f00000, 0x0000000788000000, 0x0000000788000000|100%| E|CS|TAMS 0x0000000787f00000, 0x0000000787f00000| Complete 
|1022|0x00000007bfe00000, 0x00000007bfe48000, 0x00000007bff00000| 28%|OA|  |TAMS 0x00000007bfe00000, 0x00000007bfe00000| Untracked 
|1023|0x00000007bff00000, 0x00000007bff70000, 0x00000007c0000000| 43%|CA|  |TAMS 0x00000007bff00000, 0x00000007bff00000| Untracked 

Card table byte_map: [0x0000000114115000,0x0000000114515000] _byte_map_base: 0x0000000110515000

Marking Bits (Prev, Next): (CMBitMap*) 0x00007fa435828018, (CMBitMap*) 0x00007fa435828058
 Prev Bits: [0x0000000114915000, 0x0000000116915000)
 Next Bits: [0x0000000126006000, 0x0000000128006000)

Polling page: 0x0000000109cc0000

Metaspace:

Usage:
  Non-class:     14.14 MB capacity,    13.74 MB ( 97%) used,   337.95 KB (  2%) free+waste,    72.75 KB ( <1%) overhead. 
      Class:      2.53 MB capacity,     2.25 MB ( 89%) used,   248.80 KB ( 10%) free+waste,    38.38 KB (  1%) overhead. 
       Both:     16.67 MB capacity,    15.99 MB ( 96%) used,   586.76 KB (  3%) free+waste,   111.12 KB ( <1%) overhead. 

Virtual space:
  Non-class space:       16.00 MB reserved,      14.25 MB ( 89%) committed 
      Class space:        1.00 GB reserved,       2.62 MB ( <1%) committed 
             Both:        1.02 GB reserved,      16.88 MB (  2%) committed 

Chunk freelists:
   Non-Class:  13.00 KB
       Class:  128 bytes
        Both:  13.12 KB

CodeHeap 'non-profiled nmethods': size=120032Kb used=817Kb max_used=817Kb free=119214Kb
 bounds [0x000000011eace000, 0x000000011ed3e000, 0x0000000126006000]
CodeHeap 'profiled nmethods': size=120032Kb used=3774Kb max_used=3774Kb free=116257Kb
 bounds [0x0000000117596000, 0x0000000117946000, 0x000000011eace000]
CodeHeap 'non-nmethods': size=5696Kb used=1342Kb max_used=1361Kb free=4353Kb
 bounds [0x0000000117006000, 0x0000000117276000, 0x0000000117596000]
 total_blobs=3265 nmethods=2107 adapters=679
 compilation: enabled
              stopped_count=0, restarted_count=0
 full_count=0

Compilation events (10 events):
Event: 128.446 Thread 0x00007fa435866000 2104       1       java.util.logging.Logger::getName (5 bytes)
Event: 128.446 Thread 0x00007fa435866000 nmethod 2104 0x000000011eb9a290 code [0x000000011eb9a440, 0x000000011eb9a570]
Event: 128.457 Thread 0x00007fa435866000 2105  s    3       jdk.internal.jimage.BasicImageReader::findLocation (115 bytes)
Event: 128.459 Thread 0x00007fa435866000 nmethod 2105 0x0000000117942510 code [0x0000000117942840, 0x0000000117943b18]
Event: 128.462 Thread 0x00007fa435866000 2106       3       java.lang.reflect.Constructor::<init> (50 bytes)
Event: 128.463 Thread 0x00007fa435866000 nmethod 2106 0x0000000117944110 code [0x00000001179442e0, 0x00000001179447f0]
Event: 128.464 Thread 0x00007fa435866000 2107       3       java.lang.invoke.LambdaForm::methodType (48 bytes)
Event: 128.464 Thread 0x00007fa435866000 nmethod 2107 0x0000000117944910 code [0x0000000117944b20, 0x0000000117945198]
Event: 128.464 Thread 0x00007fa435866000 2108       3       java.lang.invoke.LambdaFormBuffer::insertName (106 bytes)
Event: 128.464 Thread 0x00007fa435866000 nmethod 2108 0x0000000117945410 code [0x00000001179455e0, 0x0000000117945878]

GC Heap History (2 events):
Event: 0.576 GC heap before
{Heap before GC invocations=0 (full 0):
 garbage-first heap   total 133120K, used 14048K [0x0000000780000000, 0x0000000800000000)
  region size 1024K, 14 young (14336K), 0 survivors (0K)
 Metaspace       used 3246K, capacity 6543K, committed 6656K, reserved 1056768K
  class space    used 362K, capacity 700K, committed 768K, reserved 1048576K
}
Event: 0.584 GC heap after
{Heap after GC invocations=1 (full 0):
 garbage-first heap   total 133120K, used 2354K [0x0000000780000000, 0x0000000800000000)
  region size 1024K, 2 young (2048K), 2 survivors (2048K)
 Metaspace       used 3246K, capacity 6543K, committed 6656K, reserved 1056768K
  class space    used 362K, capacity 700K, committed 768K, reserved 1048576K
}

Deoptimization events (10 events):
Event: 1.338 Thread 0x00007fa435100800 Uncommon trap: reason=class_check action=maybe_recompile pc=0x000000011eaef370 method=java.lang.String.equals(Ljava/lang/Object;)Z @ 8 c2
Event: 1.338 Thread 0x00007fa435100800 Uncommon trap: reason=class_check action=maybe_recompile pc=0x000000011eaef370 method=java.lang.String.equals(Ljava/lang/Object;)Z @ 8 c2
Event: 1.340 Thread 0x00007fa435100800 Uncommon trap: reason=class_check action=maybe_recompile pc=0x000000011eaef370 method=java.lang.String.equals(Ljava/lang/Object;)Z @ 8 c2
Event: 1.519 Thread 0x00007fa435100800 Uncommon trap: reason=unstable_if action=reinterpret pc=0x000000011eadc9e4 method=java.lang.CharacterData.of(I)Ljava/lang/CharacterData; @ 4 c2
Event: 1.520 Thread 0x00007fa435100800 Uncommon trap: reason=unstable_if action=reinterpret pc=0x000000011ead7208 method=java.lang.String.isLatin1()Z @ 10 c2
Event: 1.521 Thread 0x00007fa435100800 Uncommon trap: reason=unstable_if action=reinterpret pc=0x000000011eada334 method=java.lang.String.isLatin1()Z @ 10 c2
Event: 1.521 Thread 0x00007fa435100800 Uncommon trap: reason=unstable_if action=reinterpret pc=0x000000011eb32358 method=java.lang.String.isLatin1()Z @ 10 c2
Event: 1.679 Thread 0x00007fa435100800 Uncommon trap: reason=unstable_if action=reinterpret pc=0x000000011eb229f0 method=java.io.ByteArrayInputStream.read()I @ 8 c2
Event: 2.672 Thread 0x00007fa435100800 Uncommon trap: reason=unstable_if action=reinterpret pc=0x000000011eb15f9c method=com.sun.javafx.image.impl.ByteBgra$ToByteBgraPreConv.doConvert([BII[BIIII)V @ 31 c2
Event: 3.421 Thread 0x00007fa435100800 Uncommon trap: reason=unstable_if action=reinterpret pc=0x000000011eb71020 method=com.sun.javafx.image.impl.ByteBgra$ToByteBgraPreConv.doConvert([BII[BIIII)V @ 75 c2

Classes redefined (0 events):
No events

Internal exceptions (10 events):
Event: 2.606 Thread 0x00007fa435100800 Exception <a 'java/lang/NoSuchMethodError'{0x000000078564f668}: java.lang.invoke.DirectMethodHandle$Holder.invokeStaticInit(Ljava/lang/Object;Ljava/lang/Object;Ljava/lang/Object;)J> (0x000000078564f668) thrown at [/scratch/mesos/slaves/ae206c0d-865c-4d69-
Event: 2.608 Thread 0x00007fa435100800 Exception <a 'java/lang/NoSuchMethodError'{0x0000000785663b80}: java.lang.invoke.Invokers$Holder.linkToTargetMethod(Ljava/lang/Object;JLjava/lang/Object;)Ljava/lang/Object;> (0x0000000785663b80) thrown at [/scratch/mesos/slaves/ae206c0d-865c-4d69-a16b-c4e
Event: 2.647 Thread 0x00007fa435100800 Exception <a 'java/io/FileNotFoundException'{0x000000078567ec00}> (0x000000078567ec00) thrown at [/scratch/mesos/slaves/ae206c0d-865c-4d69-a16b-c4e90bf2719f-S399/frameworks/1735e8a2-a1db-478c-8104-60c8b0af87dd-0196/executors/d4337cad-8111-46d8-8d39-fb2ce6
Event: 3.391 Thread 0x00007fa435100800 Exception <a 'java/io/FileNotFoundException'{0x000000078552dbc8}> (0x000000078552dbc8) thrown at [/scratch/mesos/slaves/ae206c0d-865c-4d69-a16b-c4e90bf2719f-S399/frameworks/1735e8a2-a1db-478c-8104-60c8b0af87dd-0196/executors/d4337cad-8111-46d8-8d39-fb2ce6
Event: 3.406 Thread 0x00007fa435100800 Exception <a 'java/io/FileNotFoundException'{0x0000000785542170}> (0x0000000785542170) thrown at [/scratch/mesos/slaves/ae206c0d-865c-4d69-a16b-c4e90bf2719f-S399/frameworks/1735e8a2-a1db-478c-8104-60c8b0af87dd-0196/executors/d4337cad-8111-46d8-8d39-fb2ce6
Event: 3.430 Thread 0x00007fa435100800 Exception <a 'java/io/FileNotFoundException'{0x000000078554da48}> (0x000000078554da48) thrown at [/scratch/mesos/slaves/ae206c0d-865c-4d69-a16b-c4e90bf2719f-S399/frameworks/1735e8a2-a1db-478c-8104-60c8b0af87dd-0196/executors/d4337cad-8111-46d8-8d39-fb2ce6
Event: 128.419 Thread 0x00007fa436801800 Exception <a 'java/lang/ClassNotFoundException'{0x0000000787d7d6d8}: sun/awt/resources/spi/awtProvider> (0x0000000787d7d6d8) thrown at [/scratch/mesos/slaves/ae206c0d-865c-4d69-a16b-c4e90bf2719f-S399/frameworks/1735e8a2-a1db-478c-8104-60c8b0af87dd-0196/ex
Event: 128.431 Thread 0x00007fa436801800 Exception <a 'java/io/FileNotFoundException'{0x0000000785417558}> (0x0000000785417558) thrown at [/scratch/mesos/slaves/ae206c0d-865c-4d69-a16b-c4e90bf2719f-S399/frameworks/1735e8a2-a1db-478c-8104-60c8b0af87dd-0196/executors/d4337cad-8111-46d8-8d39-fb2ce6
Event: 128.432 Thread 0x00007fa436801800 Exception <a 'java/io/FileNotFoundException'{0x0000000785418cc0}> (0x0000000785418cc0) thrown at [/scratch/mesos/slaves/ae206c0d-865c-4d69-a16b-c4e90bf2719f-S399/frameworks/1735e8a2-a1db-478c-8104-60c8b0af87dd-0196/executors/d4337cad-8111-46d8-8d39-fb2ce6
Event: 128.457 Thread 0x00007fa436801800 Exception <a 'java/lang/ClassNotFoundException'{0x00000007854327f0}: sun/awt/resources/spi/awtosxProvider> (0x00000007854327f0) thrown at [/scratch/mesos/slaves/ae206c0d-865c-4d69-a16b-c4e90bf2719f-S399/frameworks/1735e8a2-a1db-478c-8104-60c8b0af87dd-0196

Events (10 events):
Event: 128.463 loading class java/beans/ChangeListenerMap done
Event: 128.463 loading class java/beans/PropertyChangeSupport$PropertyChangeListenerMap done
Event: 128.463 loading class java/beans/PropertyChangeListener
Event: 128.463 loading class java/beans/PropertyChangeListener done
Event: 128.463 loading class sun/awt/SunToolkit$ModalityListenerList
Event: 128.463 loading class sun/awt/ModalityListener
Event: 128.463 loading class sun/awt/ModalityListener done
Event: 128.463 loading class sun/awt/SunToolkit$ModalityListenerList done
Event: 128.464 loading class sun/awt/util/ThreadGroupUtils
Event: 128.464 loading class sun/awt/util/ThreadGroupUtils done


Dynamic libraries:
0x00007fff6a1b3000 	/usr/lib/libz.1.dylib
0x0000000109c5a000 	/Library/Java/JavaVirtualMachines/jdk-12.0.2.jdk/Contents/Home/lib/libjli.dylib
0x00007fff3299b000 	/System/Library/Frameworks/Cocoa.framework/Versions/A/Cocoa
0x00007fff3ff67000 	/System/Library/Frameworks/Security.framework/Versions/A/Security
0x00007fff31926000 	/System/Library/Frameworks/ApplicationServices.framework/Versions/A/ApplicationServices
0x00007fff67c86000 	/usr/lib/libSystem.B.dylib
0x00007fff6ac29000 	/usr/lib/system/libcache.dylib
0x00007fff6ac2f000 	/usr/lib/system/libcommonCrypto.dylib
0x00007fff6ac3b000 	/usr/lib/system/libcompiler_rt.dylib
0x00007fff6ac43000 	/usr/lib/system/libcopyfile.dylib
0x00007fff6ac4d000 	/usr/lib/system/libcorecrypto.dylib
0x00007fff6adfb000 	/usr/lib/system/libdispatch.dylib
0x00007fff6ae3d000 	/usr/lib/system/libdyld.dylib
0x00007fff6ae73000 	/usr/lib/system/libkeymgr.dylib
0x00007fff6ae81000 	/usr/lib/system/liblaunch.dylib
0x00007fff6ae82000 	/usr/lib/system/libmacho.dylib
0x00007fff6ae88000 	/usr/lib/system/libquarantine.dylib
0x00007fff6ae8b000 	/usr/lib/system/libremovefile.dylib
0x00007fff6ae8d000 	/usr/lib/system/libsystem_asl.dylib
0x00007fff6aea5000 	/usr/lib/system/libsystem_blocks.dylib
0x00007fff6aea6000 	/usr/lib/system/libsystem_c.dylib
0x00007fff6af2e000 	/usr/lib/system/libsystem_configuration.dylib
0x00007fff6af32000 	/usr/lib/system/libsystem_coreservices.dylib
0x00007fff6af36000 	/usr/lib/system/libsystem_darwin.dylib
0x00007fff6af3f000 	/usr/lib/system/libsystem_dnssd.dylib
0x00007fff6af47000 	/usr/lib/system/libsystem_featureflags.dylib
0x00007fff6af49000 	/usr/lib/system/libsystem_info.dylib
0x00007fff6afc4000 	/usr/lib/system/libsystem_m.dylib
0x00007fff6b00c000 	/usr/lib/system/libsystem_malloc.dylib
0x00007fff6b034000 	/usr/lib/system/libsystem_networkextension.dylib
0x00007fff6b042000 	/usr/lib/system/libsystem_notify.dylib
0x00007fff6b061000 	/usr/lib/system/libsystem_sandbox.dylib
0x00007fff6b066000 	/usr/lib/system/libsystem_secinit.dylib
0x00007fff6af97000 	/usr/lib/system/libsystem_kernel.dylib
0x00007fff6b04c000 	/usr/lib/system/libsystem_platform.dylib
0x00007fff6b056000 	/usr/lib/system/libsystem_pthread.dylib
0x00007fff6b069000 	/usr/lib/system/libsystem_symptoms.dylib
0x00007fff6b071000 	/usr/lib/system/libsystem_trace.dylib
0x00007fff6b089000 	/usr/lib/system/libunwind.dylib
0x00007fff6b08f000 	/usr/lib/system/libxpc.dylib
0x00007fff69ad7000 	/usr/lib/libobjc.A.dylib
0x00007fff67fc0000 	/usr/lib/libc++abi.dylib
0x00007fff67f6c000 	/usr/lib/libc++.1.dylib
0x00007fff33911000 	/System/Library/Frameworks/CoreFoundation.framework/Versions/A/CoreFoundation
0x00007fff35fd6000 	/System/Library/Frameworks/Foundation.framework/Versions/C/Foundation
0x00007fff30b1b000 	/System/Library/Frameworks/AppKit.framework/Versions/C/AppKit
0x00007fff3341e000 	/System/Library/Frameworks/CoreData.framework/Versions/A/CoreData
0x00007fff64531000 	/System/Library/PrivateFrameworks/UIFoundation.framework/Versions/A/UIFoundation
0x00007fff5ed1c000 	/System/Library/PrivateFrameworks/RemoteViewServices.framework/Versions/A/RemoteViewServices
0x00007fff66fc1000 	/System/Library/PrivateFrameworks/XCTTargetBootstrap.framework/Versions/A/XCTTargetBootstrap
0x00007fff33801000 	/System/Library/Frameworks/CoreDisplay.framework/Versions/A/CoreDisplay
0x00007fff38d4e000 	/System/Library/Frameworks/Metal.framework/Versions/A/Metal
0x00007fff4d153000 	/System/Library/PrivateFrameworks/DesktopServicesPriv.framework/Versions/A/DesktopServicesPriv
0x00007fff68dbc000 	/usr/lib/liblangid.dylib
0x00007fff4c2aa000 	/System/Library/PrivateFrameworks/CoreSVG.framework/Versions/A/CoreSVG
0x00007fff61ade000 	/System/Library/PrivateFrameworks/SkyLight.framework/Versions/A/SkyLight
0x00007fff33d93000 	/System/Library/Frameworks/CoreGraphics.framework/Versions/A/CoreGraphics
0x00007fff2f6ba000 	/System/Library/Frameworks/Accelerate.framework/Versions/A/Accelerate
0x00007fff6a0a4000 	/usr/lib/libxml2.2.dylib
0x00007fff57e5b000 	/System/Library/PrivateFrameworks/IconServices.framework/Versions/A/IconServices
0x00007fff367ba000 	/System/Library/Frameworks/IOSurface.framework/Versions/A/IOSurface
0x00007fff677be000 	/usr/lib/libDiagnosticMessagesClient.dylib
0x00007fff4cfcc000 	/System/Library/PrivateFrameworks/DFRFoundation.framework/Versions/A/DFRFoundation
0x00007fff68b4a000 	/usr/lib/libicucore.A.dylib
0x00007fff31c58000 	/System/Library/Frameworks/AudioToolbox.framework/Versions/A/AudioToolbox
0x00007fff31d3a000 	/System/Library/Frameworks/AudioUnit.framework/Versions/A/AudioUnit
0x00007fff67e87000 	/usr/lib/libauto.dylib
0x00007fff4d04d000 	/System/Library/PrivateFrameworks/DataDetectorsCore.framework/Versions/A/DataDetectorsCore
0x00007fff324bb000 	/System/Library/Frameworks/Carbon.framework/Versions/A/Frameworks/HIToolbox.framework/Versions/A/HIToolbox
0x00007fff3f199000 	/System/Library/Frameworks/QuartzCore.framework/Versions/A/QuartzCore
0x00007fff327fa000 	/System/Library/Frameworks/Carbon.framework/Versions/A/Frameworks/SpeechRecognition.framework/Versions/A/SpeechRecognition
0x00007fff4c952000 	/System/Library/PrivateFrameworks/CoreUI.framework/Versions/A/CoreUI
0x00007fff32e84000 	/System/Library/Frameworks/CoreAudio.framework/Versions/A/CoreAudio
0x00007fff35c9e000 	/System/Library/Frameworks/DiskArbitration.framework/Versions/A/DiskArbitration
0x00007fff59e6f000 	/System/Library/PrivateFrameworks/MultitouchSupport.framework/Versions/A/MultitouchSupport
0x00007fff68a10000 	/usr/lib/libenergytrace.dylib
0x00007fff36715000 	/System/Library/Frameworks/IOKit.framework/Versions/A/IOKit
0x00007fff34d01000 	/System/Library/Frameworks/CoreServices.framework/Versions/A/CoreServices
0x00007fff5bf79000 	/System/Library/PrivateFrameworks/PerformanceAnalysis.framework/Versions/A/PerformanceAnalysis
0x00007fff3e1cf000 	/System/Library/Frameworks/OpenGL.framework/Versions/A/OpenGL
0x00007fff329a9000 	/System/Library/Frameworks/ColorSync.framework/Versions/A/ColorSync
0x00007fff3441a000 	/System/Library/Frameworks/CoreImage.framework/Versions/A/CoreImage
0x00007fff35777000 	/System/Library/Frameworks/CoreText.framework/Versions/A/CoreText
0x00007fff36840000 	/System/Library/Frameworks/ImageIO.framework/Versions/A/ImageIO
0x00007fff67fe8000 	/usr/lib/libcompression.dylib
0x00007fff67b00000 	/usr/lib/libMobileGestalt.dylib
0x00007fff63613000 	/System/Library/PrivateFrameworks/TextureIO.framework/Versions/A/TextureIO
0x00007fff67ded000 	/usr/lib/libate.dylib
0x00007fff58064000 	/System/Library/PrivateFrameworks/InternationalSupport.framework/Versions/A/InternationalSupport
0x00007fff68dbe000 	/usr/lib/liblzma.5.dylib
0x00007fff68a38000 	/usr/lib/libfakelink.dylib
0x00007fff67d7a000 	/usr/lib/libarchive.2.dylib
0x00007fff41107000 	/System/Library/Frameworks/SystemConfiguration.framework/Versions/A/SystemConfiguration
0x00007fff676ef000 	/usr/lib/libCRFSuite.dylib
0x00007fff320b0000 	/System/Library/Frameworks/CFNetwork.framework/Versions/A/CFNetwork
0x00007fff67f4e000 	/usr/lib/libbsm.0.dylib
0x00007fff6ae74000 	/usr/lib/system/libkxld.dylib
0x00007fff46a8e000 	/System/Library/PrivateFrameworks/AppleFSCompression.framework/Versions/A/AppleFSCompression
0x00007fff682cf000 	/usr/lib/libcoretls.dylib
0x00007fff682e6000 	/usr/lib/libcoretls_cfhelpers.dylib
0x00007fff69b1b000 	/usr/lib/libpam.2.dylib
0x00007fff69c4e000 	/usr/lib/libsqlite3.dylib
0x00007fff6a091000 	/usr/lib/libxar.1.dylib
0x00007fff67f5f000 	/usr/lib/libbz2.1.0.dylib
0x00007fff68a59000 	/usr/lib/libiconv.2.dylib
0x00007fff67fd5000 	/usr/lib/libcharset.1.dylib
0x00007fff695c2000 	/usr/lib/libnetwork.dylib
0x00007fff69b22000 	/usr/lib/libpcap.A.dylib
0x00007fff67d2f000 	/usr/lib/libapple_nghttp2.dylib
0x00007fff350b8000 	/System/Library/Frameworks/CoreServices.framework/Versions/A/Frameworks/FSEvents.framework/Versions/A/FSEvents
0x00007fff34d88000 	/System/Library/Frameworks/CoreServices.framework/Versions/A/Frameworks/CarbonCore.framework/Versions/A/CarbonCore
0x00007fff352fb000 	/System/Library/Frameworks/CoreServices.framework/Versions/A/Frameworks/Metadata.framework/Versions/A/Metadata
0x00007fff35394000 	/System/Library/Frameworks/CoreServices.framework/Versions/A/Frameworks/OSServices.framework/Versions/A/OSServices
0x00007fff353c2000 	/System/Library/Frameworks/CoreServices.framework/Versions/A/Frameworks/SearchKit.framework/Versions/A/SearchKit
0x00007fff34d02000 	/System/Library/Frameworks/CoreServices.framework/Versions/A/Frameworks/AE.framework/Versions/A/AE
0x00007fff350c1000 	/System/Library/Frameworks/CoreServices.framework/Versions/A/Frameworks/LaunchServices.framework/Versions/A/LaunchServices
0x00007fff3506a000 	/System/Library/Frameworks/CoreServices.framework/Versions/A/Frameworks/DictionaryServices.framework/Versions/A/DictionaryServices
0x00007fff3542a000 	/System/Library/Frameworks/CoreServices.framework/Versions/A/Frameworks/SharedFileList.framework/Versions/A/SharedFileList
0x00007fff3a023000 	/System/Library/Frameworks/NetFS.framework/Versions/A/NetFS
0x00007fff5a39c000 	/System/Library/PrivateFrameworks/NetAuth.framework/Versions/A/NetAuth
0x00007fff6738c000 	/System/Library/PrivateFrameworks/login.framework/Versions/A/Frameworks/loginsupport.framework/Versions/A/loginsupport
0x00007fff6310e000 	/System/Library/PrivateFrameworks/TCC.framework/Versions/A/TCC
0x00007fff4b679000 	/System/Library/PrivateFrameworks/CoreNLP.framework/Versions/A/CoreNLP
0x00007fff5989f000 	/System/Library/PrivateFrameworks/MetadataUtilities.framework/Versions/A/MetadataUtilities
0x00007fff68e96000 	/usr/lib/libmecabra.dylib
0x00007fff68dee000 	/usr/lib/libmecab.dylib
0x00007fff68a49000 	/usr/lib/libgermantok.dylib
0x00007fff67d16000 	/usr/lib/libThaiTokenizer.dylib
0x00007fff67727000 	/usr/lib/libChineseTokenizer.dylib
0x00007fff2f6d2000 	/System/Library/Frameworks/Accelerate.framework/Versions/A/Frameworks/vImage.framework/Versions/A/vImage
0x00007fff30975000 	/System/Library/Frameworks/Accelerate.framework/Versions/A/Frameworks/vecLib.framework/Versions/A/vecLib
0x00007fff308b9000 	/System/Library/Frameworks/Accelerate.framework/Versions/A/Frameworks/vecLib.framework/Versions/A/libvMisc.dylib
0x00007fff306df000 	/System/Library/Frameworks/Accelerate.framework/Versions/A/Frameworks/vecLib.framework/Versions/A/libvDSP.dylib
0x00007fff2fd3e000 	/System/Library/Frameworks/Accelerate.framework/Versions/A/Frameworks/vecLib.framework/Versions/A/libBLAS.dylib
0x00007fff30299000 	/System/Library/Frameworks/Accelerate.framework/Versions/A/Frameworks/vecLib.framework/Versions/A/libLAPACK.dylib
0x00007fff3063f000 	/System/Library/Frameworks/Accelerate.framework/Versions/A/Frameworks/vecLib.framework/Versions/A/libLinearAlgebra.dylib
0x00007fff306cc000 	/System/Library/Frameworks/Accelerate.framework/Versions/A/Frameworks/vecLib.framework/Versions/A/libSparseBLAS.dylib
0x00007fff30655000 	/System/Library/Frameworks/Accelerate.framework/Versions/A/Frameworks/vecLib.framework/Versions/A/libQuadrature.dylib
0x00007fff2ffa8000 	/System/Library/Frameworks/Accelerate.framework/Versions/A/Frameworks/vecLib.framework/Versions/A/libBNNS.dylib
0x00007fff3065b000 	/System/Library/Frameworks/Accelerate.framework/Versions/A/Frameworks/vecLib.framework/Versions/A/libSparse.dylib
0x00007fff58423000 	/System/Library/PrivateFrameworks/LanguageModeling.framework/Versions/A/LanguageModeling
0x00007fff4b015000 	/System/Library/PrivateFrameworks/CoreEmoji.framework/Versions/A/CoreEmoji
0x00007fff58541000 	/System/Library/PrivateFrameworks/LinguisticData.framework/Versions/A/LinguisticData
0x00007fff584f2000 	/System/Library/PrivateFrameworks/Lexicon.framework/Versions/A/Lexicon
0x00007fff67fd6000 	/usr/lib/libcmph.dylib
0x00007fff3cbf5000 	/System/Library/Frameworks/OpenDirectory.framework/Versions/A/Frameworks/CFOpenDirectory.framework/Versions/A/CFOpenDirectory
0x00007fff3cc12000 	/System/Library/Frameworks/OpenDirectory.framework/Versions/A/OpenDirectory
0x00007fff44ee0000 	/System/Library/PrivateFrameworks/APFS.framework/Versions/A/APFS
0x00007fff402ba000 	/System/Library/Frameworks/SecurityFoundation.framework/Versions/A/SecurityFoundation
0x00007fff6a08d000 	/usr/lib/libutil.dylib
0x00007fff4c302000 	/System/Library/PrivateFrameworks/CoreServicesStore.framework/Versions/A/CoreServicesStore
0x00007fff40372000 	/System/Library/Frameworks/ServiceManagement.framework/Versions/A/ServiceManagement
0x00007fff48245000 	/System/Library/PrivateFrameworks/BackgroundTaskManagement.framework/Versions/A/BackgroundTaskManagement
0x00007fff6a18a000 	/usr/lib/libxslt.1.dylib
0x00007fff470f3000 	/System/Library/PrivateFrameworks/AppleSystemInfo.framework/Versions/A/AppleSystemInfo
0x00007fff36a5d000 	/System/Library/Frameworks/ImageIO.framework/Versions/A/Resources/libJPEG.dylib
0x00007fff36d1c000 	/System/Library/Frameworks/ImageIO.framework/Versions/A/Resources/libTIFF.dylib
0x00007fff36cff000 	/System/Library/Frameworks/ImageIO.framework/Versions/A/Resources/libPng.dylib
0x00007fff3699e000 	/System/Library/Frameworks/ImageIO.framework/Versions/A/Resources/libGIF.dylib
0x00007fff369a2000 	/System/Library/Frameworks/ImageIO.framework/Versions/A/Resources/libJP2.dylib
0x00007fff36d1a000 	/System/Library/Frameworks/ImageIO.framework/Versions/A/Resources/libRadiance.dylib
0x00007fff68a11000 	/usr/lib/libexpat.1.dylib
0x00007fff46be9000 	/System/Library/PrivateFrameworks/AppleJPEG.framework/Versions/A/AppleJPEG
0x00007fff4f559000 	/System/Library/PrivateFrameworks/FontServices.framework/libFontParser.dylib
0x00007fff663e3000 	/System/Library/PrivateFrameworks/WatchdogClient.framework/Versions/A/WatchdogClient
0x00007fff57ab0000 	/System/Library/PrivateFrameworks/IOAccelerator.framework/Versions/A/IOAccelerator
0x00007fff390dc000 	/System/Library/Frameworks/MetalPerformanceShaders.framework/Versions/A/MetalPerformanceShaders
0x00007fff542a7000 	/System/Library/PrivateFrameworks/GPUWrangler.framework/Versions/A/GPUWrangler
0x00007fff57abb000 	/System/Library/PrivateFrameworks/IOPresentment.framework/Versions/A/IOPresentment
0x00007fff4cfdf000 	/System/Library/PrivateFrameworks/DSExternalDisplay.framework/Versions/A/DSExternalDisplay
0x00007fff3d57b000 	/System/Library/Frameworks/OpenGL.framework/Versions/A/Libraries/libCoreFSCache.dylib
0x00007fff38e2e000 	/System/Library/Frameworks/MetalPerformanceShaders.framework/Frameworks/MPSCore.framework/Versions/A/MPSCore
0x00007fff38e6b000 	/System/Library/Frameworks/MetalPerformanceShaders.framework/Frameworks/MPSImage.framework/Versions/A/MPSImage
0x00007fff38f2d000 	/System/Library/Frameworks/MetalPerformanceShaders.framework/Frameworks/MPSNeuralNetwork.framework/Versions/A/MPSNeuralNetwork
0x00007fff38ef2000 	/System/Library/Frameworks/MetalPerformanceShaders.framework/Frameworks/MPSMatrix.framework/Versions/A/MPSMatrix
0x00007fff3908d000 	/System/Library/Frameworks/MetalPerformanceShaders.framework/Frameworks/MPSRayIntersector.framework/Versions/A/MPSRayIntersector
0x00007fff38f17000 	/System/Library/Frameworks/MetalPerformanceShaders.framework/Frameworks/MPSNDArray.framework/Versions/A/MPSNDArray
0x00007fff598ec000 	/System/Library/PrivateFrameworks/MetalTools.framework/Versions/A/MetalTools
0x00007fff46097000 	/System/Library/PrivateFrameworks/AggregateDictionary.framework/Versions/A/AggregateDictionary
0x00007fff4aa9f000 	/System/Library/PrivateFrameworks/CoreAnalytics.framework/Versions/A/CoreAnalytics
0x00007fff47011000 	/System/Library/PrivateFrameworks/AppleSauce.framework/Versions/A/AppleSauce
0x00007fff679e3000 	/usr/lib/libIOReport.dylib
0x00007fff3592c000 	/System/Library/Frameworks/CoreVideo.framework/Versions/A/CoreVideo
0x00007fff55713000 	/System/Library/PrivateFrameworks/GraphVisualizer.framework/Versions/A/GraphVisualizer
0x00007fff4eada000 	/System/Library/PrivateFrameworks/FaceCore.framework/Versions/A/FaceCore
0x00007fff3cb9c000 	/System/Library/Frameworks/OpenCL.framework/Versions/A/OpenCL
0x00007fff67805000 	/usr/lib/libFosl_dynamic.dylib
0x00007fff5ad97000 	/System/Library/PrivateFrameworks/OTSVG.framework/Versions/A/OTSVG
0x00007fff31a2b000 	/System/Library/Frameworks/ApplicationServices.framework/Versions/A/Frameworks/ATS.framework/Versions/A/Resources/libFontRegistry.dylib
0x00007fff4f72a000 	/System/Library/PrivateFrameworks/FontServices.framework/libhvf.dylib
0x00007fff3d586000 	/System/Library/Frameworks/OpenGL.framework/Versions/A/Libraries/libGFXShared.dylib
0x00007fff3d763000 	/System/Library/Frameworks/OpenGL.framework/Versions/A/Libraries/libGLU.dylib
0x00007fff3d58f000 	/System/Library/Frameworks/OpenGL.framework/Versions/A/Libraries/libGL.dylib
0x00007fff3d59a000 	/System/Library/Frameworks/OpenGL.framework/Versions/A/Libraries/libGLImage.dylib
0x00007fff3d578000 	/System/Library/Frameworks/OpenGL.framework/Versions/A/Libraries/libCVMSPluginSupport.dylib
0x00007fff3d581000 	/System/Library/Frameworks/OpenGL.framework/Versions/A/Libraries/libCoreVMClient.dylib
0x00007fff69464000 	/usr/lib/libncurses.5.4.dylib
0x00007fff31927000 	/System/Library/Frameworks/ApplicationServices.framework/Versions/A/Frameworks/ATS.framework/Versions/A/ATS
0x00007fff31af4000 	/System/Library/Frameworks/ApplicationServices.framework/Versions/A/Frameworks/ColorSyncLegacy.framework/Versions/A/ColorSyncLegacy
0x00007fff31b93000 	/System/Library/Frameworks/ApplicationServices.framework/Versions/A/Frameworks/HIServices.framework/Versions/A/HIServices
0x00007fff31bea000 	/System/Library/Frameworks/ApplicationServices.framework/Versions/A/Frameworks/LangAnalysis.framework/Versions/A/LangAnalysis
0x00007fff31bf9000 	/System/Library/Frameworks/ApplicationServices.framework/Versions/A/Frameworks/PrintCore.framework/Versions/A/PrintCore
0x00007fff31c3f000 	/System/Library/Frameworks/ApplicationServices.framework/Versions/A/Frameworks/QD.framework/Versions/A/QD
0x00007fff31c4a000 	/System/Library/Frameworks/ApplicationServices.framework/Versions/A/Frameworks/SpeechSynthesis.framework/Versions/A/SpeechSynthesis
0x00007fff31ac4000 	/System/Library/Frameworks/ApplicationServices.framework/Versions/A/Frameworks/ATSUI.framework/Versions/A/ATSUI
0x00007fff688a5000 	/usr/lib/libcups.2.dylib
0x00007fff3818b000 	/System/Library/Frameworks/Kerberos.framework/Versions/A/Kerberos
0x00007fff3640b000 	/System/Library/Frameworks/GSS.framework/Versions/A/GSS
0x00007fff69bda000 	/usr/lib/libresolv.9.dylib
0x00007fff558b4000 	/System/Library/PrivateFrameworks/Heimdal.framework/Versions/A/Heimdal
0x00007fff3819e000 	/System/Library/Frameworks/Kerberos.framework/Versions/A/Libraries/libHeimdalProxy.dylib
0x00007fff68a4f000 	/usr/lib/libheimdal-asn1.dylib
0x00007fff49f45000 	/System/Library/PrivateFrameworks/CommonAuth.framework/Versions/A/CommonAuth
0x00007fff47190000 	/System/Library/PrivateFrameworks/AssertionServices.framework/Versions/A/AssertionServices
0x00007fff47d33000 	/System/Library/PrivateFrameworks/AudioToolboxCore.framework/Versions/A/AudioToolboxCore
0x00007fff6703d000 	/System/Library/PrivateFrameworks/caulk.framework/Versions/A/caulk
0x00007fff482f1000 	/System/Library/PrivateFrameworks/BaseBoard.framework/Versions/A/BaseBoard
0x00007fff5eeab000 	/System/Library/PrivateFrameworks/RunningBoardServices.framework/Versions/A/RunningBoardServices
0x00007fff5bf85000 	/System/Library/PrivateFrameworks/PersistentConnection.framework/Versions/A/PersistentConnection
0x00007fff5e8fa000 	/System/Library/PrivateFrameworks/ProtocolBuffer.framework/Versions/A/ProtocolBuffer
0x00007fff49f6a000 	/System/Library/PrivateFrameworks/CommonUtilities.framework/Versions/A/CommonUtilities
0x00007fff48474000 	/System/Library/PrivateFrameworks/Bom.framework/Versions/A/Bom
0x00007fff676b2000 	/usr/lib/libAudioToolboxUtility.dylib
0x00007fff4824f000 	/System/Library/PrivateFrameworks/Backup.framework/Versions/A/Backup
0x00007fff4cd4f000 	/System/Library/PrivateFrameworks/CrashReporterSupport.framework/Versions/A/CrashReporterSupport
0x00007fff609a2000 	/System/Library/PrivateFrameworks/Sharing.framework/Versions/A/Sharing
0x00007fff46934000 	/System/Library/PrivateFrameworks/Apple80211.framework/Versions/A/Apple80211
0x00007fff47f71000 	/System/Library/PrivateFrameworks/AuthKit.framework/Versions/A/AuthKit
0x00007fff4ca7f000 	/System/Library/PrivateFrameworks/CoreUtils.framework/Versions/A/CoreUtils
0x00007fff35971000 	/System/Library/Frameworks/CoreWLAN.framework/Versions/A/CoreWLAN
0x00007fff36596000 	/System/Library/Frameworks/IOBluetooth.framework/Versions/A/IOBluetooth
0x00007fff59bea000 	/System/Library/PrivateFrameworks/MobileKeyBag.framework/Versions/A/MobileKeyBag
0x00007fff4bb55000 	/System/Library/PrivateFrameworks/CorePhoneNumbers.framework/Versions/A/CorePhoneNumbers
0x00007fff46b9c000 	/System/Library/PrivateFrameworks/AppleIDAuthSupport.framework/Versions/A/AppleIDAuthSupport
0x00007fff3a030000 	/System/Library/Frameworks/Network.framework/Versions/A/Network
0x00007fff582ab000 	/System/Library/PrivateFrameworks/KeychainCircle.framework/Versions/A/KeychainCircle
0x00007fff333e6000 	/System/Library/Frameworks/CoreBluetooth.framework/Versions/A/CoreBluetooth
0x00007fff6261e000 	/System/Library/PrivateFrameworks/SpeechRecognitionCore.framework/Versions/A/SpeechRecognitionCore
0x000000010a600000 	/Library/Java/JavaVirtualMachines/jdk-12.0.2.jdk/Contents/Home/lib/server/libjvm.dylib
0x0000000109c78000 	/Library/Java/JavaVirtualMachines/jdk-12.0.2.jdk/Contents/Home/lib/libverify.dylib
0x0000000109c84000 	/Library/Java/JavaVirtualMachines/jdk-12.0.2.jdk/Contents/Home/lib/libjava.dylib
0x0000000109d0a000 	/Library/Java/JavaVirtualMachines/jdk-12.0.2.jdk/Contents/Home/lib/libzip.dylib
0x0000000109d12000 	/Library/Java/JavaVirtualMachines/jdk-12.0.2.jdk/Contents/Home/lib/libjimage.dylib
0x0000000116dfb000 	/Library/Java/JavaVirtualMachines/jdk-12.0.2.jdk/Contents/Home/lib/libnio.dylib
0x0000000116e09000 	/Library/Java/JavaVirtualMachines/jdk-12.0.2.jdk/Contents/Home/lib/libnet.dylib
0x000000012c418000 	/Users/vincedollo/Documents/bibliJava/javafx-sdk-14.0.1/lib/libprism_es2.dylib
0x00007fff4c2ce000 	/System/Library/PrivateFrameworks/CoreServicesInternal.framework/Versions/A/CoreServicesInternal
0x00007fff3e1df000 	/System/Library/Frameworks/OpenGL.framework/Versions/A/Resources/GLEngine.bundle/GLEngine
0x00007fff3d5d0000 	/System/Library/Frameworks/OpenGL.framework/Versions/A/Libraries/libGLProgrammability.dylib
0x00007fff2b7b6000 	/System/Library/Extensions/AppleIntelKBLGraphicsGLDriver.bundle/Contents/MacOS/AppleIntelKBLGraphicsGLDriver
0x00007fff5429b000 	/System/Library/PrivateFrameworks/GPUSupport.framework/Versions/A/Libraries/libGPUSupportMercury.dylib
0x00007fff3e359000 	/System/Library/Frameworks/OpenGL.framework/Versions/A/Resources/GLRendererFloat.bundle/GLRendererFloat
0x00007fff3cb93000 	/System/Library/Frameworks/OpenCL.framework/Versions/A/Libraries/libcldcpuengine.dylib
0x00007fff6848a000 	/usr/lib/libcrypto.35.dylib
0x00007fff63857000 	/System/Library/PrivateFrameworks/TrustEvaluationAgent.framework/Versions/A/TrustEvaluationAgent
0x000000012c9ad000 	/Users/vincedollo/Documents/bibliJava/javafx-sdk-14.0.1/lib/libglass.dylib
0x00007fff35e98000 	/System/Library/Frameworks/FileProvider.framework/Versions/A/FileProvider
0x00007fff30976000 	/System/Library/Frameworks/Accounts.framework/Versions/A/Accounts
0x00007fff545c9000 	/System/Library/PrivateFrameworks/GenerationalStorage.framework/Versions/A/GenerationalStorage
0x00007fff4c833000 	/System/Library/PrivateFrameworks/CoreSymbolication.framework/Versions/A/CoreSymbolication
0x00007fff62e4f000 	/System/Library/PrivateFrameworks/SymptomDiagnosticReporter.framework/Versions/A/SymptomDiagnosticReporter
0x00007fff46425000 	/System/Library/PrivateFrameworks/AppContainer.framework/Versions/A/AppContainer
0x00007fff69bf4000 	/usr/lib/libsandbox.1.dylib
0x00007fff6537f000 	/System/Library/PrivateFrameworks/UserManagement.framework/Versions/A/UserManagement
0x00007fff49036000 	/System/Library/PrivateFrameworks/ChunkingLibrary.framework/Versions/A/ChunkingLibrary
0x00007fff4d114000 	/System/Library/PrivateFrameworks/DebugSymbols.framework/Versions/A/DebugSymbols
0x00007fff46497000 	/System/Library/PrivateFrameworks/AppSandbox.framework/Versions/A/AppSandbox
0x00007fff6082c000 	/System/Library/PrivateFrameworks/SecCodeWrapper.framework/Versions/A/SecCodeWrapper
0x00007fff67ac9000 	/usr/lib/libMatch.1.dylib
0x00007fff27f96000 	/System/Library/CoreServices/RawCamera.bundle/Contents/MacOS/RawCamera
0x00007fff59a14000 	/System/Library/PrivateFrameworks/MobileAsset.framework/Versions/A/MobileAsset
0x00007fff62cfd000 	/System/Library/PrivateFrameworks/StreamingZip.framework/Versions/A/StreamingZip
0x00007fff38607000 	/System/Library/Frameworks/MediaToolbox.framework/Versions/A/MediaToolbox
0x00007fff4aa4e000 	/System/Library/PrivateFrameworks/CoreAVCHD.framework/Versions/A/CoreAVCHD
0x00007fff38531000 	/System/Library/Frameworks/MediaAccessibility.framework/Versions/A/MediaAccessibility
0x00007fff58ddf000 	/System/Library/PrivateFrameworks/Mangrove.framework/Versions/A/Mangrove
0x00007fff34b3b000 	/System/Library/Frameworks/CoreMedia.framework/Versions/A/CoreMedia
0x00007fff5904b000 	/System/Library/PrivateFrameworks/MediaExperience.framework/Versions/A/MediaExperience
0x00007fff413ed000 	/System/Library/Frameworks/VideoToolbox.framework/Versions/A/VideoToolbox
0x00007fff4a678000 	/System/Library/PrivateFrameworks/CoreAUC.framework/Versions/A/CoreAUC
0x00007fff69c4c000 	/usr/lib/libspindump.dylib
0x00007fff476de000 	/System/Library/PrivateFrameworks/AudioResourceArbitration.framework/Versions/A/AudioResourceArbitration
0x00007fff470f7000 	/System/Library/PrivateFrameworks/AppleVA.framework/Versions/A/AppleVA
0x00007fff2f6bb000 	/System/Library/Frameworks/Accelerate.framework/Versions/A/Frameworks/vImage.framework/Versions/A/Libraries/libCGInterfaces.dylib
0x000000012e594000 	/usr/lib/libobjc-trampolines.dylib
0x00007fff66153000 	/System/Library/PrivateFrameworks/ViewBridge.framework/Versions/A/ViewBridge
0x00007fff4f691000 	/System/Library/PrivateFrameworks/FontServices.framework/libTrueTypeScaler.dylib
0x00007fff2c5df000 	/System/Library/Extensions/AppleIntelKBLGraphicsMTLDriver.bundle/Contents/MacOS/AppleIntelKBLGraphicsMTLDriver
0x00007fff52bff000 	/System/Library/PrivateFrameworks/GPUCompiler.framework/Versions/3902/Libraries/libmetal_timestamp.dylib
0x0000000130588000 	/Users/vincedollo/Documents/bibliJava/javafx-sdk-14.0.1/lib/libjavafx_font.dylib
0x00007fff6738f000 	/System/Library/PrivateFrameworks/login.framework/Versions/A/login
0x00007fff62eca000 	/System/Library/PrivateFrameworks/SystemAdministration.framework/Versions/A/SystemAdministration
0x00007fff4d4a5000 	/System/Library/PrivateFrameworks/DiskManagement.framework/Versions/A/DiskManagement
0x00007fff35bc2000 	/System/Library/Frameworks/DirectoryService.framework/Versions/A/DirectoryService
0x00007fff4d3dc000 	/System/Library/PrivateFrameworks/DiskImages.framework/Versions/A/DiskImages
0x00007fff585e9000 	/System/Library/PrivateFrameworks/LoginUIKit.framework/Versions/A/Frameworks/LoginUICore.framework/Versions/A/LoginUICore
0x00007fff67732000 	/usr/lib/libCoreStorage.dylib
0x00007fff68892000 	/usr/lib/libcsfde.dylib
0x00007fff69b09000 	/usr/lib/libodfde.dylib
0x00007fff590d6000 	/System/Library/PrivateFrameworks/MediaKit.framework/Versions/A/MediaKit
0x00007fff35bce000 	/System/Library/Frameworks/DiscRecording.framework/Versions/A/DiscRecording
0x00007fff4d654000 	/System/Library/PrivateFrameworks/EFILogin.framework/Versions/A/EFILogin
0x00007fff5e89f000 	/System/Library/PrivateFrameworks/ProtectedCloudStorage.framework/Versions/A/ProtectedCloudStorage
0x00007fff68906000 	/usr/lib/libcurl.4.dylib
0x00007fff6878b000 	/usr/lib/libcrypto.44.dylib
0x00007fff69f2f000 	/usr/lib/libssl.46.dylib
0x00007fff3819f000 	/System/Library/Frameworks/LDAP.framework/Versions/A/LDAP
0x00007fff69c39000 	/usr/lib/libsasl2.2.dylib
0x00007fff4ad89000 	/System/Library/PrivateFrameworks/CoreDaemon.framework/Versions/B/CoreDaemon
0x00007fff4700c000 	/System/Library/PrivateFrameworks/AppleSRP.framework/Versions/A/AppleSRP
0x0000000130d89000 	/Library/Java/JavaVirtualMachines/jdk-12.0.2.jdk/Contents/Home/lib/libawt.dylib
0x00000001311a2000 	/Library/Java/JavaVirtualMachines/jdk-12.0.2.jdk/Contents/Home/lib/libmlib_image.dylib
0x00007fff38174000 	/System/Library/Frameworks/JavaVM.framework/Versions/A/Frameworks/JavaNativeFoundation.framework/Versions/A/JavaNativeFoundation
0x00007fff3817d000 	/System/Library/Frameworks/JavaVM.framework/Versions/A/Frameworks/JavaRuntimeSupport.framework/Versions/A/JavaRuntimeSupport
0x00007fff38186000 	/System/Library/Frameworks/JavaVM.framework/Versions/A/JavaVM
0x00007fff5810e000 	/System/Library/PrivateFrameworks/JavaLaunching.framework/Versions/A/JavaLaunching
0x00007fff324b6000 	/System/Library/Frameworks/Carbon.framework/Versions/A/Carbon
0x00007fff324b7000 	/System/Library/Frameworks/Carbon.framework/Versions/A/Frameworks/CommonPanels.framework/Versions/A/CommonPanels
0x00007fff327b0000 	/System/Library/Frameworks/Carbon.framework/Versions/A/Frameworks/Help.framework/Versions/A/Help
0x00007fff327b4000 	/System/Library/Frameworks/Carbon.framework/Versions/A/Frameworks/ImageCapture.framework/Versions/A/ImageCapture
0x00007fff327bb000 	/System/Library/Frameworks/Carbon.framework/Versions/A/Frameworks/OpenScripting.framework/Versions/A/OpenScripting
0x00007fff327ba000 	/System/Library/Frameworks/Carbon.framework/Versions/A/Frameworks/Ink.framework/Versions/A/Ink
0x00007fff327f6000 	/System/Library/Frameworks/Carbon.framework/Versions/A/Frameworks/Print.framework/Versions/A/Print
0x00007fff327f7000 	/System/Library/Frameworks/Carbon.framework/Versions/A/Frameworks/SecurityHI.framework/Versions/A/SecurityHI
0x0000000131207000 	/Library/Java/JavaVirtualMachines/jdk-12.0.2.jdk/Contents/Home/lib/libawt_lwawt.dylib
0x0000000130c31000 	/Library/Java/JavaVirtualMachines/jdk-12.0.2.jdk/Contents/Home/lib/libosxapp.dylib
0x00007fff35e79000 	/System/Library/Frameworks/ExceptionHandling.framework/Versions/A/ExceptionHandling
0x00000001314b1000 	/Library/Java/JavaVirtualMachines/jdk-12.0.2.jdk/Contents/Home/lib/libfontmanager.dylib
0x00000001315b0000 	/Library/Java/JavaVirtualMachines/jdk-12.0.2.jdk/Contents/Home/lib/libfreetype.dylib


VM Arguments:
jvm_args: --module-path=/Users/vincedollo/Documents/bibliJava/javafx-sdk-14.0.1/lib --add-modules=javafx.controls,javafx.fxml -Dfile.encoding=UTF-8 
java_command: main.Main
java_class_path (initial): /Users/vincedollo/git/ProjetIoT/ProjetIoT/bin:/Users/vincedollo/Documents/bibliJava/javafx-sdk-14.0.1/lib/javafx-swt.jar:/Users/vincedollo/Documents/bibliJava/javafx-sdk-14.0.1/lib/javafx.base.jar:/Users/vincedollo/Documents/bibliJava/javafx-sdk-14.0.1/lib/javafx.controls.jar:/Users/vincedollo/Documents/bibliJava/javafx-sdk-14.0.1/lib/javafx.fxml.jar:/Users/vincedollo/Documents/bibliJava/javafx-sdk-14.0.1/lib/javafx.graphics.jar:/Users/vincedollo/Documents/bibliJava/javafx-sdk-14.0.1/lib/javafx.media.jar:/Users/vincedollo/Documents/bibliJava/javafx-sdk-14.0.1/lib/javafx.swing.jar:/Users/vincedollo/Documents/bibliJava/javafx-sdk-14.0.1/lib/javafx.web.jar:/Users/vincedollo/Documents/bibliJava/javafx-sdk-14.0.1/lib/src.zip
Launcher Type: SUN_STANDARD

[Global flags]
     intx CICompilerCount                          = 3                                         {product} {ergonomic}
     uint ConcGCThreads                            = 1                                         {product} {ergonomic}
     uint G1ConcRefinementThreads                  = 4                                         {product} {ergonomic}
   size_t G1HeapRegionSize                         = 1048576                                   {product} {ergonomic}
    uintx GCDrainStackTargetSize                   = 64                                        {product} {ergonomic}
   size_t InitialHeapSize                          = 134217728                                 {product} {ergonomic}
   size_t MarkStackSize                            = 4194304                                   {product} {ergonomic}
   size_t MaxHeapSize                              = 2147483648                                {product} {ergonomic}
   size_t MaxNewSize                               = 1287651328                                {product} {ergonomic}
   size_t MinHeapDeltaBytes                        = 1048576                                   {product} {ergonomic}
    uintx NonNMethodCodeHeapSize                   = 5830732                                {pd product} {ergonomic}
    uintx NonProfiledCodeHeapSize                  = 122913754                              {pd product} {ergonomic}
    uintx ProfiledCodeHeapSize                     = 122913754                              {pd product} {ergonomic}
    uintx ReservedCodeCacheSize                    = 251658240                              {pd product} {ergonomic}
     bool SegmentedCodeCache                       = true                                      {product} {ergonomic}
     bool UseCompressedClassPointers               = true                                 {lp64_product} {ergonomic}
     bool UseCompressedOops                        = true                                 {lp64_product} {ergonomic}
     bool UseG1GC                                  = true                                      {product} {ergonomic}

Logging:
Log output configuration:
 #0: stdout all=warning uptime,level,tags
 #1: stderr all=off uptime,level,tags

Environment Variables:
PATH=/usr/bin:/bin:/usr/sbin:/sbin
SHELL=/bin/zsh

Signal Handlers:
SIGSEGV: [libjvm.dylib+0x735418], sa_mask[0]=11111111011111110111111111111111, sa_flags=SA_ONSTACK|SA_RESTART|SA_SIGINFO
SIGBUS: [libjvm.dylib+0x735418], sa_mask[0]=11111111011111110111111111111111, sa_flags=SA_RESTART|SA_SIGINFO
SIGFPE: [libjvm.dylib+0x735418], sa_mask[0]=11111111011111110111111111111111, sa_flags=SA_RESTART|SA_SIGINFO
SIGPIPE: [libjvm.dylib+0x5dce9e], sa_mask[0]=11111111011111110111111111111111, sa_flags=SA_RESTART|SA_SIGINFO
SIGXFSZ: [libjvm.dylib+0x5dce9e], sa_mask[0]=11111111011111110111111111111111, sa_flags=SA_RESTART|SA_SIGINFO
SIGILL: [libjvm.dylib+0x735418], sa_mask[0]=11111111011111110111111111111111, sa_flags=SA_RESTART|SA_SIGINFO
SIGUSR2: [libjvm.dylib+0x5dd483], sa_mask[0]=00100000000000000000000000000000, sa_flags=SA_RESTART|SA_SIGINFO
SIGHUP: [libjvm.dylib+0x5dc143], sa_mask[0]=11111111011111110111111111111111, sa_flags=SA_RESTART|SA_SIGINFO
SIGINT: [libjvm.dylib+0x5dc143], sa_mask[0]=11111111011111110111111111111111, sa_flags=SA_RESTART|SA_SIGINFO
SIGTERM: [libjvm.dylib+0x5dc143], sa_mask[0]=11111111011111110111111111111111, sa_flags=SA_RESTART|SA_SIGINFO
SIGQUIT: [libjvm.dylib+0x5dc143], sa_mask[0]=11111111011111110111111111111111, sa_flags=SA_RESTART|SA_SIGINFO


---------------  S Y S T E M  ---------------

OS:uname:Darwin 19.2.0 Darwin Kernel Version 19.2.0: Sat Nov  9 03:47:04 PST 2019; root:xnu-6153.61.1~20/RELEASE_X86_64 x86_64
rlimit: STACK 8192k, CORE 0k, NPROC 1392, NOFILE 10240, AS infinity, DATA infinity, FSIZE infinity
load average:3.01 2.62 2.27

CPU:total 4 (initial active 4) (2 cores per cpu, 2 threads per core) family 6 model 142 stepping 9, cmov, cx8, fxsr, mmx, sse, sse2, sse3, ssse3, sse4.1, sse4.2, popcnt, avx, avx2, aes, clmul, erms, rtm, 3dnowpref, lzcnt, ht, tsc, tscinvbit, bmi1, bmi2, adx, fma

Memory: 4k page, physical 8388608k(715948k free)

vm_info: Java HotSpot(TM) 64-Bit Server VM (12.0.2+10) for bsd-amd64 JRE (12.0.2+10), built on Jul 16 2019 00:56:38 by "mach5one" with gcc 4.2.1 Compatible Apple LLVM 9.1.0 (clang-902.0.39.2)

END.
