#
# A fatal error has been detected by the Java Runtime Environment:
#
#  SIGSEGV (0xb) at pc=0x00000001282f5334, pid=4238, tid=775
#
# JRE version: Java(TM) SE Runtime Environment (9.0+11) (build 9.0.1+11)
# Java VM: Java HotSpot(TM) 64-Bit Server VM (9.0.1+11, mixed mode, tiered, compressed oops, g1 gc, bsd-amd64)
# Problematic frame:
# C  [libglass.dylib+0x6334]  -[GlassApplication applicationWillHide:]+0xd4
#
# No core dump will be written. Core dumps have been disabled. To enable core dumping, try "ulimit -c unlimited" before starting Java again
#
# If you would like to submit a bug report, please visit:
#   http://bugreport.java.com/bugreport/crash.jsp
#

---------------  S U M M A R Y ------------

Command Line: -Dfile.encoding=UTF-8 main.Main

Host: MacBookPro14,1 x86_64 2300 MHz, 4 cores, 8G, Darwin 18.7.0
Time: Mon May 25 14:50:03 2020 CEST elapsed time: 36 seconds (0d 0h 0m 36s)

---------------  T H R E A D  ---------------

Current thread is native thread

Stack: [0x00007ffeeaf7c000,0x00007ffeeb77c000],  sp=0x00007ffeeb777c20,  free space=8175k
Native frames: (J=compiled Java code, A=aot compiled Java code, j=interpreted, Vv=VM code, C=native code)
C  [libglass.dylib+0x6334]  -[GlassApplication applicationWillHide:]+0xd4
C  [CoreFoundation+0x9db96]  __CFNOTIFICATIONCENTER_IS_CALLING_OUT_TO_AN_OBSERVER__+0xc
C  [CoreFoundation+0x9db10]  ___CFXRegistrationPost_block_invoke+0x3f
C  [CoreFoundation+0x9da7a]  _CFXRegistrationPost+0x194
C  [CoreFoundation+0xa5f28]  ___CFXNotificationPost_block_invoke+0x57
C  [CoreFoundation+0xe8b4]  -[_CFXNotificationRegistrar find:object:observer:enumerator:]+0x66a
C  [CoreFoundation+0xdc67]  _CFXNotificationPost+0x2dc
C  [Foundation+0x11f5b]  -[NSNotificationCenter postNotificationName:object:userInfo:]+0x42
C  [AppKit+0x563bb]  -[NSApplication _doHideMaybeFakingIt:]+0x111
C  [AppKit+0x56225]  _hideShowHandler+0x89
C  [HIToolbox+0x922e]  DispatchEventToHandlers(EventTargetRec*, OpaqueEventRef*, HandlerCallRec*)+0x58e
C  [HIToolbox+0x85df]  SendEventToEventTargetInternal(OpaqueEventRef*, OpaqueEventTargetRef*, HandlerCallRec*)+0x173
C  [HIToolbox+0x259b6]  SendEventToEventTarget+0x27
C  [AppKit+0x1a986]  _DPSNextEvent+0x658
C  [AppKit+0x1948b]  -[NSApplication(NSEvent) _nextEventMatchingEventMask:untilDate:inMode:dequeue:]+0x551
C  [AppKit+0x135a8]  -[NSApplication run]+0x2bb
C  [libosxapp.dylib+0x1d3a]  +[NSApplicationAWT runAWTLoopWithApp:]+0x9d
C  [libawt_lwawt.dylib+0x3a544]  +[AWTStarter starter:headless:]+0x342
C  [JavaNativeFoundation+0x6fce]  +[JNFRunLoop _performCopiedBlock:]+0x11
C  [Foundation+0xb0742]  __NSThreadPerformPerform+0x148
C  [CoreFoundation+0x57683]  __CFRUNLOOP_IS_CALLING_OUT_TO_A_SOURCE0_PERFORM_FUNCTION__+0x11
C  [CoreFoundation+0x57629]  __CFRunLoopDoSource0+0x6c
C  [CoreFoundation+0x3afeb]  __CFRunLoopDoSources0+0xc3
C  [CoreFoundation+0x3a5b5]  __CFRunLoopRun+0x4a5
C  [CoreFoundation+0x39ebe]  CFRunLoopRunSpecific+0x1c7
C  [java+0x6b2e]  CreateExecutionEnvironment+0x35c
C  [java+0x2c65]  JLI_Launch+0x5a9
C  [java+0x1b62]  main+0x186
C  [java+0x19d4]  start+0x34


siginfo: si_signo: 11 (SIGSEGV), si_code: 1 (SEGV_MAPERR), si_addr: 0x0000000000000000

Register to memory mapping:

RAX=0x00007fdaa4e94b60 is an unknown value
RBX=0x0000000000000000 is an unknown value
RCX=0x0000000000000008 is an unknown value
RDX=0x0000000000000000 is an unknown value
RSP=0x00007ffeeb777c20 is an unknown value
RBP=0x00007ffeeb778050 is an unknown value
RSI=0x00007fff3b9f06c0: GCC_except_table7+0x24 in /System/Library/Frameworks/AppKit.framework/Versions/C/AppKit at 0x00007fff3ae53000
RDI=0x00007fdaa6000088 is an unknown value
R8 =0x0000000000000000 is an unknown value
R9 =0x00007fdaa4e94b60 is an unknown value
R10=0x00007fff98fe4328: OBJC_CLASS_$_NSAutoreleasePool+0 in /System/Library/Frameworks/Foundation.framework/Versions/C/Foundation at 0x00007fff3fabe000
R11=0x00007fdaa4e3dbd0 is an unknown value
R12=0x00007fff67fed680: objc_msgSend+0 in /usr/lib/libobjc.A.dylib at 0x00007fff67fe7000
R13=0x0000000128334660: jEnv+0 in /Library/Java/JavaVirtualMachines/jdk-9.0.1.jdk/Contents/Home/lib/libglass.dylib at 0x00000001282ef000
R14=0x00007fdaa4e90f70 is an unknown value
R15=0x00007fdaa4e94b60 is an unknown value


Registers:
RAX=0x00007fdaa4e94b60, RBX=0x0000000000000000, RCX=0x0000000000000008, RDX=0x0000000000000000
RSP=0x00007ffeeb777c20, RBP=0x00007ffeeb778050, RSI=0x00007fff3b9f06c0, RDI=0x00007fdaa6000088
R8 =0x0000000000000000, R9 =0x00007fdaa4e94b60, R10=0x00007fff98fe4328, R11=0x00007fdaa4e3dbd0
R12=0x00007fff67fed680, R13=0x0000000128334660, R14=0x00007fdaa4e90f70, R15=0x00007fdaa4e94b60
RIP=0x00000001282f5334, EFLAGS=0x0000000000010206, ERR=0x0000000000000004
  TRAPNO=0x000000000000000e

Top of Stack: (sp=0x00007ffeeb777c20)
0x00007ffeeb777c20:   00000001282f52d5 00007fff3d8d9b96
0x00007ffeeb777c30:   00007fff3d8d9b10 00007fff3d8d9a7a
0x00007ffeeb777c40:   00007fff3d8e1f28 00007fff3d84a8b4
0x00007ffeeb777c50:   00007fff3d849c67 00007fff3facff5b
0x00007ffeeb777c60:   00007fff3aea93bb 00007fff3aea9225
0x00007ffeeb777c70:   00007fff3cad322e 00007fff3cad25df
0x00007ffeeb777c80:   00007fff3caef9b6 00007fff3ae6d986
0x00007ffeeb777c90:   00007fff3ae6c48b 00007fff3ae665a8
0x00007ffeeb777ca0:   0000000127744d3a 000000012c958544
0x00007ffeeb777cb0:   00007fff41999fce 00007fff3fb6e742
0x00007ffeeb777cc0:   00007fff3d893683 00007fff3d893629
0x00007ffeeb777cd0:   00007fff3d876feb 00007fff3d8765b5
0x00007ffeeb777ce0:   00007fff3d875ebe 000000010448ab2e
0x00007ffeeb777cf0:   0000000104486c65 0000000104485b62
0x00007ffeeb777d00:   00000001044859d4 0000000000000000
0x00007ffeeb777d10:   0000000000000000 0000000000000000
0x00007ffeeb777d20:   0000000000000000 0000000000000000
0x00007ffeeb777d30:   0000000000000000 0000000000000000
0x00007ffeeb777d40:   0000000000000000 0000000000000000
0x00007ffeeb777d50:   0000000000000000 0000000000000000
0x00007ffeeb777d60:   0000000000000000 0000000000000000
0x00007ffeeb777d70:   00007fff9fda6308 ffff80255b2cb520
0x00007ffeeb777d80:   0000000000000001 00007fdaa4d34ae0
0x00007ffeeb777d90:   00007ffeeb777de0 00007fff67ff5039
0x00007ffeeb777da0:   ffff80255b2cb520 00007fdaa6c118a0
0x00007ffeeb777db0:   00007fff9fda6300 00007fdaa6000010
0x00007ffeeb777dc0:   a3a3a3a3a3a3a3a3 0000000000000002
0x00007ffeeb777dd0:   00007fdaa6000068 00007fdaa6000000
0x00007ffeeb777de0:   00007ffeeb778220 00007fff67ff048a
0x00007ffeeb777df0:   0000000000000000 0000000000000000
0x00007ffeeb777e00:   0000000000000000 0000000000000000
0x00007ffeeb777e10:   0000000000000000 0000000000000000 

Instructions: (pc=0x00000001282f5334)
0x00000001282f5314:   8b 35 e6 a2 03 00 4c 8b 25 5f 2e 03 00 41 ff d4
0x00000001282f5324:   48 8b 35 85 a2 03 00 48 89 c7 41 ff d4 49 89 c7
0x00000001282f5334:   48 8b 03 4c 8b a8 e8 01 00 00 48 8b 05 eb bf 03
0x00000001282f5344:   00 4d 8b 34 06 48 8b 3d 00 b5 03 00 48 8b 35 e1 


---------------  P R O C E S S  ---------------

VM state:not at safepoint (normal execution)

VM Mutex/Monitor currently owned by a thread: None

Heap address: 0x0000000740000000, size: 2048 MB, Compressed Oops mode: Zero based, Oop shift amount: 3
Narrow klass base: 0x0000000000000000, Narrow klass shift: 3
Compressed class space size: 1073741824 Address: 0x00000007c0000000

Heap:
 garbage-first heap   total 131072K, used 52687K [0x0000000740000000, 0x0000000740100400, 0x00000007c0000000)
  region size 1024K, 14 young (14336K), 2 survivors (2048K)
 Metaspace       used 25037K, capacity 27304K, committed 27516K, reserved 1073152K
  class space    used 3211K, capacity 3619K, committed 3708K, reserved 1048576K
Heap Regions: E=young(eden), S=young(survivor), O=old, HS=humongous(starts), HC=humongous(continues), CS=collection set, F=free, A=archive, TS=gc time stamp, AC=allocation context, TAMS=top-at-mark-start (previous, next)
|   0|0x0000000740000000, 0x0000000740100000, 0x0000000740100000|100%|HS|  |TS  0|AC  0|TAMS 0x0000000740100000, 0x0000000740100000|
|   1|0x0000000740100000, 0x0000000740200000, 0x0000000740200000|100%|HC|  |TS  0|AC  0|TAMS 0x0000000740200000, 0x0000000740200000|
|   2|0x0000000740200000, 0x0000000740300000, 0x0000000740300000|100%| O|  |TS  0|AC  0|TAMS 0x0000000740300000, 0x0000000740300000|
|   3|0x0000000740300000, 0x0000000740400000, 0x0000000740400000|100%| O|  |TS  0|AC  0|TAMS 0x0000000740400000, 0x0000000740400000|
|   4|0x0000000740400000, 0x0000000740500000, 0x0000000740500000|100%| O|  |TS  0|AC  0|TAMS 0x0000000740500000, 0x0000000740500000|
|   5|0x0000000740500000, 0x0000000740600000, 0x0000000740600000|100%| O|  |TS  0|AC  0|TAMS 0x0000000740600000, 0x0000000740600000|
|   6|0x0000000740600000, 0x00000007406fd000, 0x0000000740700000| 98%| O|  |TS  0|AC  0|TAMS 0x00000007406fd000, 0x00000007406fd000|
|   7|0x0000000740700000, 0x0000000740800000, 0x0000000740800000|100%|HS|  |TS  0|AC  0|TAMS 0x0000000740700000, 0x0000000740700000|
|   8|0x0000000740800000, 0x0000000740900000, 0x0000000740900000|100%|HC|  |TS  0|AC  0|TAMS 0x0000000740800000, 0x0000000740800000|
|   9|0x0000000740900000, 0x0000000740a00000, 0x0000000740a00000|100%|HS|  |TS  0|AC  0|TAMS 0x0000000740900000, 0x0000000740900000|
|  10|0x0000000740a00000, 0x0000000740b00000, 0x0000000740b00000|100%|HC|  |TS  0|AC  0|TAMS 0x0000000740a00000, 0x0000000740a00000|
|  11|0x0000000740b00000, 0x0000000740c00000, 0x0000000740c00000|100%|HS|  |TS  0|AC  0|TAMS 0x0000000740b00000, 0x0000000740b00000|
|  12|0x0000000740c00000, 0x0000000740d00000, 0x0000000740d00000|100%|HC|  |TS  0|AC  0|TAMS 0x0000000740c00000, 0x0000000740c00000|
|  13|0x0000000740d00000, 0x0000000740e00000, 0x0000000740e00000|100%|HS|  |TS  0|AC  0|TAMS 0x0000000740d00000, 0x0000000740d00000|
|  14|0x0000000740e00000, 0x0000000740f00000, 0x0000000740f00000|100%|HC|  |TS  0|AC  0|TAMS 0x0000000740e00000, 0x0000000740e00000|
|  15|0x0000000740f00000, 0x0000000741000000, 0x0000000741000000|100%|HS|  |TS  0|AC  0|TAMS 0x0000000740f00000, 0x0000000740f00000|
|  16|0x0000000741000000, 0x0000000741100000, 0x0000000741100000|100%|HC|  |TS  0|AC  0|TAMS 0x0000000741000000, 0x0000000741000000|
|  17|0x0000000741100000, 0x0000000741200000, 0x0000000741200000|100%|HS|  |TS  0|AC  0|TAMS 0x0000000741100000, 0x0000000741100000|
|  18|0x0000000741200000, 0x0000000741300000, 0x0000000741300000|100%|HC|  |TS  0|AC  0|TAMS 0x0000000741200000, 0x0000000741200000|
|  19|0x0000000741300000, 0x0000000741400000, 0x0000000741400000|100%|HS|  |TS  0|AC  0|TAMS 0x0000000741300000, 0x0000000741300000|
|  20|0x0000000741400000, 0x0000000741500000, 0x0000000741500000|100%|HC|  |TS  0|AC  0|TAMS 0x0000000741400000, 0x0000000741400000|
|  21|0x0000000741500000, 0x0000000741600000, 0x0000000741600000|100%|HS|  |TS  0|AC  0|TAMS 0x0000000741500000, 0x0000000741500000|
|  22|0x0000000741600000, 0x0000000741700000, 0x0000000741700000|100%|HC|  |TS  0|AC  0|TAMS 0x0000000741600000, 0x0000000741600000|
|  23|0x0000000741700000, 0x0000000741800000, 0x0000000741800000|100%|HS|  |TS  0|AC  0|TAMS 0x0000000741700000, 0x0000000741700000|
|  24|0x0000000741800000, 0x0000000741900000, 0x0000000741900000|100%|HC|  |TS  0|AC  0|TAMS 0x0000000741800000, 0x0000000741800000|
|  25|0x0000000741900000, 0x0000000741a00000, 0x0000000741a00000|100%|HS|  |TS  0|AC  0|TAMS 0x0000000741900000, 0x0000000741900000|
|  26|0x0000000741a00000, 0x0000000741b00000, 0x0000000741b00000|100%|HC|  |TS  0|AC  0|TAMS 0x0000000741a00000, 0x0000000741a00000|
|  27|0x0000000741b00000, 0x0000000741c00000, 0x0000000741c00000|100%|HS|  |TS  0|AC  0|TAMS 0x0000000741b00000, 0x0000000741b00000|
|  28|0x0000000741c00000, 0x0000000741d00000, 0x0000000741d00000|100%|HC|  |TS  0|AC  0|TAMS 0x0000000741c00000, 0x0000000741c00000|
|  29|0x0000000741d00000, 0x0000000741e00000, 0x0000000741e00000|100%|HS|  |TS  0|AC  0|TAMS 0x0000000741d00000, 0x0000000741d00000|
|  30|0x0000000741e00000, 0x0000000741f00000, 0x0000000741f00000|100%|HC|  |TS  0|AC  0|TAMS 0x0000000741e00000, 0x0000000741e00000|
|  31|0x0000000741f00000, 0x0000000742000000, 0x0000000742000000|100%|HS|  |TS  0|AC  0|TAMS 0x0000000741f00000, 0x0000000741f00000|
|  32|0x0000000742000000, 0x0000000742100000, 0x0000000742100000|100%|HC|  |TS  0|AC  0|TAMS 0x0000000742000000, 0x0000000742000000|
|  33|0x0000000742100000, 0x0000000742200000, 0x0000000742200000|100%|HS|  |TS  0|AC  0|TAMS 0x0000000742100000, 0x0000000742100000|
|  34|0x0000000742200000, 0x0000000742300000, 0x0000000742300000|100%|HC|  |TS  0|AC  0|TAMS 0x0000000742200000, 0x0000000742200000|
|  35|0x0000000742300000, 0x0000000742400000, 0x0000000742400000|100%|HS|  |TS  0|AC  0|TAMS 0x0000000742300000, 0x0000000742300000|
|  36|0x0000000742400000, 0x0000000742500000, 0x0000000742500000|100%|HC|  |TS  0|AC  0|TAMS 0x0000000742400000, 0x0000000742400000|
|  37|0x0000000742500000, 0x0000000742600000, 0x0000000742600000|100%|HS|  |TS  0|AC  0|TAMS 0x0000000742500000, 0x0000000742500000|
|  38|0x0000000742600000, 0x0000000742700000, 0x0000000742700000|100%|HC|  |TS  0|AC  0|TAMS 0x0000000742600000, 0x0000000742600000|
|  39|0x0000000742700000, 0x0000000742700000, 0x0000000742800000|  0%| F|  |TS  0|AC  0|TAMS 0x0000000742700000, 0x0000000742700000|
|  40|0x0000000742800000, 0x0000000742800000, 0x0000000742900000|  0%| F|  |TS  0|AC  0|TAMS 0x0000000742800000, 0x0000000742800000|
|  41|0x0000000742900000, 0x0000000742900000, 0x0000000742a00000|  0%| F|  |TS  0|AC  0|TAMS 0x0000000742900000, 0x0000000742900000|
|  42|0x0000000742a00000, 0x0000000742a00000, 0x0000000742b00000|  0%| F|  |TS  0|AC  0|TAMS 0x0000000742a00000, 0x0000000742a00000|
|  43|0x0000000742b00000, 0x0000000742b00000, 0x0000000742c00000|  0%| F|  |TS  0|AC  0|TAMS 0x0000000742b00000, 0x0000000742b00000|
|  44|0x0000000742c00000, 0x0000000742c00000, 0x0000000742d00000|  0%| F|  |TS  0|AC  0|TAMS 0x0000000742c00000, 0x0000000742c00000|
|  45|0x0000000742d00000, 0x0000000742d00000, 0x0000000742e00000|  0%| F|  |TS  0|AC  0|TAMS 0x0000000742d00000, 0x0000000742d00000|
|  46|0x0000000742e00000, 0x0000000742e00000, 0x0000000742f00000|  0%| F|  |TS  0|AC  0|TAMS 0x0000000742e00000, 0x0000000742e00000|
|  47|0x0000000742f00000, 0x0000000742f00000, 0x0000000743000000|  0%| F|  |TS  0|AC  0|TAMS 0x0000000742f00000, 0x0000000742f00000|
|  48|0x0000000743000000, 0x0000000743000000, 0x0000000743100000|  0%| F|  |TS  0|AC  0|TAMS 0x0000000743000000, 0x0000000743000000|
|  49|0x0000000743100000, 0x0000000743100000, 0x0000000743200000|  0%| F|  |TS  0|AC  0|TAMS 0x0000000743100000, 0x0000000743100000|
|  50|0x0000000743200000, 0x0000000743200000, 0x0000000743300000|  0%| F|  |TS  0|AC  0|TAMS 0x0000000743200000, 0x0000000743200000|
|  51|0x0000000743300000, 0x0000000743300000, 0x0000000743400000|  0%| F|  |TS  0|AC  0|TAMS 0x0000000743300000, 0x0000000743300000|
|  52|0x0000000743400000, 0x0000000743400000, 0x0000000743500000|  0%| F|  |TS  0|AC  0|TAMS 0x0000000743400000, 0x0000000743400000|
|  53|0x0000000743500000, 0x0000000743500000, 0x0000000743600000|  0%| F|  |TS  0|AC  0|TAMS 0x0000000743500000, 0x0000000743500000|
|  54|0x0000000743600000, 0x0000000743600000, 0x0000000743700000|  0%| F|  |TS  0|AC  0|TAMS 0x0000000743600000, 0x0000000743600000|
|  55|0x0000000743700000, 0x0000000743700000, 0x0000000743800000|  0%| F|  |TS  0|AC  0|TAMS 0x0000000743700000, 0x0000000743700000|
|  56|0x0000000743800000, 0x0000000743800000, 0x0000000743900000|  0%| F|  |TS  0|AC  0|TAMS 0x0000000743800000, 0x0000000743800000|
|  57|0x0000000743900000, 0x0000000743900000, 0x0000000743a00000|  0%| F|  |TS  0|AC  0|TAMS 0x0000000743900000, 0x0000000743900000|
|  58|0x0000000743a00000, 0x0000000743a00000, 0x0000000743b00000|  0%| F|  |TS  0|AC  0|TAMS 0x0000000743a00000, 0x0000000743a00000|
|  59|0x0000000743b00000, 0x0000000743b00000, 0x0000000743c00000|  0%| F|  |TS  0|AC  0|TAMS 0x0000000743b00000, 0x0000000743b00000|
|  60|0x0000000743c00000, 0x0000000743c00000, 0x0000000743d00000|  0%| F|  |TS  0|AC  0|TAMS 0x0000000743c00000, 0x0000000743c00000|
|  61|0x0000000743d00000, 0x0000000743d00000, 0x0000000743e00000|  0%| F|  |TS  0|AC  0|TAMS 0x0000000743d00000, 0x0000000743d00000|
|  62|0x0000000743e00000, 0x0000000743e00000, 0x0000000743f00000|  0%| F|  |TS  0|AC  0|TAMS 0x0000000743e00000, 0x0000000743e00000|
|  63|0x0000000743f00000, 0x0000000743f00000, 0x0000000744000000|  0%| F|  |TS  0|AC  0|TAMS 0x0000000743f00000, 0x0000000743f00000|
|  64|0x0000000744000000, 0x0000000744000000, 0x0000000744100000|  0%| F|  |TS  0|AC  0|TAMS 0x0000000744000000, 0x0000000744000000|
|  65|0x0000000744100000, 0x0000000744100000, 0x0000000744200000|  0%| F|  |TS  0|AC  0|TAMS 0x0000000744100000, 0x0000000744100000|
|  66|0x0000000744200000, 0x0000000744200000, 0x0000000744300000|  0%| F|  |TS  0|AC  0|TAMS 0x0000000744200000, 0x0000000744200000|
|  67|0x0000000744300000, 0x0000000744300000, 0x0000000744400000|  0%| F|  |TS  0|AC  0|TAMS 0x0000000744300000, 0x0000000744300000|
|  68|0x0000000744400000, 0x0000000744400000, 0x0000000744500000|  0%| F|  |TS  0|AC  0|TAMS 0x0000000744400000, 0x0000000744400000|
|  69|0x0000000744500000, 0x0000000744500000, 0x0000000744600000|  0%| F|  |TS  0|AC  0|TAMS 0x0000000744500000, 0x0000000744500000|
|  70|0x0000000744600000, 0x0000000744600000, 0x0000000744700000|  0%| F|  |TS  0|AC  0|TAMS 0x0000000744600000, 0x0000000744600000|
|  71|0x0000000744700000, 0x0000000744700000, 0x0000000744800000|  0%| F|  |TS  0|AC  0|TAMS 0x0000000744700000, 0x0000000744700000|
|  72|0x0000000744800000, 0x0000000744800000, 0x0000000744900000|  0%| F|  |TS  0|AC  0|TAMS 0x0000000744800000, 0x0000000744800000|
|  73|0x0000000744900000, 0x0000000744900000, 0x0000000744a00000|  0%| F|  |TS  0|AC  0|TAMS 0x0000000744900000, 0x0000000744900000|
|  74|0x0000000744a00000, 0x0000000744a00000, 0x0000000744b00000|  0%| F|  |TS  0|AC  0|TAMS 0x0000000744a00000, 0x0000000744a00000|
|  75|0x0000000744b00000, 0x0000000744b00000, 0x0000000744c00000|  0%| F|  |TS  0|AC  0|TAMS 0x0000000744b00000, 0x0000000744b00000|
|  76|0x0000000744c00000, 0x0000000744c00000, 0x0000000744d00000|  0%| F|  |TS  0|AC  0|TAMS 0x0000000744c00000, 0x0000000744c00000|
|  77|0x0000000744d00000, 0x0000000744d00000, 0x0000000744e00000|  0%| F|  |TS  0|AC  0|TAMS 0x0000000744d00000, 0x0000000744d00000|
|  78|0x0000000744e00000, 0x0000000744e00000, 0x0000000744f00000|  0%| F|  |TS  0|AC  0|TAMS 0x0000000744e00000, 0x0000000744e00000|
|  79|0x0000000744f00000, 0x0000000744f00000, 0x0000000745000000|  0%| F|  |TS  0|AC  0|TAMS 0x0000000744f00000, 0x0000000744f00000|
|  80|0x0000000745000000, 0x0000000745000000, 0x0000000745100000|  0%| F|  |TS  0|AC  0|TAMS 0x0000000745000000, 0x0000000745000000|
|  81|0x0000000745100000, 0x0000000745100000, 0x0000000745200000|  0%| F|  |TS  0|AC  0|TAMS 0x0000000745100000, 0x0000000745100000|
|  82|0x0000000745200000, 0x0000000745200000, 0x0000000745300000|  0%| F|  |TS  0|AC  0|TAMS 0x0000000745200000, 0x0000000745200000|
|  83|0x0000000745300000, 0x0000000745300000, 0x0000000745400000|  0%| F|  |TS  0|AC  0|TAMS 0x0000000745300000, 0x0000000745300000|
|  84|0x0000000745400000, 0x0000000745400000, 0x0000000745500000|  0%| F|  |TS  0|AC  0|TAMS 0x0000000745400000, 0x0000000745400000|
|  85|0x0000000745500000, 0x0000000745500000, 0x0000000745600000|  0%| F|  |TS  0|AC  0|TAMS 0x0000000745500000, 0x0000000745500000|
|  86|0x0000000745600000, 0x0000000745600000, 0x0000000745700000|  0%| F|  |TS  0|AC  0|TAMS 0x0000000745600000, 0x0000000745600000|
|  87|0x0000000745700000, 0x0000000745700000, 0x0000000745800000|  0%| F|  |TS  0|AC  0|TAMS 0x0000000745700000, 0x0000000745700000|
|  88|0x0000000745800000, 0x0000000745800000, 0x0000000745900000|  0%| F|  |TS  0|AC  0|TAMS 0x0000000745800000, 0x0000000745800000|
|  89|0x0000000745900000, 0x0000000745900000, 0x0000000745a00000|  0%| F|  |TS  0|AC  0|TAMS 0x0000000745900000, 0x0000000745900000|
|  90|0x0000000745a00000, 0x0000000745a00000, 0x0000000745b00000|  0%| F|  |TS  0|AC  0|TAMS 0x0000000745a00000, 0x0000000745a00000|
|  91|0x0000000745b00000, 0x0000000745b00000, 0x0000000745c00000|  0%| F|  |TS  0|AC  0|TAMS 0x0000000745b00000, 0x0000000745b00000|
|  92|0x0000000745c00000, 0x0000000745c00000, 0x0000000745d00000|  0%| F|  |TS  0|AC  0|TAMS 0x0000000745c00000, 0x0000000745c00000|
|  93|0x0000000745d00000, 0x0000000745d00000, 0x0000000745e00000|  0%| F|  |TS  0|AC  0|TAMS 0x0000000745d00000, 0x0000000745d00000|
|  94|0x0000000745e00000, 0x0000000745e00000, 0x0000000745f00000|  0%| F|  |TS  0|AC  0|TAMS 0x0000000745e00000, 0x0000000745e00000|
|  95|0x0000000745f00000, 0x0000000745f00000, 0x0000000746000000|  0%| F|  |TS  0|AC  0|TAMS 0x0000000745f00000, 0x0000000745f00000|
|  96|0x0000000746000000, 0x0000000746000000, 0x0000000746100000|  0%| F|  |TS  0|AC  0|TAMS 0x0000000746000000, 0x0000000746000000|
|  97|0x0000000746100000, 0x0000000746100000, 0x0000000746200000|  0%| F|  |TS  0|AC  0|TAMS 0x0000000746100000, 0x0000000746100000|
|  98|0x0000000746200000, 0x0000000746200000, 0x0000000746300000|  0%| F|  |TS  0|AC  0|TAMS 0x0000000746200000, 0x0000000746200000|
|  99|0x0000000746300000, 0x0000000746300000, 0x0000000746400000|  0%| F|  |TS  0|AC  0|TAMS 0x0000000746300000, 0x0000000746300000|
| 100|0x0000000746400000, 0x0000000746400000, 0x0000000746500000|  0%| F|  |TS  0|AC  0|TAMS 0x0000000746400000, 0x0000000746400000|
| 101|0x0000000746500000, 0x0000000746500000, 0x0000000746600000|  0%| F|  |TS  0|AC  0|TAMS 0x0000000746500000, 0x0000000746500000|
| 102|0x0000000746600000, 0x0000000746600000, 0x0000000746700000|  0%| F|  |TS  0|AC  0|TAMS 0x0000000746600000, 0x0000000746600000|
| 103|0x0000000746700000, 0x0000000746700000, 0x0000000746800000|  0%| F|  |TS  0|AC  0|TAMS 0x0000000746700000, 0x0000000746700000|
| 104|0x0000000746800000, 0x0000000746800000, 0x0000000746900000|  0%| F|  |TS  0|AC  0|TAMS 0x0000000746800000, 0x0000000746800000|
| 105|0x0000000746900000, 0x0000000746900000, 0x0000000746a00000|  0%| F|  |TS  0|AC  0|TAMS 0x0000000746900000, 0x0000000746900000|
| 106|0x0000000746a00000, 0x0000000746a00000, 0x0000000746b00000|  0%| F|  |TS  0|AC  0|TAMS 0x0000000746a00000, 0x0000000746a00000|
| 107|0x0000000746b00000, 0x0000000746b00000, 0x0000000746c00000|  0%| F|  |TS  0|AC  0|TAMS 0x0000000746b00000, 0x0000000746b00000|
| 108|0x0000000746c00000, 0x0000000746c00000, 0x0000000746d00000|  0%| F|  |TS  0|AC  0|TAMS 0x0000000746c00000, 0x0000000746c00000|
| 109|0x0000000746d00000, 0x0000000746d00000, 0x0000000746e00000|  0%| F|  |TS  0|AC  0|TAMS 0x0000000746d00000, 0x0000000746d00000|
| 110|0x0000000746e00000, 0x0000000746e00000, 0x0000000746f00000|  0%| F|  |TS  0|AC  0|TAMS 0x0000000746e00000, 0x0000000746e00000|
| 111|0x0000000746f00000, 0x0000000746f00000, 0x0000000747000000|  0%| F|  |TS  0|AC  0|TAMS 0x0000000746f00000, 0x0000000746f00000|
| 112|0x0000000747000000, 0x0000000747000000, 0x0000000747100000|  0%| F|  |TS  0|AC  0|TAMS 0x0000000747000000, 0x0000000747000000|
| 113|0x0000000747100000, 0x0000000747100000, 0x0000000747200000|  0%| F|  |TS  0|AC  0|TAMS 0x0000000747100000, 0x0000000747100000|
| 114|0x0000000747200000, 0x0000000747300000, 0x0000000747300000|100%| E|  |TS  0|AC  0|TAMS 0x0000000747200000, 0x0000000747200000|
| 115|0x0000000747300000, 0x0000000747400000, 0x0000000747400000|100%| E|CS|TS  0|AC  0|TAMS 0x0000000747300000, 0x0000000747300000|
| 116|0x0000000747400000, 0x0000000747500000, 0x0000000747500000|100%| E|CS|TS  0|AC  0|TAMS 0x0000000747400000, 0x0000000747400000|
| 117|0x0000000747500000, 0x0000000747600000, 0x0000000747600000|100%| E|CS|TS  0|AC  0|TAMS 0x0000000747500000, 0x0000000747500000|
| 118|0x0000000747600000, 0x0000000747700000, 0x0000000747700000|100%| E|CS|TS  0|AC  0|TAMS 0x0000000747600000, 0x0000000747600000|
| 119|0x0000000747700000, 0x0000000747800000, 0x0000000747800000|100%| E|CS|TS  0|AC  0|TAMS 0x0000000747700000, 0x0000000747700000|
| 120|0x0000000747800000, 0x0000000747900000, 0x0000000747900000|100%| E|CS|TS  0|AC  0|TAMS 0x0000000747800000, 0x0000000747800000|
| 121|0x0000000747900000, 0x0000000747a00000, 0x0000000747a00000|100%| E|CS|TS  0|AC  0|TAMS 0x0000000747900000, 0x0000000747900000|
| 122|0x0000000747a00000, 0x0000000747a76e60, 0x0000000747b00000| 46%| S|CS|TS  0|AC  0|TAMS 0x0000000747a00000, 0x0000000747a00000|
| 123|0x0000000747b00000, 0x0000000747c00000, 0x0000000747c00000|100%| S|CS|TS  0|AC  0|TAMS 0x0000000747b00000, 0x0000000747b00000|
| 124|0x0000000747c00000, 0x0000000747d00000, 0x0000000747d00000|100%| E|CS|TS  0|AC  0|TAMS 0x0000000747c00000, 0x0000000747c00000|
| 125|0x0000000747d00000, 0x0000000747e00000, 0x0000000747e00000|100%| E|CS|TS  0|AC  0|TAMS 0x0000000747d00000, 0x0000000747d00000|
| 126|0x0000000747e00000, 0x0000000747f00000, 0x0000000747f00000|100%| E|CS|TS  0|AC  0|TAMS 0x0000000747e00000, 0x0000000747e00000|
| 127|0x0000000747f00000, 0x0000000748000000, 0x0000000748000000|100%| E|CS|TS  0|AC  0|TAMS 0x0000000747f00000, 0x0000000747f00000|

Card table byte_map: [0x00000001200f8000,0x00000001204f8000] byte_map_base: 0x000000011c6f8000

Marking Bits (Prev, Next): (CMBitMap*) 0x00007fdaa501cca8, (CMBitMap*) 0x00007fdaa501cc70
 Prev Bits: [0x00000001228f8000, 0x00000001248f8000)
 Next Bits: [0x00000001208f8000, 0x00000001228f8000)

Polling page: 0x000000010450b000

CodeHeap 'non-profiled nmethods': size=120032Kb used=1332Kb max_used=1332Kb free=118699Kb
 bounds [0x00000001182c0000, 0x0000000118530000, 0x000000011f7f8000]
CodeHeap 'profiled nmethods': size=120032Kb used=5637Kb max_used=5637Kb free=114394Kb
 bounds [0x0000000110d88000, 0x0000000111318000, 0x00000001182c0000]
CodeHeap 'non-nmethods': size=5696Kb used=1471Kb max_used=1491Kb free=4224Kb
 bounds [0x00000001107f8000, 0x0000000110a68000, 0x0000000110d88000]
 total_blobs=4274 nmethods=2963 adapters=694
 compilation: enabled

Compilation events (10 events):
Event: 36.237 Thread 0x00007fdaa6806000 nmethod 2959 0x0000000111307310 code [0x00000001113074c0, 0x0000000111307610]
Event: 36.238 Thread 0x00007fdaa6806000 2960       3       java.lang.invoke.DelegatingMethodHandle::makeReinvokerForm (11 bytes)
Event: 36.238 Thread 0x00007fdaa6806000 nmethod 2960 0x0000000111307690 code [0x0000000111307840, 0x00000001113079c8]
Event: 36.238 Thread 0x00007fdaa6806000 2961       3       java.lang.invoke.LambdaFormEditor$Transform::of (49 bytes)
Event: 36.238 Thread 0x00007fdaa6806000 nmethod 2961 0x0000000111307a90 code [0x0000000111307ce0, 0x00000001113085f8]
Event: 36.240 Thread 0x00007fdaa6806000 2962       3       java.util.Properties::getProperty (49 bytes)
Event: 36.240 Thread 0x00007fdaa6806000 nmethod 2962 0x0000000111308990 code [0x0000000111308b80, 0x0000000111309038]
Event: 36.251 Thread 0x00007fdaa6806000 2963       3       java.util.HashMap::<init> (8 bytes)
Event: 36.251 Thread 0x00007fdaa6806000 nmethod 2963 0x0000000111309190 code [0x0000000111309360, 0x00000001113094e8]
Event: 36.260 Thread 0x00007fdaa6805000 2965       4       jdk.internal.org.objectweb.asm.Frame::type (416 bytes)

GC Heap History (6 events):
Event: 1.303 GC heap before
{Heap before GC invocations=0 (full 0):
 garbage-first heap   total 131072K, used 16384K [0x0000000740000000, 0x0000000740100400, 0x00000007c0000000)
  region size 1024K, 14 young (14336K), 0 survivors (0K)
 Metaspace       used 15322K, capacity 16326K, committed 16640K, reserved 1064960K
  class space    used 1763K, capacity 1963K, committed 2048K, reserved 1048576K
}
Event: 1.310 GC heap after
{Heap after GC invocations=1 (full 0):
 garbage-first heap   total 131072K, used 6204K [0x0000000740000000, 0x0000000740100400, 0x00000007c0000000)
  region size 1024K, 2 young (2048K), 2 survivors (2048K)
 Metaspace       used 15322K, capacity 16326K, committed 16640K, reserved 1064960K
  class space    used 1763K, capacity 1963K, committed 2048K, reserved 1048576K
}
Event: 1.740 GC heap before
{Heap before GC invocations=1 (full 0):
 garbage-first heap   total 131072K, used 12348K [0x0000000740000000, 0x0000000740100400, 0x00000007c0000000)
  region size 1024K, 8 young (8192K), 2 survivors (2048K)
 Metaspace       used 18216K, capacity 19388K, committed 19712K, reserved 1067008K
  class space    used 2220K, capacity 2448K, committed 2560K, reserved 1048576K
}
Event: 1.749 GC heap after
{Heap after GC invocations=2 (full 0):
 garbage-first heap   total 131072K, used 8180K [0x0000000740000000, 0x0000000740100400, 0x00000007c0000000)
  region size 1024K, 1 young (1024K), 1 survivors (1024K)
 Metaspace       used 18216K, capacity 19388K, committed 19712K, reserved 1067008K
  class space    used 2220K, capacity 2448K, committed 2560K, reserved 1048576K
}
Event: 1.859 GC heap before
{Heap before GC invocations=2 (full 0):
 garbage-first heap   total 131072K, used 11252K [0x0000000740000000, 0x0000000740100400, 0x00000007c0000000)
  region size 1024K, 5 young (5120K), 1 survivors (1024K)
 Metaspace       used 19506K, capacity 21192K, committed 21248K, reserved 1067008K
  class space    used 2478K, capacity 2780K, committed 2816K, reserved 1048576K
}
Event: 1.862 GC heap after
{Heap after GC invocations=3 (full 0):
 garbage-first heap   total 131072K, used 8655K [0x0000000740000000, 0x0000000740100400, 0x00000007c0000000)
  region size 1024K, 2 young (2048K), 2 survivors (2048K)
 Metaspace       used 19506K, capacity 21192K, committed 21248K, reserved 1067008K
  class space    used 2478K, capacity 2780K, committed 2816K, reserved 1048576K
}

Deoptimization events (10 events):
Event: 21.772 Thread 0x00007fdaa61c5800 Uncommon trap: reason=class_check action=maybe_recompile pc=0x000000011839c84c method=com.sun.javafx.css.StyleMap.getCascadingStyles()Ljava/util/Map; @ 77 c2
Event: 21.773 Thread 0x00007fdaa61c5800 Uncommon trap: reason=class_check action=maybe_recompile pc=0x0000000118397bf0 method=javafx.scene.CssStyleHelper.getStyle(Ljavafx/css/Styleable;Ljava/lang/String;Lcom/sun/javafx/css/StyleMap;Ljava/util/Set;)Lcom/sun/javafx/css/CascadingStyle; @ 140 c2
Event: 21.773 Thread 0x00007fdaa61c5800 Uncommon trap: reason=class_check action=maybe_recompile pc=0x000000011839c84c method=com.sun.javafx.css.StyleMap.getCascadingStyles()Ljava/util/Map; @ 77 c2
Event: 22.846 Thread 0x00007fdaa61c5800 Uncommon trap: reason=unstable_if action=reinterpret pc=0x00000001183cd93c method=javafx.scene.CssStyleHelper.resolveRef(Ljavafx/css/Styleable;Ljava/lang/String;Lcom/sun/javafx/css/StyleMap;Ljava/util/Set;)Lcom/sun/javafx/css/CascadingStyle; @ 66 c2
Event: 22.846 Thread 0x00007fdaa61c5800 Uncommon trap: reason=class_check action=maybe_recompile pc=0x000000011839c84c method=com.sun.javafx.css.StyleMap.getCascadingStyles()Ljava/util/Map; @ 77 c2
Event: 22.866 Thread 0x00007fdaa61c5800 Uncommon trap: reason=class_check action=maybe_recompile pc=0x00000001183d7950 method=javafx.scene.Node.updateLocalToParentTransform()V @ 11 c2
Event: 22.866 Thread 0x00007fdaa61c5800 Uncommon trap: reason=class_check action=maybe_recompile pc=0x00000001183d7950 method=javafx.scene.Node.updateLocalToParentTransform()V @ 11 c2
Event: 22.867 Thread 0x00007fdaa61c5800 Uncommon trap: reason=class_check action=maybe_recompile pc=0x00000001183d7950 method=javafx.scene.Node.updateLocalToParentTransform()V @ 11 c2
Event: 22.868 Thread 0x00007fdaa61c5800 Uncommon trap: reason=class_check action=maybe_recompile pc=0x00000001183d7950 method=javafx.scene.Node.updateLocalToParentTransform()V @ 11 c2
Event: 23.439 Thread 0x00007fdaa61c5800 Uncommon trap: reason=bimorphic_or_optimized_type_check action=maybe_recompile pc=0x00000001183f3e54 method=com.sun.javafx.css.ParsedValueImpl.hashCode()I @ 220 c2

Classes redefined (0 events):
No events

Internal exceptions (10 events):
Event: 22.890 Thread 0x00007fdaa61c5800 Exception <a 'java/lang/NoSuchMethodError'{0x0000000747421b40}: java.lang.invoke.DirectMethodHandle$Holder.invokeStatic(Ljava/lang/Object;Ljava/lang/Object;IIIIILjava/lang/Object;)Ljava/lang/Object;> (0x0000000747421b40) thrown at [/scratch/mesos/slaves/5
Event: 22.891 Thread 0x00007fdaa61c5800 Exception <a 'java/lang/NoSuchMethodError'{0x00000007474255f0}: method resolution failed> (0x00000007474255f0) thrown at [/scratch/mesos/slaves/5af44a71-976a-41b7-81de-5773b84ec572-S38393/frameworks/1735e8a2-a1db-478c-8104-60c8b0af87dd-0196/executors/8b85
Event: 22.891 Thread 0x00007fdaa61c5800 Exception <a 'java/lang/NoSuchMethodError'{0x000000074742c188}: method resolution failed> (0x000000074742c188) thrown at [/scratch/mesos/slaves/5af44a71-976a-41b7-81de-5773b84ec572-S38393/frameworks/1735e8a2-a1db-478c-8104-60c8b0af87dd-0196/executors/8b85
Event: 22.892 Thread 0x00007fdaa61c5800 Exception <a 'java/lang/NoSuchMethodError'{0x0000000747433a18}: java.lang.invoke.DirectMethodHandle$Holder.invokeStatic(Ljava/lang/Object;Ljava/lang/Object;Ljava/lang/Object;IIIII)Ljava/lang/Object;> (0x0000000747433a18) thrown at [/scratch/mesos/slaves/5
Event: 22.892 Thread 0x00007fdaa61c5800 Exception <a 'java/lang/NoSuchMethodError'{0x00000007474373a0}: method resolution failed> (0x00000007474373a0) thrown at [/scratch/mesos/slaves/5af44a71-976a-41b7-81de-5773b84ec572-S38393/frameworks/1735e8a2-a1db-478c-8104-60c8b0af87dd-0196/executors/8b85
Event: 26.753 Thread 0x00007fdaa61c5800 Exception <a 'java/io/FileNotFoundException'{0x0000000747311788}> (0x0000000747311788) thrown at [/scratch/mesos/slaves/5af44a71-976a-41b7-81de-5773b84ec572-S38393/frameworks/1735e8a2-a1db-478c-8104-60c8b0af87dd-0196/executors/8b855640-c399-41ea-b65f-5227
Event: 36.236 Thread 0x00007fdaa6007800 Exception <a 'java/lang/ClassNotFoundException'{0x0000000747276dc0}: sun/awt/resources/spi/awtProvider> (0x0000000747276dc0) thrown at [/scratch/mesos/slaves/5af44a71-976a-41b7-81de-5773b84ec572-S38393/frameworks/1735e8a2-a1db-478c-8104-60c8b0af87dd-0196/
Event: 36.237 Thread 0x00007fdaa6007800 Exception <a 'java/io/FileNotFoundException'{0x000000074727bc98}> (0x000000074727bc98) thrown at [/scratch/mesos/slaves/5af44a71-976a-41b7-81de-5773b84ec572-S38393/frameworks/1735e8a2-a1db-478c-8104-60c8b0af87dd-0196/executors/8b855640-c399-41ea-b65f-5227
Event: 36.238 Thread 0x00007fdaa6007800 Exception <a 'java/io/FileNotFoundException'{0x000000074727f8a0}> (0x000000074727f8a0) thrown at [/scratch/mesos/slaves/5af44a71-976a-41b7-81de-5773b84ec572-S38393/frameworks/1735e8a2-a1db-478c-8104-60c8b0af87dd-0196/executors/8b855640-c399-41ea-b65f-5227
Event: 36.255 Thread 0x00007fdaa6007800 Exception <a 'java/lang/ClassNotFoundException'{0x0000000747295838}: sun/awt/resources/spi/awtosxProvider> (0x0000000747295838) thrown at [/scratch/mesos/slaves/5af44a71-976a-41b7-81de-5773b84ec572-S38393/frameworks/1735e8a2-a1db-478c-8104-60c8b0af87dd-01

Events (10 events):
Event: 36.259 loading class java/beans/ChangeListenerMap done
Event: 36.259 loading class java/beans/PropertyChangeSupport$PropertyChangeListenerMap done
Event: 36.259 loading class java/beans/PropertyChangeListener
Event: 36.260 loading class java/beans/PropertyChangeListener done
Event: 36.260 loading class sun/awt/SunToolkit$ModalityListenerList
Event: 36.260 loading class sun/awt/ModalityListener
Event: 36.260 loading class sun/awt/ModalityListener done
Event: 36.260 loading class sun/awt/SunToolkit$ModalityListenerList done
Event: 36.260 Executing VM operation: RevokeBias
Event: 36.260 Executing VM operation: RevokeBias done


Dynamic libraries:
0x00007fff3cfc7000 	/System/Library/Frameworks/Cocoa.framework/Versions/A/Cocoa
0x00007fff48d6b000 	/System/Library/Frameworks/Security.framework/Versions/A/Security
0x00007fff3bc5a000 	/System/Library/Frameworks/ApplicationServices.framework/Versions/A/ApplicationServices
0x00007fff68e56000 	/usr/lib/libz.1.dylib
0x00007fff667b0000 	/usr/lib/libSystem.B.dylib
0x00007fff3d83c000 	/System/Library/Frameworks/CoreFoundation.framework/Versions/A/CoreFoundation
0x00007fff3fabe000 	/System/Library/Frameworks/Foundation.framework/Versions/C/Foundation
0x00007fff67fe7000 	/usr/lib/libobjc.A.dylib
0x00007fff3ae53000 	/System/Library/Frameworks/AppKit.framework/Versions/C/AppKit
0x00007fff3d3c5000 	/System/Library/Frameworks/CoreData.framework/Versions/A/CoreData
0x00007fff60276000 	/System/Library/PrivateFrameworks/RemoteViewServices.framework/Versions/A/RemoteViewServices
0x00007fff644ed000 	/System/Library/PrivateFrameworks/UIFoundation.framework/Versions/A/UIFoundation
0x00007fff65bd1000 	/System/Library/PrivateFrameworks/XCTTargetBootstrap.framework/Versions/A/XCTTargetBootstrap
0x00007fff3d74b000 	/System/Library/Frameworks/CoreDisplay.framework/Versions/A/CoreDisplay
0x00007fff5afb0000 	/System/Library/PrivateFrameworks/IconServices.framework/Versions/A/IconServices
0x00007fff423df000 	/System/Library/Frameworks/Metal.framework/Versions/A/Metal
0x00007fff524f5000 	/System/Library/PrivateFrameworks/DesktopServicesPriv.framework/Versions/A/DesktopServicesPriv
0x00007fff6734a000 	/usr/lib/libenergytrace.dylib
0x00007fff629d4000 	/System/Library/PrivateFrameworks/SkyLight.framework/Versions/A/SkyLight
0x00007fff3dc82000 	/System/Library/Frameworks/CoreGraphics.framework/Versions/A/CoreGraphics
0x00007fff39c1f000 	/System/Library/Frameworks/Accelerate.framework/Versions/A/Accelerate
0x00007fff40207000 	/System/Library/Frameworks/IOSurface.framework/Versions/A/IOSurface
0x00007fff52361000 	/System/Library/PrivateFrameworks/DFRFoundation.framework/Versions/A/DFRFoundation
0x00007fff3c13d000 	/System/Library/Frameworks/AudioToolbox.framework/Versions/A/AudioToolbox
0x00007fff3c3b6000 	/System/Library/Frameworks/AudioUnit.framework/Versions/A/AudioUnit
0x00007fff523f6000 	/System/Library/PrivateFrameworks/DataDetectorsCore.framework/Versions/A/DataDetectorsCore
0x00007fff3caca000 	/System/Library/Frameworks/Carbon.framework/Versions/A/Frameworks/HIToolbox.framework/Versions/A/HIToolbox
0x00007fff674a3000 	/usr/lib/libicucore.A.dylib
0x00007fff482de000 	/System/Library/Frameworks/QuartzCore.framework/Versions/A/QuartzCore
0x00007fff3ce9f000 	/System/Library/Frameworks/Carbon.framework/Versions/A/Frameworks/SpeechRecognition.framework/Versions/A/SpeechRecognition
0x00007fff66904000 	/usr/lib/libauto.dylib
0x00007fff68d4a000 	/usr/lib/libxml2.2.dylib
0x00007fff51f3c000 	/System/Library/PrivateFrameworks/CoreUI.framework/Versions/A/CoreUI
0x00007fff3d2b0000 	/System/Library/Frameworks/CoreAudio.framework/Versions/A/CoreAudio
0x00007fff3f8f3000 	/System/Library/Frameworks/DiskArbitration.framework/Versions/A/DiskArbitration
0x00007fff67751000 	/usr/lib/liblangid.dylib
0x00007fff5c3bb000 	/System/Library/PrivateFrameworks/MultitouchSupport.framework/Versions/A/MultitouchSupport
0x00007fff40176000 	/System/Library/Frameworks/IOKit.framework/Versions/A/IOKit
0x00007fff66370000 	/usr/lib/libDiagnosticMessagesClient.dylib
0x00007fff3ea91000 	/System/Library/Frameworks/CoreServices.framework/Versions/A/CoreServices
0x00007fff5e075000 	/System/Library/PrivateFrameworks/PerformanceAnalysis.framework/Versions/A/PerformanceAnalysis
0x00007fff474cc000 	/System/Library/Frameworks/OpenGL.framework/Versions/A/OpenGL
0x00007fff3cfd5000 	/System/Library/Frameworks/ColorSync.framework/Versions/A/ColorSync
0x00007fff3e313000 	/System/Library/Frameworks/CoreImage.framework/Versions/A/CoreImage
0x00007fff3f469000 	/System/Library/Frameworks/CoreText.framework/Versions/A/CoreText
0x00007fff4026a000 	/System/Library/Frameworks/ImageIO.framework/Versions/A/ImageIO
0x00007fff4e58e000 	/System/Library/PrivateFrameworks/Backup.framework/Versions/A/Backup
0x00007fff66857000 	/usr/lib/libarchive.2.dylib
0x00007fff3c70f000 	/System/Library/Frameworks/CFNetwork.framework/Versions/A/CFNetwork
0x00007fff494c7000 	/System/Library/Frameworks/SystemConfiguration.framework/Versions/A/SystemConfiguration
0x00007fff662a1000 	/usr/lib/libCRFSuite.dylib
0x00007fff669f3000 	/usr/lib/libc++.1.dylib
0x00007fff66a47000 	/usr/lib/libc++abi.dylib
0x00007fff6964c000 	/usr/lib/system/libcache.dylib
0x00007fff69651000 	/usr/lib/system/libcommonCrypto.dylib
0x00007fff6965c000 	/usr/lib/system/libcompiler_rt.dylib
0x00007fff69664000 	/usr/lib/system/libcopyfile.dylib
0x00007fff6966e000 	/usr/lib/system/libcorecrypto.dylib
0x00007fff69779000 	/usr/lib/system/libdispatch.dylib
0x00007fff697b3000 	/usr/lib/system/libdyld.dylib
0x00007fff697e0000 	/usr/lib/system/libkeymgr.dylib
0x00007fff697ee000 	/usr/lib/system/liblaunch.dylib
0x00007fff697ef000 	/usr/lib/system/libmacho.dylib
0x00007fff697f5000 	/usr/lib/system/libquarantine.dylib
0x00007fff697f8000 	/usr/lib/system/libremovefile.dylib
0x00007fff697fa000 	/usr/lib/system/libsystem_asl.dylib
0x00007fff69812000 	/usr/lib/system/libsystem_blocks.dylib
0x00007fff69813000 	/usr/lib/system/libsystem_c.dylib
0x00007fff6989b000 	/usr/lib/system/libsystem_configuration.dylib
0x00007fff6989f000 	/usr/lib/system/libsystem_coreservices.dylib
0x00007fff698a3000 	/usr/lib/system/libsystem_darwin.dylib
0x00007fff698aa000 	/usr/lib/system/libsystem_dnssd.dylib
0x00007fff698b1000 	/usr/lib/system/libsystem_info.dylib
0x00007fff69926000 	/usr/lib/system/libsystem_m.dylib
0x00007fff69972000 	/usr/lib/system/libsystem_malloc.dylib
0x00007fff6999d000 	/usr/lib/system/libsystem_networkextension.dylib
0x00007fff699a8000 	/usr/lib/system/libsystem_notify.dylib
0x00007fff699c5000 	/usr/lib/system/libsystem_sandbox.dylib
0x00007fff699c9000 	/usr/lib/system/libsystem_secinit.dylib
0x00007fff698fd000 	/usr/lib/system/libsystem_kernel.dylib
0x00007fff699b0000 	/usr/lib/system/libsystem_platform.dylib
0x00007fff699ba000 	/usr/lib/system/libsystem_pthread.dylib
0x00007fff699cc000 	/usr/lib/system/libsystem_symptoms.dylib
0x00007fff699d4000 	/usr/lib/system/libsystem_trace.dylib
0x00007fff699eb000 	/usr/lib/system/libunwind.dylib
0x00007fff699f1000 	/usr/lib/system/libxpc.dylib
0x00007fff669d4000 	/usr/lib/libbsm.0.dylib
0x00007fff697e1000 	/usr/lib/system/libkxld.dylib
0x00007fff4d97f000 	/System/Library/PrivateFrameworks/AppleFSCompression.framework/Versions/A/AppleFSCompression
0x00007fff66670000 	/usr/lib/libOpenScriptingUtil.dylib
0x00007fff66cfc000 	/usr/lib/libcoretls.dylib
0x00007fff66d13000 	/usr/lib/libcoretls_cfhelpers.dylib
0x00007fff6877e000 	/usr/lib/libpam.2.dylib
0x00007fff6893e000 	/usr/lib/libsqlite3.dylib
0x00007fff68d38000 	/usr/lib/libxar.1.dylib
0x00007fff669e5000 	/usr/lib/libbz2.1.0.dylib
0x00007fff67753000 	/usr/lib/liblzma.5.dylib
0x00007fff67c04000 	/usr/lib/libnetwork.dylib
0x00007fff66840000 	/usr/lib/libapple_nghttp2.dylib
0x00007fff68785000 	/usr/lib/libpcap.A.dylib
0x00007fff3ee30000 	/System/Library/Frameworks/CoreServices.framework/Versions/A/Frameworks/FSEvents.framework/Versions/A/FSEvents
0x00007fff3eb0f000 	/System/Library/Frameworks/CoreServices.framework/Versions/A/Frameworks/CarbonCore.framework/Versions/A/CarbonCore
0x00007fff3efeb000 	/System/Library/Frameworks/CoreServices.framework/Versions/A/Frameworks/Metadata.framework/Versions/A/Metadata
0x00007fff3f08a000 	/System/Library/Frameworks/CoreServices.framework/Versions/A/Frameworks/OSServices.framework/Versions/A/OSServices
0x00007fff3f0d5000 	/System/Library/Frameworks/CoreServices.framework/Versions/A/Frameworks/SearchKit.framework/Versions/A/SearchKit
0x00007fff3ea92000 	/System/Library/Frameworks/CoreServices.framework/Versions/A/Frameworks/AE.framework/Versions/A/AE
0x00007fff3ee39000 	/System/Library/Frameworks/CoreServices.framework/Versions/A/Frameworks/LaunchServices.framework/Versions/A/LaunchServices
0x00007fff3ede7000 	/System/Library/Frameworks/CoreServices.framework/Versions/A/Frameworks/DictionaryServices.framework/Versions/A/DictionaryServices
0x00007fff3f13d000 	/System/Library/Frameworks/CoreServices.framework/Versions/A/Frameworks/SharedFileList.framework/Versions/A/SharedFileList
0x00007fff434a7000 	/System/Library/Frameworks/NetFS.framework/Versions/A/NetFS
0x00007fff5c621000 	/System/Library/PrivateFrameworks/NetAuth.framework/Versions/A/NetAuth
0x00007fff65fd5000 	/System/Library/PrivateFrameworks/login.framework/Versions/A/Frameworks/loginsupport.framework/Versions/A/loginsupport
0x00007fff640f6000 	/System/Library/PrivateFrameworks/TCC.framework/Versions/A/TCC
0x00007fff51599000 	/System/Library/PrivateFrameworks/CoreNLP.framework/Versions/A/CoreNLP
0x00007fff5c0b6000 	/System/Library/PrivateFrameworks/MetadataUtilities.framework/Versions/A/MetadataUtilities
0x00007fff67828000 	/usr/lib/libmecabra.dylib
0x00007fff3bc5b000 	/System/Library/Frameworks/ApplicationServices.framework/Versions/A/Frameworks/ATS.framework/Versions/A/ATS
0x00007fff3bfaa000 	/System/Library/Frameworks/ApplicationServices.framework/Versions/A/Frameworks/ColorSyncLegacy.framework/Versions/A/ColorSyncLegacy
0x00007fff3c049000 	/System/Library/Frameworks/ApplicationServices.framework/Versions/A/Frameworks/HIServices.framework/Versions/A/HIServices
0x00007fff3c09c000 	/System/Library/Frameworks/ApplicationServices.framework/Versions/A/Frameworks/LangAnalysis.framework/Versions/A/LangAnalysis
0x00007fff3c0ac000 	/System/Library/Frameworks/ApplicationServices.framework/Versions/A/Frameworks/PrintCore.framework/Versions/A/PrintCore
0x00007fff3c0f6000 	/System/Library/Frameworks/ApplicationServices.framework/Versions/A/Frameworks/QD.framework/Versions/A/QD
0x00007fff3c130000 	/System/Library/Frameworks/ApplicationServices.framework/Versions/A/Frameworks/SpeechSynthesis.framework/Versions/A/SpeechSynthesis
0x00007fff66a6f000 	/usr/lib/libcompression.dylib
0x00007fff426af000 	/System/Library/Frameworks/MetalPerformanceShaders.framework/Versions/A/MetalPerformanceShaders
0x00007fff39c37000 	/System/Library/Frameworks/Accelerate.framework/Versions/A/Frameworks/vImage.framework/Versions/A/vImage
0x00007fff3acb1000 	/System/Library/Frameworks/Accelerate.framework/Versions/A/Frameworks/vecLib.framework/Versions/A/vecLib
0x00007fff3abfd000 	/System/Library/Frameworks/Accelerate.framework/Versions/A/Frameworks/vecLib.framework/Versions/A/libvMisc.dylib
0x00007fff3aa15000 	/System/Library/Frameworks/Accelerate.framework/Versions/A/Frameworks/vecLib.framework/Versions/A/libvDSP.dylib
0x00007fff3a2d1000 	/System/Library/Frameworks/Accelerate.framework/Versions/A/Frameworks/vecLib.framework/Versions/A/libBLAS.dylib
0x00007fff3a5be000 	/System/Library/Frameworks/Accelerate.framework/Versions/A/Frameworks/vecLib.framework/Versions/A/libLAPACK.dylib
0x00007fff3a968000 	/System/Library/Frameworks/Accelerate.framework/Versions/A/Frameworks/vecLib.framework/Versions/A/libLinearAlgebra.dylib
0x00007fff3aa01000 	/System/Library/Frameworks/Accelerate.framework/Versions/A/Frameworks/vecLib.framework/Versions/A/libSparseBLAS.dylib
0x00007fff3a97e000 	/System/Library/Frameworks/Accelerate.framework/Versions/A/Frameworks/vecLib.framework/Versions/A/libQuadrature.dylib
0x00007fff3a54b000 	/System/Library/Frameworks/Accelerate.framework/Versions/A/Frameworks/vecLib.framework/Versions/A/libBNNS.dylib
0x00007fff3a984000 	/System/Library/Frameworks/Accelerate.framework/Versions/A/Frameworks/vecLib.framework/Versions/A/libSparse.dylib
0x00007fff588e7000 	/System/Library/PrivateFrameworks/GPUWrangler.framework/Versions/A/GPUWrangler
0x00007fff5abe5000 	/System/Library/PrivateFrameworks/IOAccelerator.framework/Versions/A/IOAccelerator
0x00007fff5abf0000 	/System/Library/PrivateFrameworks/IOPresentment.framework/Versions/A/IOPresentment
0x00007fff52371000 	/System/Library/PrivateFrameworks/DSExternalDisplay.framework/Versions/A/DSExternalDisplay
0x00007fff46923000 	/System/Library/Frameworks/OpenGL.framework/Versions/A/Libraries/libCoreFSCache.dylib
0x00007fff424a3000 	/System/Library/Frameworks/MetalPerformanceShaders.framework/Frameworks/MPSCore.framework/Versions/A/MPSCore
0x00007fff424c3000 	/System/Library/Frameworks/MetalPerformanceShaders.framework/Frameworks/MPSImage.framework/Versions/A/MPSImage
0x00007fff42568000 	/System/Library/Frameworks/MetalPerformanceShaders.framework/Frameworks/MPSNeuralNetwork.framework/Versions/A/MPSNeuralNetwork
0x00007fff42540000 	/System/Library/Frameworks/MetalPerformanceShaders.framework/Frameworks/MPSMatrix.framework/Versions/A/MPSMatrix
0x00007fff42694000 	/System/Library/Frameworks/MetalPerformanceShaders.framework/Frameworks/MPSRayIntersector.framework/Versions/A/MPSRayIntersector
0x00007fff5c0df000 	/System/Library/PrivateFrameworks/MetalTools.framework/Versions/A/MetalTools
0x00007fff4d229000 	/System/Library/PrivateFrameworks/AggregateDictionary.framework/Versions/A/AggregateDictionary
0x00007fff66650000 	/usr/lib/libMobileGestalt.dylib
0x00007fff3f5cc000 	/System/Library/Frameworks/CoreVideo.framework/Versions/A/CoreVideo
0x00007fff596f8000 	/System/Library/PrivateFrameworks/GraphVisualizer.framework/Versions/A/GraphVisualizer
0x00007fff53577000 	/System/Library/PrivateFrameworks/FaceCore.framework/Versions/A/FaceCore
0x00007fff45f51000 	/System/Library/Frameworks/OpenCL.framework/Versions/A/OpenCL
0x00007fff663a8000 	/usr/lib/libFosl_dynamic.dylib
0x00007fff5ce8c000 	/System/Library/PrivateFrameworks/OTSVG.framework/Versions/A/OTSVG
0x00007fff3bd5f000 	/System/Library/Frameworks/ApplicationServices.framework/Versions/A/Frameworks/ATS.framework/Versions/A/Resources/libFontParser.dylib
0x00007fff3be77000 	/System/Library/Frameworks/ApplicationServices.framework/Versions/A/Frameworks/ATS.framework/Versions/A/Resources/libFontRegistry.dylib
0x00007fff404d8000 	/System/Library/Frameworks/ImageIO.framework/Versions/A/Resources/libJPEG.dylib
0x00007fff407ea000 	/System/Library/Frameworks/ImageIO.framework/Versions/A/Resources/libTIFF.dylib
0x00007fff407c0000 	/System/Library/Frameworks/ImageIO.framework/Versions/A/Resources/libPng.dylib
0x00007fff403f6000 	/System/Library/Frameworks/ImageIO.framework/Versions/A/Resources/libGIF.dylib
0x00007fff403fb000 	/System/Library/Frameworks/ImageIO.framework/Versions/A/Resources/libJP2.dylib
0x00007fff407e7000 	/System/Library/Frameworks/ImageIO.framework/Versions/A/Resources/libRadiance.dylib
0x00007fff4dad6000 	/System/Library/PrivateFrameworks/AppleJPEG.framework/Versions/A/AppleJPEG
0x00007fff4692e000 	/System/Library/Frameworks/OpenGL.framework/Versions/A/Libraries/libGFXShared.dylib
0x00007fff46af1000 	/System/Library/Frameworks/OpenGL.framework/Versions/A/Libraries/libGLU.dylib
0x00007fff46937000 	/System/Library/Frameworks/OpenGL.framework/Versions/A/Libraries/libGL.dylib
0x00007fff46943000 	/System/Library/Frameworks/OpenGL.framework/Versions/A/Libraries/libGLImage.dylib
0x00007fff46920000 	/System/Library/Frameworks/OpenGL.framework/Versions/A/Libraries/libCVMSPluginSupport.dylib
0x00007fff46929000 	/System/Library/Frameworks/OpenGL.framework/Versions/A/Libraries/libCoreVMClient.dylib
0x00007fff671c0000 	/usr/lib/libcups.2.dylib
0x00007fff419aa000 	/System/Library/Frameworks/Kerberos.framework/Versions/A/Kerberos
0x00007fff3feda000 	/System/Library/Frameworks/GSS.framework/Versions/A/GSS
0x00007fff688d3000 	/usr/lib/libresolv.9.dylib
0x00007fff673b2000 	/usr/lib/libiconv.2.dylib
0x00007fff5986d000 	/System/Library/PrivateFrameworks/Heimdal.framework/Versions/A/Heimdal
0x00007fff67382000 	/usr/lib/libheimdal-asn1.dylib
0x00007fff45fc5000 	/System/Library/Frameworks/OpenDirectory.framework/Versions/A/OpenDirectory
0x00007fff502fc000 	/System/Library/PrivateFrameworks/CommonAuth.framework/Versions/A/CommonAuth
0x00007fff45fa9000 	/System/Library/Frameworks/OpenDirectory.framework/Versions/A/Frameworks/CFOpenDirectory.framework/Versions/A/CFOpenDirectory
0x00007fff4906c000 	/System/Library/Frameworks/SecurityFoundation.framework/Versions/A/SecurityFoundation
0x00007fff4c770000 	/System/Library/PrivateFrameworks/APFS.framework/Versions/A/APFS
0x00007fff68d34000 	/usr/lib/libutil.dylib
0x00007fff66a5d000 	/usr/lib/libcharset.1.dylib
0x00007fff4dd73000 	/System/Library/PrivateFrameworks/AppleSauce.framework/Versions/A/AppleSauce
0x00007fff4def4000 	/System/Library/PrivateFrameworks/AssertionServices.framework/Versions/A/AssertionServices
0x00007fff4e624000 	/System/Library/PrivateFrameworks/BaseBoard.framework/Versions/A/BaseBoard
0x00007fff67783000 	/usr/lib/libmecab.1.0.0.dylib
0x00007fff6737c000 	/usr/lib/libgermantok.dylib
0x00007fff6682d000 	/usr/lib/libThaiTokenizer.dylib
0x00007fff662d8000 	/usr/lib/libChineseTokenizer.dylib
0x00007fff5b29d000 	/System/Library/PrivateFrameworks/LanguageModeling.framework/Versions/A/LanguageModeling
0x00007fff50fde000 	/System/Library/PrivateFrameworks/CoreEmoji.framework/Versions/A/CoreEmoji
0x00007fff5b379000 	/System/Library/PrivateFrameworks/Lexicon.framework/Versions/A/Lexicon
0x00007fff5b3bc000 	/System/Library/PrivateFrameworks/LinguisticData.framework/Versions/A/LinguisticData
0x00007fff66a5e000 	/usr/lib/libcmph.dylib
0x00007fff4912a000 	/System/Library/Frameworks/ServiceManagement.framework/Versions/A/ServiceManagement
0x00007fff4e585000 	/System/Library/PrivateFrameworks/BackgroundTaskManagement.framework/Versions/A/BackgroundTaskManagement
0x00007fff68e2d000 	/usr/lib/libxslt.1.dylib
0x00007fff3cdcc000 	/System/Library/Frameworks/Carbon.framework/Versions/A/Frameworks/Ink.framework/Versions/A/Ink
0x00007fff64368000 	/System/Library/PrivateFrameworks/TextureIO.framework/Versions/A/TextureIO
0x00007fff66881000 	/usr/lib/libate.dylib
0x00007fff522c0000 	/System/Library/PrivateFrameworks/CrashReporterSupport.framework/Versions/A/CrashReporterSupport
0x00007fff61aa2000 	/System/Library/PrivateFrameworks/Sharing.framework/Versions/A/Sharing
0x00007fff4e2d7000 	/System/Library/PrivateFrameworks/AuthKit.framework/Versions/A/AuthKit
0x00007fff4d82b000 	/System/Library/PrivateFrameworks/Apple80211.framework/Versions/A/Apple80211
0x00007fff52068000 	/System/Library/PrivateFrameworks/CoreUtils.framework/Versions/A/CoreUtils
0x00007fff3f60d000 	/System/Library/Frameworks/CoreWLAN.framework/Versions/A/CoreWLAN
0x00007fff40009000 	/System/Library/Frameworks/IOBluetooth.framework/Versions/A/IOBluetooth
0x00007fff5ff16000 	/System/Library/PrivateFrameworks/ProtocolBuffer.framework/Versions/A/ProtocolBuffer
0x00007fff5c317000 	/System/Library/PrivateFrameworks/MobileKeyBag.framework/Versions/A/MobileKeyBag
0x00007fff518ac000 	/System/Library/PrivateFrameworks/CorePhoneNumbers.framework/Versions/A/CorePhoneNumbers
0x00007fff4da8a000 	/System/Library/PrivateFrameworks/AppleIDAuthSupport.framework/Versions/A/AppleIDAuthSupport
0x00007fff5b270000 	/System/Library/PrivateFrameworks/KeychainCircle.framework/Versions/A/KeychainCircle
0x00007fff600cc000 	/System/Library/PrivateFrameworks/ROCKit.framework/Versions/A/ROCKit
0x00007fff5225c000 	/System/Library/PrivateFrameworks/CoreWiFi.framework/Versions/A/CoreWiFi
0x00007fff3d39a000 	/System/Library/Frameworks/CoreBluetooth.framework/Versions/A/CoreBluetooth
0x00007fff524b7000 	/System/Library/PrivateFrameworks/DebugSymbols.framework/Versions/A/DebugSymbols
0x00007fff51e28000 	/System/Library/PrivateFrameworks/CoreSymbolication.framework/Versions/A/CoreSymbolication
0x00007fff63b83000 	/System/Library/PrivateFrameworks/Symbolication.framework/Versions/A/Symbolication
0x00007fff63426000 	/System/Library/PrivateFrameworks/SpeechRecognitionCore.framework/Versions/A/SpeechRecognitionCore
0x0000000105400000 	/Library/Java/JavaVirtualMachines/jdk-9.0.1.jdk/Contents/Home/lib/server/libjvm.dylib
0x00007fff68c0f000 	/usr/lib/libstdc++.6.dylib
0x00000001044b3000 	/Library/Java/JavaVirtualMachines/jdk-9.0.1.jdk/Contents/Home/lib/libverify.dylib
0x00000001044c0000 	/Library/Java/JavaVirtualMachines/jdk-9.0.1.jdk/Contents/Home/lib/libjava.dylib
0x0000000104554000 	/Library/Java/JavaVirtualMachines/jdk-9.0.1.jdk/Contents/Home/lib/libzip.dylib
0x000000010455c000 	/Library/Java/JavaVirtualMachines/jdk-9.0.1.jdk/Contents/Home/lib/libjimage.dylib
0x0000000127615000 	/Library/Java/JavaVirtualMachines/jdk-9.0.1.jdk/Contents/Home/lib/libnio.dylib
0x0000000127625000 	/Library/Java/JavaVirtualMachines/jdk-9.0.1.jdk/Contents/Home/lib/./libnet.dylib
0x0000000127948000 	/Library/Java/JavaVirtualMachines/jdk-9.0.1.jdk/Contents/Home/lib/libprism_es2.dylib
0x00007fff51a30000 	/System/Library/PrivateFrameworks/CoreServicesInternal.framework/Versions/A/CoreServicesInternal
0x00007fff474dc000 	/System/Library/Frameworks/OpenGL.framework/Versions/A/Resources/GLEngine.bundle/GLEngine
0x00007fff4697e000 	/System/Library/Frameworks/OpenGL.framework/Versions/A/Libraries/libGLProgrammability.dylib
0x00007fff3600c000 	/System/Library/Extensions/AppleIntelKBLGraphicsGLDriver.bundle/Contents/MacOS/AppleIntelKBLGraphicsGLDriver
0x00007fff588db000 	/System/Library/PrivateFrameworks/GPUSupport.framework/Versions/A/Libraries/libGPUSupportMercury.dylib
0x00007fff47674000 	/System/Library/Frameworks/OpenGL.framework/Versions/A/Resources/GLRendererFloat.bundle/GLRendererFloat
0x00007fff45f48000 	/System/Library/Frameworks/OpenCL.framework/Versions/A/Libraries/libcldcpuengine.dylib
0x00007fff66eb2000 	/usr/lib/libcrypto.35.dylib
0x00007fff644e6000 	/System/Library/PrivateFrameworks/TrustEvaluationAgent.framework/Versions/A/TrustEvaluationAgent
0x00000001282ef000 	/Library/Java/JavaVirtualMachines/jdk-9.0.1.jdk/Contents/Home/lib/libglass.dylib
0x00007fff31f9e000 	/System/Library/CoreServices/RawCamera.bundle/Contents/MacOS/RawCamera
0x00007fff5c183000 	/System/Library/PrivateFrameworks/MobileAsset.framework/Versions/A/MobileAsset
0x00007fff63ad1000 	/System/Library/PrivateFrameworks/StreamingZip.framework/Versions/A/StreamingZip
0x00007fff41d37000 	/System/Library/Frameworks/MediaToolbox.framework/Versions/A/MediaToolbox
0x00007fff50b82000 	/System/Library/PrivateFrameworks/CoreAVCHD.framework/Versions/A/CoreAVCHD
0x00007fff41c7d000 	/System/Library/Frameworks/MediaAccessibility.framework/Versions/A/MediaAccessibility
0x00007fff5bbdf000 	/System/Library/PrivateFrameworks/Mangrove.framework/Versions/A/Mangrove
0x00007fff3e930000 	/System/Library/Frameworks/CoreMedia.framework/Versions/A/CoreMedia
0x00007fff49793000 	/System/Library/Frameworks/VideoToolbox.framework/Versions/A/VideoToolbox
0x00007fff5079e000 	/System/Library/PrivateFrameworks/CoreAUC.framework/Versions/A/CoreAUC
0x00007fff6893c000 	/usr/lib/libspindump.dylib
0x00007fff4de59000 	/System/Library/PrivateFrameworks/AppleVA.framework/Versions/A/AppleVA
0x00007fff39c20000 	/System/Library/Frameworks/Accelerate.framework/Versions/A/Frameworks/vImage.framework/Versions/A/Libraries/libCGInterfaces.dylib
0x00007fff65320000 	/System/Library/PrivateFrameworks/ViewBridge.framework/Versions/A/ViewBridge
0x00000001044ff000 	/Library/Java/JavaVirtualMachines/jdk-9.0.1.jdk/Contents/Home/lib/libjavafx_font.dylib
0x000000012c265000 	/Library/Java/JavaVirtualMachines/jdk-9.0.1.jdk/Contents/Home/lib/libawt.dylib
0x000000012c8b0000 	/Library/Java/JavaVirtualMachines/jdk-9.0.1.jdk/Contents/Home/lib/./libmlib_image.dylib
0x00007fff41993000 	/System/Library/Frameworks/JavaVM.framework/Versions/A/Frameworks/JavaNativeFoundation.framework/Versions/A/JavaNativeFoundation
0x00007fff4199c000 	/System/Library/Frameworks/JavaVM.framework/Versions/A/Frameworks/JavaRuntimeSupport.framework/Versions/A/JavaRuntimeSupport
0x00007fff419a5000 	/System/Library/Frameworks/JavaVM.framework/Versions/A/JavaVM
0x00007fff5b18f000 	/System/Library/PrivateFrameworks/JavaLaunching.framework/Versions/A/JavaLaunching
0x00007fff3cac5000 	/System/Library/Frameworks/Carbon.framework/Versions/A/Carbon
0x00007fff3cac6000 	/System/Library/Frameworks/Carbon.framework/Versions/A/Frameworks/CommonPanels.framework/Versions/A/CommonPanels
0x00007fff3cdc2000 	/System/Library/Frameworks/Carbon.framework/Versions/A/Frameworks/Help.framework/Versions/A/Help
0x00007fff3cdc6000 	/System/Library/Frameworks/Carbon.framework/Versions/A/Frameworks/ImageCapture.framework/Versions/A/ImageCapture
0x00007fff3ce62000 	/System/Library/Frameworks/Carbon.framework/Versions/A/Frameworks/OpenScripting.framework/Versions/A/OpenScripting
0x00007fff3ce9a000 	/System/Library/Frameworks/Carbon.framework/Versions/A/Frameworks/Print.framework/Versions/A/Print
0x00007fff3ce9c000 	/System/Library/Frameworks/Carbon.framework/Versions/A/Frameworks/SecurityHI.framework/Versions/A/SecurityHI
0x000000012c91e000 	/Library/Java/JavaVirtualMachines/jdk-9.0.1.jdk/Contents/Home/lib/libawt_lwawt.dylib
0x0000000127743000 	/Library/Java/JavaVirtualMachines/jdk-9.0.1.jdk/Contents/Home/lib/./libosxapp.dylib
0x00007fff3fa97000 	/System/Library/Frameworks/ExceptionHandling.framework/Versions/A/ExceptionHandling
0x000000012c9de000 	/Library/Java/JavaVirtualMachines/jdk-9.0.1.jdk/Contents/Home/lib/libfontmanager.dylib
0x00007fff3bf13000 	/System/Library/Frameworks/ApplicationServices.framework/Versions/A/Frameworks/ATS.framework/Versions/A/Resources/libTrueTypeScaler.dylib
0x0000000127722000 	/usr/lib/libobjc-trampolines.dylib
0x00007fff36de1000 	/System/Library/Extensions/AppleIntelKBLGraphicsMTLDriver.bundle/Contents/MacOS/AppleIntelKBLGraphicsMTLDriver
0x00007fff57246000 	/System/Library/PrivateFrameworks/GPUCompiler.framework/Versions/3902/Libraries/libmetal_timestamp.dylib
0x000000012c1ff000 	/Library/Java/JavaVirtualMachines/jdk-9.0.1.jdk/Contents/Home/lib/libprism_common.dylib

VM Arguments:
jvm_args: -Dfile.encoding=UTF-8 
java_command: main.Main
java_class_path (initial): /Users/khodja/git/projet_maison/ProjetIoT/bin
Launcher Type: SUN_STANDARD

Logging:
Log output configuration:
#0: stdout all=warning uptime,level,tags
#1: stderr all=off uptime,level,tags

Environment Variables:
PATH=/usr/bin:/bin:/usr/sbin:/sbin
SHELL=/bin/bash

Signal Handlers:
SIGSEGV: [libjvm.dylib+0x73e2dc], sa_mask[0]=11111111011111110111111111111111, sa_flags=SA_ONSTACK|SA_RESTART|SA_SIGINFO
SIGBUS: [libjvm.dylib+0x73e2dc], sa_mask[0]=11111111011111110111111111111111, sa_flags=SA_RESTART|SA_SIGINFO
SIGFPE: [libjvm.dylib+0x73e2dc], sa_mask[0]=11111111011111110111111111111111, sa_flags=SA_RESTART|SA_SIGINFO
SIGPIPE: [libjvm.dylib+0x5f15ac], sa_mask[0]=11111111011111110111111111111111, sa_flags=SA_RESTART|SA_SIGINFO
SIGXFSZ: [libjvm.dylib+0x5f15ac], sa_mask[0]=11111111011111110111111111111111, sa_flags=SA_RESTART|SA_SIGINFO
SIGILL: [libjvm.dylib+0x73e2dc], sa_mask[0]=11111111011111110111111111111111, sa_flags=SA_RESTART|SA_SIGINFO
SIGUSR2: [libjvm.dylib+0x5f1e3c], sa_mask[0]=00100000000000000000000000000000, sa_flags=SA_RESTART|SA_SIGINFO
SIGHUP: [libjvm.dylib+0x5f0679], sa_mask[0]=11111111011111110111111111111111, sa_flags=SA_RESTART|SA_SIGINFO
SIGINT: [libjvm.dylib+0x5f0679], sa_mask[0]=11111111011111110111111111111111, sa_flags=SA_RESTART|SA_SIGINFO
SIGTERM: [libjvm.dylib+0x5f0679], sa_mask[0]=11111111011111110111111111111111, sa_flags=SA_RESTART|SA_SIGINFO
SIGQUIT: [libjvm.dylib+0x5f0679], sa_mask[0]=11111111011111110111111111111111, sa_flags=SA_RESTART|SA_SIGINFO


---------------  S Y S T E M  ---------------

OS:uname:Darwin 18.7.0 Darwin Kernel Version 18.7.0: Thu Jun 20 18:42:21 PDT 2019; root:xnu-4903.270.47~4/RELEASE_X86_64 x86_64
rlimit: STACK 8192k, CORE 0k, NPROC 709, NOFILE 10240, AS infinity
load average:1.56 1.71 1.90

CPU:total 4 (initial active 4) (2 cores per cpu, 2 threads per core) family 6 model 142 stepping 9, cmov, cx8, fxsr, mmx, sse, sse2, sse3, ssse3, sse4.1, sse4.2, popcnt, avx, avx2, aes, clmul, erms, rtm, 3dnowpref, lzcnt, ht, tsc, tscinvbit, bmi1, bmi2, adx, fma

Memory: 4k page, physical 8388608k(53064k free)

vm_info: Java HotSpot(TM) 64-Bit Server VM (9.0.1+11) for bsd-amd64 JRE (9.0.1+11), built on Sep 28 2017 03:49:57 by "mach5one" with gcc 4.2.1 Compatible Apple LLVM 6.1.0 (clang-602.0.49)

END.
