#
# A fatal error has been detected by the Java Runtime Environment:
#
#  SIGSEGV (0xb) at pc=0x000000011e7b23a4, pid=1636, tid=775
#
# JRE version: Java(TM) SE Runtime Environment (8.0_71-b15) (build 1.8.0_71-b15)
# Java VM: Java HotSpot(TM) 64-Bit Server VM (25.71-b15 mixed mode bsd-amd64 compressed oops)
# Problematic frame:
# C  [libglass.dylib+0x53a4]  -[GlassApplication applicationWillHide:]+0xd4
#
# Failed to write core dump. Core dumps have been disabled. To enable core dumping, try "ulimit -c unlimited" before starting Java again
#
# If you would like to submit a bug report, please visit:
#   http://bugreport.java.com/bugreport/crash.jsp
#

---------------  T H R E A D  ---------------

Current thread is native thread

siginfo: si_signo: 11 (SIGSEGV), si_code: 1 (SEGV_MAPERR), si_addr: 0x0000000000000000

Registers:
RAX=0x00007fe7c44427e0, RBX=0x0000000000000000, RCX=0x00007fe7c50bb090, RDX=0x0000000000000000
RSP=0x00007ffeea85b7d0, RBP=0x00007ffeea85bc00, RSI=0x00007fe7c50bb000, RDI=0x00007fe7c50bb088
R8 =0x0000000000000000, R9 =0x00007fe7c44427e0, R10=0x00007fff8a8a5900, R11=0x00007fff34d045ec
R12=0x00007fff6b447800, R13=0x000000011e7f6540, R14=0x00007fe7c473a350, R15=0x00007fe7c44427e0
RIP=0x000000011e7b23a4, EFLAGS=0x0000000000010206, ERR=0x0000000000000004
  TRAPNO=0x000000000000000e

Top of Stack: (sp=0x00007ffeea85b7d0)
0x00007ffeea85b7d0:   000000011e7b2345 00007fff326aa9cf
0x00007ffeea85b7e0:   00007fff326aa963 00007fff326aa8d8
0x00007ffeea85b7f0:   00007fff326aa544 00007fff3267a6bd
0x00007ffeea85b800:   00007fff32679b69 00007fff34cf0866
0x00007ffeea85b810:   00007fff2fbef18c 00007fff2fb6433a
0x00007ffeea85b820:   00007fff312bf8ff 00007fff312bed8d
0x00007ffeea85b830:   00007fff312d447e 00007fff2f93214e
0x00007ffeea85b840:   00007fff2f9304e0 00007fff2f9221ee
0x00007ffeea85b850:   0000000121bad14d 00000001224af55b
0x00007ffeea85b860:   00007fff34d821bd 00007fff326b4f12
0x00007ffeea85b870:   00007fff326b4eb1 00007fff326b4ccb
0x00007ffeea85b880:   00007fff326b39fa 00007fff326b2ffe
0x00007ffeea85b890:   00000001053a6463 00000001053a21ac
0x00007ffeea85b8a0:   00000001053a84c0 00000001053a1a04
0x00007ffeea85b8b0:   0000000000000000 0000000000000000
0x00007ffeea85b8c0:   0000000000000000 0000000000000000
0x00007ffeea85b8d0:   0000000000000000 0000000000000000
0x00007ffeea85b8e0:   0000000000000000 0000000000000000
0x00007ffeea85b8f0:   0000000000000000 0000000000000000
0x00007ffeea85b900:   0000000000000000 0000000000000000
0x00007ffeea85b910:   0000000000000000 0000000000000000
0x00007ffeea85b920:   0000000000000000 0000000000000000
0x00007ffeea85b930:   0000000000000000 0000000000000000
0x00007ffeea85b940:   0000000000000000 0000000000000000
0x00007ffeea85b950:   0000000000000000 0000000000000000
0x00007ffeea85b960:   0000000000000000 0000000000000000
0x00007ffeea85b970:   0000000000000000 0000000000000000
0x00007ffeea85b980:   0000000000000000 0000000000000000
0x00007ffeea85b990:   0000000000000000 0000000000000000
0x00007ffeea85b9a0:   0000000000000000 0000000000000000
0x00007ffeea85b9b0:   0000000000000000 0000000000000000
0x00007ffeea85b9c0:   0000000000000000 0000000000000000 

Instructions: (pc=0x000000011e7b23a4)
0x000000011e7b2384:   8b 35 46 f2 03 00 4c 8b 25 ef 7d 03 00 41 ff d4
0x000000011e7b2394:   48 8b 35 e5 f1 03 00 48 89 c7 41 ff d4 49 89 c7
0x000000011e7b23a4:   48 8b 03 4c 8b a8 e8 01 00 00 48 8b 05 13 0f 04
0x000000011e7b23b4:   00 4d 8b 34 06 48 8b 3d 30 04 04 00 48 8b 35 41 

Register to memory mapping:

RAX=0x00007fe7c44427e0 is an unknown value
RBX=0x0000000000000000 is an unknown value
RCX=0x00007fe7c50bb090 is an unknown value
RDX=0x0000000000000000 is an unknown value
RSP=0x00007ffeea85b7d0 is an unknown value
RBP=0x00007ffeea85bc00 is an unknown value
RSI=0x00007fe7c50bb000 is an unknown value
RDI=0x00007fe7c50bb088 is an unknown value
R8 =0x0000000000000000 is an unknown value
R9 =0x00007fe7c44427e0 is an unknown value
R10=0x00007fff8a8a5900: OBJC_CLASS_$_NSAutoreleasePool+0 in /System/Library/Frameworks/Foundation.framework/Versions/C/Foundation at 0x00007fff34ce7000
R11=0x00007fff34d045ec: -[NSAutoreleasePool init]+0 in /System/Library/Frameworks/Foundation.framework/Versions/C/Foundation at 0x00007fff34ce7000
R12=0x00007fff6b447800: objc_msgSend+0 in /usr/lib/libobjc.A.dylib at 0x00007fff6b441000
R13=0x000000011e7f6540: jEnv+0 in /Library/Java/JavaVirtualMachines/jdk1.8.0_71.jdk/Contents/Home/jre/lib/libglass.dylib at 0x000000011e7ad000
R14=0x00007fe7c473a350 is an unknown value
R15=0x00007fe7c44427e0 is an unknown value


Stack: [0x00007ffeea060000,0x00007ffeea860000],  sp=0x00007ffeea85b7d0,  free space=8173k
Native frames: (J=compiled Java code, j=interpreted, Vv=VM code, C=native code)
C  [libglass.dylib+0x53a4]  -[GlassApplication applicationWillHide:]+0xd4
C  [CoreFoundation+0x799cf]  __CFNOTIFICATIONCENTER_IS_CALLING_OUT_TO_AN_OBSERVER__+0xc
C  [CoreFoundation+0x79963]  ___CFXRegistrationPost1_block_invoke+0x3f
C  [CoreFoundation+0x798d8]  _CFXRegistrationPost1+0x174
C  [CoreFoundation+0x79544]  ___CFXNotificationPost_block_invoke+0x50
C  [CoreFoundation+0x496bd]  -[_CFXNotificationRegistrar find:object:observer:enumerator:]+0x612
C  [CoreFoundation+0x48b69]  _CFXNotificationPost+0x547
C  [Foundation+0x9866]  -[NSNotificationCenter postNotificationName:object:userInfo:]+0x3b
C  [AppKit+0x2fe18c]  -[NSApplication _doHideMaybeFakingIt:]+0x118
C  [AppKit+0x27333a]  _hideShowHandler+0x8a
C  [HIToolbox+0x88ff]  DispatchEventToHandlers(EventTargetRec*, OpaqueEventRef*, HandlerCallRec*)+0x4e6
C  [HIToolbox+0x7d8d]  SendEventToEventTargetInternal(OpaqueEventRef*, OpaqueEventTargetRef*, HandlerCallRec*)+0x149
C  [HIToolbox+0x1d47e]  SendEventToEventTarget+0x27
C  [AppKit+0x4114e]  _DPSNextEvent+0x828
C  [AppKit+0x3f4e0]  -[NSApplication(NSEvent) _nextEventMatchingEventMask:untilDate:inMode:dequeue:]+0x548
C  [AppKit+0x311ee]  -[NSApplication run]+0x292
C  [libosxapp.dylib+0x214d]  +[NSApplicationAWT runAWTLoopWithApp:]+0x9c
C  [libawt_lwawt.dylib+0x4455b]  -[AWTStarter starter:]+0x389
C  [Foundation+0x9b1bd]  __NSThreadPerformPerform+0xcc
C  [CoreFoundation+0x83f12]  __CFRUNLOOP_IS_CALLING_OUT_TO_A_SOURCE0_PERFORM_FUNCTION__+0x11
C  [CoreFoundation+0x83eb1]  __CFRunLoopDoSource0+0x67
C  [CoreFoundation+0x83ccb]  __CFRunLoopDoSources0+0xd1
C  [CoreFoundation+0x829fa]  __CFRunLoopRun+0x39f
C  [CoreFoundation+0x81ffe]  CFRunLoopRunSpecific+0x1ce
C  [java+0x6463]  CreateExecutionEnvironment+0x367
C  [java+0x21ac]  JLI_Launch+0x7a0
C  [java+0x84c0]  main+0x65
C  [java+0x1a04]  start+0x34


---------------  P R O C E S S  ---------------

VM state:not at safepoint (normal execution)

VM Mutex/Monitor currently owned by a thread: None

Heap:
 PSYoungGen      total 38400K, used 31495K [0x0000000795580000, 0x0000000798000000, 0x00000007c0000000)
  eden space 33280K, 94% used [0x0000000795580000,0x0000000797441cf8,0x0000000797600000)
  from space 5120K, 0% used [0x0000000797b00000,0x0000000797b00000,0x0000000798000000)
  to   space 5120K, 0% used [0x0000000797600000,0x0000000797600000,0x0000000797b00000)
 ParOldGen       total 87552K, used 0K [0x0000000740000000, 0x0000000745580000, 0x0000000795580000)
  object space 87552K, 0% used [0x0000000740000000,0x0000000740000000,0x0000000745580000)
 Metaspace       used 14683K, capacity 15310K, committed 15488K, reserved 1062912K
  class space    used 1923K, capacity 2080K, committed 2176K, reserved 1048576K

Card table byte_map: [0x00000001161fd000,0x00000001165fe000] byte_map_base: 0x00000001127fd000

Marking Bits: (ParMarkBitMap*) 0x00000001064e3ea0
 Begin Bits: [0x00000001168a9000, 0x00000001188a9000)
 End Bits:   [0x00000001188a9000, 0x000000011a8a9000)

Polling page: 0x00000001053d9000

CodeCache: size=245760Kb used=3960Kb max_used=3977Kb free=241800Kb
 bounds [0x00000001071fd000, 0x00000001075ed000, 0x00000001161fd000]
 total_blobs=1821 nmethods=1191 adapters=544
 compilation: enabled

Compilation events (10 events):
Event: 4.784 Thread 0x00007fe7c504c000 nmethod 1194 0x00000001075d3310 code [0x00000001075d3480, 0x00000001075d3770]
Event: 4.790 Thread 0x00007fe7c504c000 1195  s    3       java.util.Vector::elementAt (48 bytes)
Event: 4.791 Thread 0x00007fe7c504c000 nmethod 1195 0x00000001075d38d0 code [0x00000001075d3ae0, 0x00000001075d46a8]
Event: 4.791 Thread 0x00007fe7c504c000 1196       3       java.lang.invoke.MethodHandles$Lookup::checkSecurityManager (87 bytes)
Event: 4.792 Thread 0x00007fe7c504c000 nmethod 1196 0x00000001075d4c50 code [0x00000001075d4f20, 0x00000001075d62b8]
Event: 4.792 Thread 0x00007fe7c504c000 1197       3       java.util.concurrent.locks.ReentrantLock$Sync::tryRelease (45 bytes)
Event: 4.792 Thread 0x00007fe7c504c000 nmethod 1197 0x00000001075d6ad0 code [0x00000001075d6c60, 0x00000001075d7208]
Event: 4.792 Thread 0x00007fe7c504c000 1198       3       sun.invoke.util.BytecodeDescriptor::unparse (18 bytes)
Event: 4.792 Thread 0x00007fe7c5041000 1199   !   4       sun.misc.URLClassPath$JarLoader::getResource (85 bytes)
Event: 4.793 Thread 0x00007fe7c504c000 nmethod 1198 0x00000001075d7350 code [0x00000001075d7500, 0x00000001075d79f8]

GC Heap History (0 events):
No events

Deoptimization events (10 events):
Event: 1.310 Thread 0x00007fe7c50bd000 Uncommon trap: reason=class_check action=maybe_recompile pc=0x0000000107426c84 method=java.io.DataInputStream.readShort()S @ 4
Event: 1.311 Thread 0x00007fe7c50bd000 Uncommon trap: reason=class_check action=maybe_recompile pc=0x0000000107426c84 method=java.io.DataInputStream.readShort()S @ 4
Event: 1.312 Thread 0x00007fe7c50bd000 Uncommon trap: reason=class_check action=maybe_recompile pc=0x0000000107426c84 method=java.io.DataInputStream.readShort()S @ 4
Event: 1.312 Thread 0x00007fe7c50bd000 Uncommon trap: reason=class_check action=maybe_recompile pc=0x0000000107426c84 method=java.io.DataInputStream.readShort()S @ 4
Event: 1.319 Thread 0x00007fe7c50bd000 Uncommon trap: reason=class_check action=maybe_recompile pc=0x00000001073174dc method=java.lang.String.equals(Ljava/lang/Object;)Z @ 8
Event: 1.319 Thread 0x00007fe7c50bd000 Uncommon trap: reason=class_check action=maybe_recompile pc=0x00000001073174dc method=java.lang.String.equals(Ljava/lang/Object;)Z @ 8
Event: 1.319 Thread 0x00007fe7c50bd000 Uncommon trap: reason=class_check action=maybe_recompile pc=0x00000001073174dc method=java.lang.String.equals(Ljava/lang/Object;)Z @ 8
Event: 1.321 Thread 0x00007fe7c50bd000 Uncommon trap: reason=class_check action=maybe_recompile pc=0x00000001073174dc method=java.lang.String.equals(Ljava/lang/Object;)Z @ 8
Event: 1.533 Thread 0x00007fe7c50bd000 Uncommon trap: reason=unstable_if action=reinterpret pc=0x0000000107420720 method=java.lang.CharacterData.of(I)Ljava/lang/CharacterData; @ 4
Event: 3.128 Thread 0x00007fe7c50bd000 Uncommon trap: reason=unstable_if action=reinterpret pc=0x0000000107512af4 method=jdk.internal.org.objectweb.asm.Type.getArgumentsAndReturnSizes(Ljava/lang/String;)I @ 47

Internal exceptions (10 events):
Event: 0.293 Thread 0x00007fe7c6009000 Exception <a 'java/security/PrivilegedActionException'> (0x00000007958ed2c8) thrown at [/Users/java_re/workspace/8-2-build-macosx-x86_64/jdk8u71/5731/hotspot/src/share/vm/prims/jvm.cpp, line 1386]
Event: 0.293 Thread 0x00007fe7c6009000 Exception <a 'java/security/PrivilegedActionException'> (0x00000007958ed4d8) thrown at [/Users/java_re/workspace/8-2-build-macosx-x86_64/jdk8u71/5731/hotspot/src/share/vm/prims/jvm.cpp, line 1386]
Event: 0.293 Thread 0x00007fe7c6009000 Exception <a 'java/security/PrivilegedActionException'> (0x00000007958f0778) thrown at [/Users/java_re/workspace/8-2-build-macosx-x86_64/jdk8u71/5731/hotspot/src/share/vm/prims/jvm.cpp, line 1386]
Event: 0.293 Thread 0x00007fe7c6009000 Exception <a 'java/security/PrivilegedActionException'> (0x00000007958f0988) thrown at [/Users/java_re/workspace/8-2-build-macosx-x86_64/jdk8u71/5731/hotspot/src/share/vm/prims/jvm.cpp, line 1386]
Event: 0.293 Thread 0x00007fe7c6009000 Exception <a 'java/lang/NullPointerException'> (0x00000007958f12e8) thrown at [/Users/java_re/workspace/8-2-build-macosx-x86_64/jdk8u71/5731/hotspot/src/share/vm/interpreter/linkResolver.cpp, line 1178]
Event: 0.842 Thread 0x00007fe7c50bd000 Exception <a 'java/lang/NullPointerException'> (0x00000007962d9a60) thrown at [/Users/java_re/workspace/8-2-build-macosx-x86_64/jdk8u71/5731/hotspot/src/share/vm/interpreter/linkResolver.cpp, line 1178]
Event: 0.842 Thread 0x00007fe7c50bd000 Exception <a 'java/lang/NullPointerException'> (0x00000007962d9a60) thrown at [/Users/java_re/workspace/8-2-build-macosx-x86_64/jdk8u71/5731/hotspot/src/share/vm/prims/jvm.cpp, line 1390]
Event: 1.104 Thread 0x00007fe7c50bd000 Exception <a 'java/lang/ArrayIndexOutOfBoundsException': 58> (0x00000007966fc5c8) thrown at [/Users/java_re/workspace/8-2-build-macosx-x86_64/jdk8u71/5731/hotspot/src/share/vm/interpreter/interpreterRuntime.cpp, line 366]
Event: 1.105 Thread 0x00007fe7c50bd000 Exception <a 'java/lang/ArrayIndexOutOfBoundsException': 18> (0x00000007966fd268) thrown at [/Users/java_re/workspace/8-2-build-macosx-x86_64/jdk8u71/5731/hotspot/src/share/vm/interpreter/interpreterRuntime.cpp, line 366]
Event: 1.108 Thread 0x00007fe7c50bd000 Exception <a 'java/lang/ArrayIndexOutOfBoundsException': 86> (0x00000007966fe610) thrown at [/Users/java_re/workspace/8-2-build-macosx-x86_64/jdk8u71/5731/hotspot/src/share/vm/interpreter/interpreterRuntime.cpp, line 366]

Events (10 events):
Event: 4.818 loading class java/lang/ProcessEnvironment$Variable
Event: 4.818 loading class java/lang/ProcessEnvironment$ExternalData
Event: 4.818 loading class java/lang/ProcessEnvironment$ExternalData done
Event: 4.818 loading class java/lang/ProcessEnvironment$Variable done
Event: 4.819 loading class java/lang/ProcessEnvironment$Value
Event: 4.819 loading class java/lang/ProcessEnvironment$Value done
Event: 4.819 loading class java/lang/ProcessEnvironment$StringEnvironment
Event: 4.819 loading class java/lang/ProcessEnvironment$StringEnvironment done
Event: 4.819 loading class java/util/Collections$UnmodifiableMap
Event: 4.819 loading class java/util/Collections$UnmodifiableMap done


Dynamic libraries:
0x00000000054f4000 	/System/Library/Frameworks/Cocoa.framework/Versions/A/Cocoa
0x00000000054f4000 	/System/Library/Frameworks/Security.framework/Versions/A/Security
0x00000000054f4000 	/System/Library/Frameworks/ApplicationServices.framework/Versions/A/ApplicationServices
0x00000000054f4000 	/usr/lib/libz.1.dylib
0x00000000054f4000 	/usr/lib/libSystem.B.dylib
0x00000000054f4000 	/usr/lib/libobjc.A.dylib
0x00000000054f4000 	/System/Library/Frameworks/CoreFoundation.framework/Versions/A/CoreFoundation
0x00000000054f4000 	/System/Library/Frameworks/Foundation.framework/Versions/C/Foundation
0x00000000054f4000 	/System/Library/Frameworks/AppKit.framework/Versions/C/AppKit
0x00000000054f4000 	/System/Library/Frameworks/CoreData.framework/Versions/A/CoreData
0x00000000054f4000 	/System/Library/PrivateFrameworks/UIFoundation.framework/Versions/A/UIFoundation
0x00000000054f4000 	/System/Library/PrivateFrameworks/RemoteViewServices.framework/Versions/A/RemoteViewServices
0x00000000054f4000 	/System/Library/PrivateFrameworks/XCTTargetBootstrap.framework/Versions/A/XCTTargetBootstrap
0x00000000054f4000 	/System/Library/Frameworks/CoreDisplay.framework/Versions/A/CoreDisplay
0x00000000054f4000 	/System/Library/Frameworks/Metal.framework/Versions/A/Metal
0x00000000054f4000 	/System/Library/PrivateFrameworks/DesktopServicesPriv.framework/Versions/A/DesktopServicesPriv
0x00000000054f4000 	/usr/lib/liblangid.dylib
0x00000000054f4000 	/System/Library/PrivateFrameworks/CoreSVG.framework/Versions/A/CoreSVG
0x00000000054f4000 	/System/Library/PrivateFrameworks/SkyLight.framework/Versions/A/SkyLight
0x00000000054f4000 	/System/Library/Frameworks/CoreGraphics.framework/Versions/A/CoreGraphics
0x00000000054f4000 	/System/Library/Frameworks/Accelerate.framework/Versions/A/Accelerate
0x00000000054f4000 	/usr/lib/libxml2.2.dylib
0x00000000054f4000 	/System/Library/PrivateFrameworks/IconServices.framework/Versions/A/IconServices
0x00000000054f4000 	/System/Library/Frameworks/IOSurface.framework/Versions/A/IOSurface
0x00000000054f4000 	/usr/lib/libDiagnosticMessagesClient.dylib
0x00000000054f4000 	/System/Library/PrivateFrameworks/DFRFoundation.framework/Versions/A/DFRFoundation
0x00000000054f4000 	/usr/lib/libicucore.A.dylib
0x00000000054f4000 	/System/Library/Frameworks/AudioToolbox.framework/Versions/A/AudioToolbox
0x00000000054f4000 	/System/Library/Frameworks/AudioUnit.framework/Versions/A/AudioUnit
0x00000000054f4000 	/usr/lib/libauto.dylib
0x00000000054f4000 	/System/Library/PrivateFrameworks/DataDetectorsCore.framework/Versions/A/DataDetectorsCore
0x00000000054f4000 	/System/Library/Frameworks/Carbon.framework/Versions/A/Frameworks/HIToolbox.framework/Versions/A/HIToolbox
0x00000000054f4000 	/System/Library/Frameworks/QuartzCore.framework/Versions/A/QuartzCore
0x00000000054f4000 	/System/Library/Frameworks/Carbon.framework/Versions/A/Frameworks/SpeechRecognition.framework/Versions/A/SpeechRecognition
0x00000000054f4000 	/System/Library/PrivateFrameworks/CoreUI.framework/Versions/A/CoreUI
0x00000000054f4000 	/System/Library/Frameworks/CoreAudio.framework/Versions/A/CoreAudio
0x00000000054f4000 	/System/Library/Frameworks/DiskArbitration.framework/Versions/A/DiskArbitration
0x00000000054f4000 	/System/Library/PrivateFrameworks/MultitouchSupport.framework/Versions/A/MultitouchSupport
0x00000000054f4000 	/usr/lib/libenergytrace.dylib
0x00000000054f4000 	/System/Library/Frameworks/IOKit.framework/Versions/A/IOKit
0x00000000054f4000 	/System/Library/Frameworks/CoreServices.framework/Versions/A/CoreServices
0x00000000054f4000 	/System/Library/PrivateFrameworks/PerformanceAnalysis.framework/Versions/A/PerformanceAnalysis
0x00000000054f4000 	/System/Library/Frameworks/OpenGL.framework/Versions/A/OpenGL
0x00000000054f4000 	/System/Library/Frameworks/ColorSync.framework/Versions/A/ColorSync
0x00000000054f4000 	/System/Library/Frameworks/CoreImage.framework/Versions/A/CoreImage
0x00000000054f4000 	/System/Library/Frameworks/CoreText.framework/Versions/A/CoreText
0x00000000054f4000 	/System/Library/Frameworks/ImageIO.framework/Versions/A/ImageIO
0x00000000054f4000 	/usr/lib/libc++.1.dylib
0x00000000054f4000 	/usr/lib/libcompression.dylib
0x00000000054f4000 	/usr/lib/libMobileGestalt.dylib
0x00000000054f4000 	/System/Library/PrivateFrameworks/TextureIO.framework/Versions/A/TextureIO
0x00000000054f4000 	/usr/lib/libate.dylib
0x00000000054f4000 	/System/Library/PrivateFrameworks/InternationalSupport.framework/Versions/A/InternationalSupport
0x00000000054f4000 	/usr/lib/system/libcache.dylib
0x00000000054f4000 	/usr/lib/system/libcommonCrypto.dylib
0x00000000054f4000 	/usr/lib/system/libcompiler_rt.dylib
0x00000000054f4000 	/usr/lib/system/libcopyfile.dylib
0x00000000054f4000 	/usr/lib/system/libcorecrypto.dylib
0x00000000054f4000 	/usr/lib/system/libdispatch.dylib
0x00000000054f4000 	/usr/lib/system/libdyld.dylib
0x00000000054f4000 	/usr/lib/system/libkeymgr.dylib
0x00000000054f4000 	/usr/lib/system/liblaunch.dylib
0x00000000054f4000 	/usr/lib/system/libmacho.dylib
0x00000000054f4000 	/usr/lib/system/libquarantine.dylib
0x00000000054f4000 	/usr/lib/system/libremovefile.dylib
0x00000000054f4000 	/usr/lib/system/libsystem_asl.dylib
0x00000000054f4000 	/usr/lib/system/libsystem_blocks.dylib
0x00000000054f4000 	/usr/lib/system/libsystem_c.dylib
0x00000000054f4000 	/usr/lib/system/libsystem_configuration.dylib
0x00000000054f4000 	/usr/lib/system/libsystem_coreservices.dylib
0x00000000054f4000 	/usr/lib/system/libsystem_darwin.dylib
0x00000000054f4000 	/usr/lib/system/libsystem_dnssd.dylib
0x00000000054f4000 	/usr/lib/system/libsystem_featureflags.dylib
0x00000000054f4000 	/usr/lib/system/libsystem_info.dylib
0x00000000054f4000 	/usr/lib/system/libsystem_m.dylib
0x00000000054f4000 	/usr/lib/system/libsystem_malloc.dylib
0x00000000054f4000 	/usr/lib/system/libsystem_networkextension.dylib
0x00000000054f4000 	/usr/lib/system/libsystem_notify.dylib
0x00000000054f4000 	/usr/lib/system/libsystem_sandbox.dylib
0x00000000054f4000 	/usr/lib/system/libsystem_secinit.dylib
0x00000000054f4000 	/usr/lib/system/libsystem_kernel.dylib
0x00000000054f4000 	/usr/lib/system/libsystem_platform.dylib
0x00000000054f4000 	/usr/lib/system/libsystem_pthread.dylib
0x00000000054f4000 	/usr/lib/system/libsystem_symptoms.dylib
0x00000000054f4000 	/usr/lib/system/libsystem_trace.dylib
0x00000000054f4000 	/usr/lib/system/libunwind.dylib
0x00000000054f4000 	/usr/lib/system/libxpc.dylib
0x00000000054f4000 	/usr/lib/libc++abi.dylib
0x00000000054f4000 	/usr/lib/liblzma.5.dylib
0x00000000054f4000 	/usr/lib/libfakelink.dylib
0x00000000054f4000 	/usr/lib/libarchive.2.dylib
0x00000000054f4000 	/System/Library/Frameworks/SystemConfiguration.framework/Versions/A/SystemConfiguration
0x00000000054f4000 	/usr/lib/libCRFSuite.dylib
0x00000000054f4000 	/System/Library/Frameworks/CFNetwork.framework/Versions/A/CFNetwork
0x00000000054f4000 	/usr/lib/libbsm.0.dylib
0x00000000054f4000 	/usr/lib/system/libkxld.dylib
0x00000000054f4000 	/System/Library/PrivateFrameworks/AppleFSCompression.framework/Versions/A/AppleFSCompression
0x00000000054f4000 	/usr/lib/libcoretls.dylib
0x00000000054f4000 	/usr/lib/libcoretls_cfhelpers.dylib
0x00000000054f4000 	/usr/lib/libpam.2.dylib
0x00000000054f4000 	/usr/lib/libsqlite3.dylib
0x00000000054f4000 	/usr/lib/libxar.1.dylib
0x00000000054f4000 	/usr/lib/libbz2.1.0.dylib
0x00000000054f4000 	/usr/lib/libiconv.2.dylib
0x00000000054f4000 	/usr/lib/libcharset.1.dylib
0x00000000054f4000 	/usr/lib/libnetwork.dylib
0x00000000054f4000 	/usr/lib/libpcap.A.dylib
0x00000000054f4000 	/usr/lib/libapple_nghttp2.dylib
0x00000000054f4000 	/System/Library/Frameworks/CoreServices.framework/Versions/A/Frameworks/FSEvents.framework/Versions/A/FSEvents
0x00000000054f4000 	/System/Library/Frameworks/CoreServices.framework/Versions/A/Frameworks/CarbonCore.framework/Versions/A/CarbonCore
0x00000000054f4000 	/System/Library/Frameworks/CoreServices.framework/Versions/A/Frameworks/Metadata.framework/Versions/A/Metadata
0x00000000054f4000 	/System/Library/Frameworks/CoreServices.framework/Versions/A/Frameworks/OSServices.framework/Versions/A/OSServices
0x00000000054f4000 	/System/Library/Frameworks/CoreServices.framework/Versions/A/Frameworks/SearchKit.framework/Versions/A/SearchKit
0x00000000054f4000 	/System/Library/Frameworks/CoreServices.framework/Versions/A/Frameworks/AE.framework/Versions/A/AE
0x00000000054f4000 	/System/Library/Frameworks/CoreServices.framework/Versions/A/Frameworks/LaunchServices.framework/Versions/A/LaunchServices
0x00000000054f4000 	/System/Library/Frameworks/CoreServices.framework/Versions/A/Frameworks/DictionaryServices.framework/Versions/A/DictionaryServices
0x00000000054f4000 	/System/Library/Frameworks/CoreServices.framework/Versions/A/Frameworks/SharedFileList.framework/Versions/A/SharedFileList
0x00000000054f4000 	/System/Library/Frameworks/NetFS.framework/Versions/A/NetFS
0x00000000054f4000 	/System/Library/PrivateFrameworks/NetAuth.framework/Versions/A/NetAuth
0x00000000054f4000 	/System/Library/PrivateFrameworks/login.framework/Versions/A/Frameworks/loginsupport.framework/Versions/A/loginsupport
0x00000000054f4000 	/System/Library/PrivateFrameworks/TCC.framework/Versions/A/TCC
0x00000000054f4000 	/System/Library/PrivateFrameworks/CoreNLP.framework/Versions/A/CoreNLP
0x00000000054f4000 	/System/Library/PrivateFrameworks/MetadataUtilities.framework/Versions/A/MetadataUtilities
0x00000000054f4000 	/usr/lib/libmecabra.dylib
0x00000000054f4000 	/usr/lib/libmecab.dylib
0x00000000054f4000 	/usr/lib/libgermantok.dylib
0x00000000054f4000 	/usr/lib/libThaiTokenizer.dylib
0x00000000054f4000 	/usr/lib/libChineseTokenizer.dylib
0x00000000054f4000 	/System/Library/Frameworks/Accelerate.framework/Versions/A/Frameworks/vImage.framework/Versions/A/vImage
0x00000000054f4000 	/System/Library/Frameworks/Accelerate.framework/Versions/A/Frameworks/vecLib.framework/Versions/A/vecLib
0x00000000054f4000 	/System/Library/Frameworks/Accelerate.framework/Versions/A/Frameworks/vecLib.framework/Versions/A/libvMisc.dylib
0x00000000054f4000 	/System/Library/Frameworks/Accelerate.framework/Versions/A/Frameworks/vecLib.framework/Versions/A/libvDSP.dylib
0x00000000054f4000 	/System/Library/Frameworks/Accelerate.framework/Versions/A/Frameworks/vecLib.framework/Versions/A/libBLAS.dylib
0x00000000054f4000 	/System/Library/Frameworks/Accelerate.framework/Versions/A/Frameworks/vecLib.framework/Versions/A/libLAPACK.dylib
0x00000000054f4000 	/System/Library/Frameworks/Accelerate.framework/Versions/A/Frameworks/vecLib.framework/Versions/A/libLinearAlgebra.dylib
0x00000000054f4000 	/System/Library/Frameworks/Accelerate.framework/Versions/A/Frameworks/vecLib.framework/Versions/A/libSparseBLAS.dylib
0x00000000054f4000 	/System/Library/Frameworks/Accelerate.framework/Versions/A/Frameworks/vecLib.framework/Versions/A/libQuadrature.dylib
0x00000000054f4000 	/System/Library/Frameworks/Accelerate.framework/Versions/A/Frameworks/vecLib.framework/Versions/A/libBNNS.dylib
0x00000000054f4000 	/System/Library/Frameworks/Accelerate.framework/Versions/A/Frameworks/vecLib.framework/Versions/A/libSparse.dylib
0x00000000054f4000 	/System/Library/PrivateFrameworks/LanguageModeling.framework/Versions/A/LanguageModeling
0x00000000054f4000 	/System/Library/PrivateFrameworks/CoreEmoji.framework/Versions/A/CoreEmoji
0x00000000054f4000 	/System/Library/PrivateFrameworks/LinguisticData.framework/Versions/A/LinguisticData
0x00000000054f4000 	/System/Library/PrivateFrameworks/Lexicon.framework/Versions/A/Lexicon
0x00000000054f4000 	/usr/lib/libcmph.dylib
0x00000000054f4000 	/System/Library/Frameworks/OpenDirectory.framework/Versions/A/Frameworks/CFOpenDirectory.framework/Versions/A/CFOpenDirectory
0x00000000054f4000 	/System/Library/Frameworks/OpenDirectory.framework/Versions/A/OpenDirectory
0x00000000054f4000 	/System/Library/PrivateFrameworks/APFS.framework/Versions/A/APFS
0x00000000054f4000 	/System/Library/Frameworks/SecurityFoundation.framework/Versions/A/SecurityFoundation
0x00000000054f4000 	/usr/lib/libutil.dylib
0x00000000054f4000 	/System/Library/PrivateFrameworks/CoreServicesStore.framework/Versions/A/CoreServicesStore
0x00000000054f4000 	/System/Library/Frameworks/ServiceManagement.framework/Versions/A/ServiceManagement
0x00000000054f4000 	/System/Library/PrivateFrameworks/BackgroundTaskManagement.framework/Versions/A/BackgroundTaskManagement
0x00000000054f4000 	/usr/lib/libxslt.1.dylib
0x00000000054f4000 	/System/Library/PrivateFrameworks/AppleSystemInfo.framework/Versions/A/AppleSystemInfo
0x00000000054f4000 	/System/Library/Frameworks/ImageIO.framework/Versions/A/Resources/libJPEG.dylib
0x00000000054f4000 	/System/Library/Frameworks/ImageIO.framework/Versions/A/Resources/libTIFF.dylib
0x00000000054f4000 	/System/Library/Frameworks/ImageIO.framework/Versions/A/Resources/libPng.dylib
0x00000000054f4000 	/System/Library/Frameworks/ImageIO.framework/Versions/A/Resources/libGIF.dylib
0x00000000054f4000 	/System/Library/Frameworks/ImageIO.framework/Versions/A/Resources/libJP2.dylib
0x00000000054f4000 	/System/Library/Frameworks/ImageIO.framework/Versions/A/Resources/libRadiance.dylib
0x00000000054f4000 	/usr/lib/libexpat.1.dylib
0x00000000054f4000 	/System/Library/PrivateFrameworks/AppleJPEG.framework/Versions/A/AppleJPEG
0x00000000054f4000 	/System/Library/PrivateFrameworks/FontServices.framework/libFontParser.dylib
0x00000000054f4000 	/System/Library/PrivateFrameworks/WatchdogClient.framework/Versions/A/WatchdogClient
0x00000000054f4000 	/System/Library/PrivateFrameworks/IOAccelerator.framework/Versions/A/IOAccelerator
0x00000000054f4000 	/System/Library/Frameworks/MetalPerformanceShaders.framework/Versions/A/MetalPerformanceShaders
0x00000000054f4000 	/System/Library/PrivateFrameworks/GPUWrangler.framework/Versions/A/GPUWrangler
0x00000000054f4000 	/System/Library/PrivateFrameworks/IOPresentment.framework/Versions/A/IOPresentment
0x00000000054f4000 	/System/Library/PrivateFrameworks/DSExternalDisplay.framework/Versions/A/DSExternalDisplay
0x00000000054f4000 	/System/Library/Frameworks/OpenGL.framework/Versions/A/Libraries/libCoreFSCache.dylib
0x00000000054f4000 	/System/Library/Frameworks/MetalPerformanceShaders.framework/Frameworks/MPSCore.framework/Versions/A/MPSCore
0x00000000054f4000 	/System/Library/Frameworks/MetalPerformanceShaders.framework/Frameworks/MPSImage.framework/Versions/A/MPSImage
0x00000000054f4000 	/System/Library/Frameworks/MetalPerformanceShaders.framework/Frameworks/MPSNeuralNetwork.framework/Versions/A/MPSNeuralNetwork
0x00000000054f4000 	/System/Library/Frameworks/MetalPerformanceShaders.framework/Frameworks/MPSMatrix.framework/Versions/A/MPSMatrix
0x00000000054f4000 	/System/Library/Frameworks/MetalPerformanceShaders.framework/Frameworks/MPSRayIntersector.framework/Versions/A/MPSRayIntersector
0x00000000054f4000 	/System/Library/Frameworks/MetalPerformanceShaders.framework/Frameworks/MPSNDArray.framework/Versions/A/MPSNDArray
0x00000000054f4000 	/System/Library/PrivateFrameworks/MetalTools.framework/Versions/A/MetalTools
0x00000000054f4000 	/System/Library/PrivateFrameworks/AggregateDictionary.framework/Versions/A/AggregateDictionary
0x00000000054f4000 	/System/Library/PrivateFrameworks/CoreAnalytics.framework/Versions/A/CoreAnalytics
0x00000000054f4000 	/System/Library/PrivateFrameworks/AppleSauce.framework/Versions/A/AppleSauce
0x00000000054f4000 	/usr/lib/libIOReport.dylib
0x00000000054f4000 	/System/Library/Frameworks/CoreVideo.framework/Versions/A/CoreVideo
0x00000000054f4000 	/System/Library/PrivateFrameworks/GraphVisualizer.framework/Versions/A/GraphVisualizer
0x00000000054f4000 	/System/Library/PrivateFrameworks/FaceCore.framework/Versions/A/FaceCore
0x00000000054f4000 	/System/Library/Frameworks/OpenCL.framework/Versions/A/OpenCL
0x00000000054f4000 	/usr/lib/libFosl_dynamic.dylib
0x00000000054f4000 	/System/Library/PrivateFrameworks/OTSVG.framework/Versions/A/OTSVG
0x00000000054f4000 	/System/Library/Frameworks/ApplicationServices.framework/Versions/A/Frameworks/ATS.framework/Versions/A/Resources/libFontRegistry.dylib
0x00000000054f4000 	/System/Library/PrivateFrameworks/FontServices.framework/libhvf.dylib
0x00000000054f4000 	/System/Library/Frameworks/OpenGL.framework/Versions/A/Libraries/libGFXShared.dylib
0x00000000054f4000 	/System/Library/Frameworks/OpenGL.framework/Versions/A/Libraries/libGLU.dylib
0x00000000054f4000 	/System/Library/Frameworks/OpenGL.framework/Versions/A/Libraries/libGL.dylib
0x00000000054f4000 	/System/Library/Frameworks/OpenGL.framework/Versions/A/Libraries/libGLImage.dylib
0x00000000054f4000 	/System/Library/Frameworks/OpenGL.framework/Versions/A/Libraries/libCVMSPluginSupport.dylib
0x00000000054f4000 	/System/Library/Frameworks/OpenGL.framework/Versions/A/Libraries/libCoreVMClient.dylib
0x00000000054f4000 	/usr/lib/libncurses.5.4.dylib
0x00000000054f4000 	/System/Library/Frameworks/ApplicationServices.framework/Versions/A/Frameworks/ATS.framework/Versions/A/ATS
0x00000000054f4000 	/System/Library/Frameworks/ApplicationServices.framework/Versions/A/Frameworks/ColorSyncLegacy.framework/Versions/A/ColorSyncLegacy
0x00000000054f4000 	/System/Library/Frameworks/ApplicationServices.framework/Versions/A/Frameworks/HIServices.framework/Versions/A/HIServices
0x00000000054f4000 	/System/Library/Frameworks/ApplicationServices.framework/Versions/A/Frameworks/LangAnalysis.framework/Versions/A/LangAnalysis
0x00000000054f4000 	/System/Library/Frameworks/ApplicationServices.framework/Versions/A/Frameworks/PrintCore.framework/Versions/A/PrintCore
0x00000000054f4000 	/System/Library/Frameworks/ApplicationServices.framework/Versions/A/Frameworks/QD.framework/Versions/A/QD
0x00000000054f4000 	/System/Library/Frameworks/ApplicationServices.framework/Versions/A/Frameworks/SpeechSynthesis.framework/Versions/A/SpeechSynthesis
0x00000000054f4000 	/System/Library/Frameworks/ApplicationServices.framework/Versions/A/Frameworks/ATSUI.framework/Versions/A/ATSUI
0x00000000054f4000 	/usr/lib/libcups.2.dylib
0x00000000054f4000 	/System/Library/Frameworks/Kerberos.framework/Versions/A/Kerberos
0x00000000054f4000 	/System/Library/Frameworks/GSS.framework/Versions/A/GSS
0x00000000054f4000 	/usr/lib/libresolv.9.dylib
0x00000000054f4000 	/System/Library/PrivateFrameworks/Heimdal.framework/Versions/A/Heimdal
0x00000000054f4000 	/System/Library/Frameworks/Kerberos.framework/Versions/A/Libraries/libHeimdalProxy.dylib
0x00000000054f4000 	/usr/lib/libheimdal-asn1.dylib
0x00000000054f4000 	/System/Library/PrivateFrameworks/CommonAuth.framework/Versions/A/CommonAuth
0x00000000054f4000 	/System/Library/PrivateFrameworks/AssertionServices.framework/Versions/A/AssertionServices
0x00000000054f4000 	/System/Library/PrivateFrameworks/AudioToolboxCore.framework/Versions/A/AudioToolboxCore
0x00000000054f4000 	/System/Library/PrivateFrameworks/caulk.framework/Versions/A/caulk
0x00000000054f4000 	/System/Library/PrivateFrameworks/BaseBoard.framework/Versions/A/BaseBoard
0x00000000054f4000 	/System/Library/PrivateFrameworks/RunningBoardServices.framework/Versions/A/RunningBoardServices
0x00000000054f4000 	/System/Library/PrivateFrameworks/PersistentConnection.framework/Versions/A/PersistentConnection
0x00000000054f4000 	/System/Library/PrivateFrameworks/ProtocolBuffer.framework/Versions/A/ProtocolBuffer
0x00000000054f4000 	/System/Library/PrivateFrameworks/CommonUtilities.framework/Versions/A/CommonUtilities
0x00000000054f4000 	/System/Library/PrivateFrameworks/Bom.framework/Versions/A/Bom
0x00000000054f4000 	/usr/lib/libAudioToolboxUtility.dylib
0x00000000054f4000 	/System/Library/PrivateFrameworks/Backup.framework/Versions/A/Backup
0x00000000054f4000 	/System/Library/PrivateFrameworks/CrashReporterSupport.framework/Versions/A/CrashReporterSupport
0x00000000054f4000 	/System/Library/PrivateFrameworks/Sharing.framework/Versions/A/Sharing
0x00000000054f4000 	/System/Library/PrivateFrameworks/Apple80211.framework/Versions/A/Apple80211
0x00000000054f4000 	/System/Library/PrivateFrameworks/AuthKit.framework/Versions/A/AuthKit
0x00000000054f4000 	/System/Library/PrivateFrameworks/CoreUtils.framework/Versions/A/CoreUtils
0x00000000054f4000 	/System/Library/Frameworks/CoreWLAN.framework/Versions/A/CoreWLAN
0x00000000054f4000 	/System/Library/Frameworks/IOBluetooth.framework/Versions/A/IOBluetooth
0x00000000054f4000 	/System/Library/PrivateFrameworks/MobileKeyBag.framework/Versions/A/MobileKeyBag
0x00000000054f4000 	/System/Library/PrivateFrameworks/CorePhoneNumbers.framework/Versions/A/CorePhoneNumbers
0x00000000054f4000 	/System/Library/PrivateFrameworks/AppleIDAuthSupport.framework/Versions/A/AppleIDAuthSupport
0x00000000054f4000 	/System/Library/Frameworks/Network.framework/Versions/A/Network
0x00000000054f4000 	/System/Library/PrivateFrameworks/KeychainCircle.framework/Versions/A/KeychainCircle
0x00000000054f4000 	/System/Library/Frameworks/CoreBluetooth.framework/Versions/A/CoreBluetooth
0x00000000054f4000 	/System/Library/PrivateFrameworks/SpeechRecognitionCore.framework/Versions/A/SpeechRecognitionCore
0x0000000105c00000 	/Library/Java/JavaVirtualMachines/jdk1.8.0_71.jdk/Contents/Home/jre/lib/server/libjvm.dylib
0x00000000054f4000 	/usr/lib/libstdc++.6.dylib
0x00000001053cb000 	/Library/Java/JavaVirtualMachines/jdk1.8.0_71.jdk/Contents/Home/jre/lib/libverify.dylib
0x0000000106b8f000 	/Library/Java/JavaVirtualMachines/jdk1.8.0_71.jdk/Contents/Home/jre/lib/libjava.dylib
0x00000001053e3000 	/Library/Java/JavaVirtualMachines/jdk1.8.0_71.jdk/Contents/Home/jre/lib/libzip.dylib
0x00000000054f4000 	/System/Library/Frameworks/JavaVM.framework/Versions/A/Frameworks/JavaRuntimeSupport.framework/Versions/A/JavaRuntimeSupport
0x00000000054f4000 	/System/Library/Frameworks/JavaVM.framework/Versions/A/Frameworks/JavaNativeFoundation.framework/Versions/A/JavaNativeFoundation
0x00000000054f4000 	/System/Library/Frameworks/JavaVM.framework/Versions/A/JavaVM
0x00000000054f4000 	/System/Library/Frameworks/Carbon.framework/Versions/A/Carbon
0x00000000054f4000 	/System/Library/PrivateFrameworks/CoreSymbolication.framework/Versions/A/CoreSymbolication
0x00000000054f4000 	/System/Library/PrivateFrameworks/JavaLaunching.framework/Versions/A/JavaLaunching
0x00000000054f4000 	/System/Library/Frameworks/Carbon.framework/Versions/A/Frameworks/CommonPanels.framework/Versions/A/CommonPanels
0x00000000054f4000 	/System/Library/Frameworks/Carbon.framework/Versions/A/Frameworks/Help.framework/Versions/A/Help
0x00000000054f4000 	/System/Library/Frameworks/Carbon.framework/Versions/A/Frameworks/ImageCapture.framework/Versions/A/ImageCapture
0x00000000054f4000 	/System/Library/Frameworks/Carbon.framework/Versions/A/Frameworks/OpenScripting.framework/Versions/A/OpenScripting
0x00000000054f4000 	/System/Library/Frameworks/Carbon.framework/Versions/A/Frameworks/Ink.framework/Versions/A/Ink
0x00000000054f4000 	/System/Library/Frameworks/Carbon.framework/Versions/A/Frameworks/Print.framework/Versions/A/Print
0x00000000054f4000 	/System/Library/Frameworks/Carbon.framework/Versions/A/Frameworks/SecurityHI.framework/Versions/A/SecurityHI
0x00000000054f4000 	/System/Library/PrivateFrameworks/DebugSymbols.framework/Versions/A/DebugSymbols
0x000000011e2e2000 	/Library/Java/JavaVirtualMachines/jdk1.8.0_71.jdk/Contents/Home/jre/lib/libprism_es2.dylib
0x00000000054f4000 	/System/Library/PrivateFrameworks/CoreServicesInternal.framework/Versions/A/CoreServicesInternal
0x00000000054f4000 	/System/Library/Frameworks/OpenGL.framework/Versions/A/Resources/GLEngine.bundle/GLEngine
0x00000000054f4000 	/System/Library/Frameworks/OpenGL.framework/Versions/A/Libraries/libGLProgrammability.dylib
0x00000000054f4000 	/System/Library/Extensions/AppleIntelBDWGraphicsGLDriver.bundle/Contents/MacOS/AppleIntelBDWGraphicsGLDriver
0x00000000054f4000 	/System/Library/PrivateFrameworks/GPUSupport.framework/Versions/A/Libraries/libGPUSupportMercury.dylib
0x00000000054f4000 	/System/Library/Frameworks/OpenGL.framework/Versions/A/Resources/GLRendererFloat.bundle/GLRendererFloat
0x00000000054f4000 	/System/Library/Frameworks/OpenCL.framework/Versions/A/Libraries/libcldcpuengine.dylib
0x000000011e7ad000 	/Library/Java/JavaVirtualMachines/jdk1.8.0_71.jdk/Contents/Home/jre/lib/libglass.dylib
0x00000000054f4000 	/System/Library/Frameworks/FileProvider.framework/Versions/A/FileProvider
0x00000000054f4000 	/System/Library/Frameworks/Accounts.framework/Versions/A/Accounts
0x00000000054f4000 	/System/Library/PrivateFrameworks/GenerationalStorage.framework/Versions/A/GenerationalStorage
0x00000000054f4000 	/System/Library/PrivateFrameworks/SymptomDiagnosticReporter.framework/Versions/A/SymptomDiagnosticReporter
0x00000000054f4000 	/System/Library/PrivateFrameworks/AppContainer.framework/Versions/A/AppContainer
0x00000000054f4000 	/usr/lib/libsandbox.1.dylib
0x00000000054f4000 	/System/Library/PrivateFrameworks/UserManagement.framework/Versions/A/UserManagement
0x00000000054f4000 	/System/Library/PrivateFrameworks/ChunkingLibrary.framework/Versions/A/ChunkingLibrary
0x00000000054f4000 	/System/Library/PrivateFrameworks/AppSandbox.framework/Versions/A/AppSandbox
0x00000000054f4000 	/System/Library/PrivateFrameworks/SecCodeWrapper.framework/Versions/A/SecCodeWrapper
0x00000000054f4000 	/usr/lib/libMatch.1.dylib
0x00000000054f4000 	/System/Library/CoreServices/RawCamera.bundle/Contents/MacOS/RawCamera
0x00000000054f4000 	/System/Library/PrivateFrameworks/MobileAsset.framework/Versions/A/MobileAsset
0x00000000054f4000 	/System/Library/PrivateFrameworks/StreamingZip.framework/Versions/A/StreamingZip
0x00000000054f4000 	/System/Library/Frameworks/MediaToolbox.framework/Versions/A/MediaToolbox
0x00000000054f4000 	/System/Library/PrivateFrameworks/CoreAVCHD.framework/Versions/A/CoreAVCHD
0x00000000054f4000 	/System/Library/Frameworks/MediaAccessibility.framework/Versions/A/MediaAccessibility
0x00000000054f4000 	/System/Library/PrivateFrameworks/Mangrove.framework/Versions/A/Mangrove
0x00000000054f4000 	/System/Library/Frameworks/CoreMedia.framework/Versions/A/CoreMedia
0x00000000054f4000 	/System/Library/PrivateFrameworks/MediaExperience.framework/Versions/A/MediaExperience
0x00000000054f4000 	/System/Library/Frameworks/VideoToolbox.framework/Versions/A/VideoToolbox
0x00000000054f4000 	/System/Library/PrivateFrameworks/CoreAUC.framework/Versions/A/CoreAUC
0x00000000054f4000 	/usr/lib/libspindump.dylib
0x00000000054f4000 	/System/Library/PrivateFrameworks/AudioResourceArbitration.framework/Versions/A/AudioResourceArbitration
0x00000000054f4000 	/System/Library/PrivateFrameworks/AppleVA.framework/Versions/A/AppleVA
0x00000000054f4000 	/System/Library/Frameworks/Accelerate.framework/Versions/A/Frameworks/vImage.framework/Versions/A/Libraries/libCGInterfaces.dylib
0x000000011f7d7000 	/usr/lib/libobjc-trampolines.dylib
0x00000000054f4000 	/System/Library/PrivateFrameworks/FamilyControls.framework/Versions/A/FamilyControls
0x00000000054f4000 	/System/Library/PrivateFrameworks/CommerceKit.framework/Versions/A/Frameworks/CommerceCore.framework/Versions/A/CommerceCore
0x00000000054f4000 	/System/Library/PrivateFrameworks/SystemAdministration.framework/Versions/A/SystemAdministration
0x00000000054f4000 	/System/Library/PrivateFrameworks/DiskManagement.framework/Versions/A/DiskManagement
0x00000000054f4000 	/System/Library/Frameworks/DirectoryService.framework/Versions/A/DirectoryService
0x00000000054f4000 	/System/Library/PrivateFrameworks/DiskImages.framework/Versions/A/DiskImages
0x00000000054f4000 	/System/Library/PrivateFrameworks/LoginUIKit.framework/Versions/A/Frameworks/LoginUICore.framework/Versions/A/LoginUICore
0x00000000054f4000 	/usr/lib/libCoreStorage.dylib
0x00000000054f4000 	/usr/lib/libcsfde.dylib
0x00000000054f4000 	/usr/lib/libodfde.dylib
0x00000000054f4000 	/System/Library/PrivateFrameworks/MediaKit.framework/Versions/A/MediaKit
0x00000000054f4000 	/System/Library/Frameworks/DiscRecording.framework/Versions/A/DiscRecording
0x00000000054f4000 	/System/Library/PrivateFrameworks/EFILogin.framework/Versions/A/EFILogin
0x00000000054f4000 	/System/Library/PrivateFrameworks/ProtectedCloudStorage.framework/Versions/A/ProtectedCloudStorage
0x00000000054f4000 	/usr/lib/libcurl.4.dylib
0x00000000054f4000 	/usr/lib/libcrypto.44.dylib
0x00000000054f4000 	/usr/lib/libssl.46.dylib
0x00000000054f4000 	/System/Library/Frameworks/LDAP.framework/Versions/A/LDAP
0x00000000054f4000 	/System/Library/PrivateFrameworks/TrustEvaluationAgent.framework/Versions/A/TrustEvaluationAgent
0x00000000054f4000 	/usr/lib/libsasl2.2.dylib
0x00000000054f4000 	/System/Library/PrivateFrameworks/CoreDaemon.framework/Versions/B/CoreDaemon
0x00000000054f4000 	/System/Library/PrivateFrameworks/AppleSRP.framework/Versions/A/AppleSRP
0x00000000054f4000 	/System/Library/PrivateFrameworks/ViewBridge.framework/Versions/A/ViewBridge
0x00000000054f4000 	/System/Library/PrivateFrameworks/FontServices.framework/libTrueTypeScaler.dylib
0x00000000054f4000 	/System/Library/Extensions/AppleIntelBDWGraphicsMTLDriver.bundle/Contents/MacOS/AppleIntelBDWGraphicsMTLDriver
0x00000000054f4000 	/System/Library/PrivateFrameworks/GPUCompiler.framework/Versions/3902/Libraries/libmetal_timestamp.dylib
0x0000000121e98000 	/Library/Java/JavaVirtualMachines/jdk1.8.0_71.jdk/Contents/Home/jre/lib/libjavafx_font.dylib
0x00000000054f4000 	/System/Library/PrivateFrameworks/login.framework/Versions/A/login
0x00000000054f4000 	/System/Library/PrivateFrameworks/HDRProcessing.framework/Versions/A/HDRProcessing
0x0000000121500000 	/Library/Java/JavaVirtualMachines/jdk1.8.0_71.jdk/Contents/Home/jre/lib/libprism_common.dylib
0x00000001222d1000 	/Library/Java/JavaVirtualMachines/jdk1.8.0_71.jdk/Contents/Home/jre/lib/libawt.dylib
0x0000000122379000 	/Library/Java/JavaVirtualMachines/jdk1.8.0_71.jdk/Contents/Home/jre/lib/libmlib_image.dylib
0x000000012246b000 	/Library/Java/JavaVirtualMachines/jdk1.8.0_71.jdk/Contents/Home/jre/lib/libawt_lwawt.dylib
0x0000000121bab000 	/Library/Java/JavaVirtualMachines/jdk1.8.0_71.jdk/Contents/Home/jre/lib/libosxapp.dylib
0x00000000054f4000 	/System/Library/Frameworks/ExceptionHandling.framework/Versions/A/ExceptionHandling

VM Arguments:
jvm_args: -Dfile.encoding=UTF-8 
java_command: main.Main
java_class_path (initial): /Users/alexandrelebalanger/Desktop/ESIR 1/S6/ProjetIoT/ProjetIoT/ProjetIoT/bin:/Users/alexandrelebalanger/Documents/javafx-sdk-11.0.2/lib/src.zip
Launcher Type: SUN_STANDARD

Environment Variables:
PATH=/usr/bin:/bin:/usr/sbin:/sbin
SHELL=/bin/zsh
DISPLAY=/private/tmp/com.apple.launchd.v1rwY74R1S/org.macosforge.xquartz:0

Signal Handlers:
SIGSEGV: [libjvm.dylib+0x5a68c5], sa_mask[0]=11111111011111110111111111111111, sa_flags=SA_ONSTACK|SA_RESTART|SA_SIGINFO
SIGBUS: [libjvm.dylib+0x5a68c5], sa_mask[0]=11111111011111110111111111111111, sa_flags=SA_RESTART|SA_SIGINFO
SIGFPE: [libjvm.dylib+0x4805d4], sa_mask[0]=11111111011111110111111111111111, sa_flags=SA_RESTART|SA_SIGINFO
SIGPIPE: [libjvm.dylib+0x4805d4], sa_mask[0]=11111111011111110111111111111111, sa_flags=SA_RESTART|SA_SIGINFO
SIGXFSZ: [libjvm.dylib+0x4805d4], sa_mask[0]=11111111011111110111111111111111, sa_flags=SA_RESTART|SA_SIGINFO
SIGILL: [libjvm.dylib+0x4805d4], sa_mask[0]=11111111011111110111111111111111, sa_flags=SA_RESTART|SA_SIGINFO
SIGUSR1: SIG_DFL, sa_mask[0]=00000000000000000000000000000000, sa_flags=none
SIGUSR2: [libjvm.dylib+0x4800f2], sa_mask[0]=00100000000000000000000000000000, sa_flags=SA_RESTART|SA_SIGINFO
SIGHUP: [libjvm.dylib+0x47e6c9], sa_mask[0]=11111111011111110111111111111111, sa_flags=SA_RESTART|SA_SIGINFO
SIGINT: [libjvm.dylib+0x47e6c9], sa_mask[0]=11111111011111110111111111111111, sa_flags=SA_RESTART|SA_SIGINFO
SIGTERM: [libjvm.dylib+0x47e6c9], sa_mask[0]=11111111011111110111111111111111, sa_flags=SA_RESTART|SA_SIGINFO
SIGQUIT: [libjvm.dylib+0x47e6c9], sa_mask[0]=11111111011111110111111111111111, sa_flags=SA_RESTART|SA_SIGINFO


---------------  S Y S T E M  ---------------

OS:Bsduname:Darwin 19.4.0 Darwin Kernel Version 19.4.0: Wed Mar  4 22:28:40 PST 2020; root:xnu-6153.101.6~15/RELEASE_X86_64 x86_64
rlimit: STACK 8192k, CORE 0k, NPROC 1392, NOFILE 10240, AS infinity
load average:3.20 2.68 2.47

CPU:total 4 (2 cores per cpu, 2 threads per core) family 6 model 61 stepping 4, cmov, cx8, fxsr, mmx, sse, sse2, sse3, ssse3, sse4.1, sse4.2, popcnt, avx, avx2, aes, clmul, erms, 3dnowpref, lzcnt, ht, tsc, tscinvbit, bmi1, bmi2, adx

Memory: 4k page, physical 8388608k(80596k free)

/proc/meminfo:


vm_info: Java HotSpot(TM) 64-Bit Server VM (25.71-b15) for bsd-amd64 JRE (1.8.0_71-b15), built on Dec 22 2015 15:11:44 by "java_re" with gcc 4.2.1 (Based on Apple Inc. build 5658) (LLVM build 2336.11.00)

time: Tue May 19 12:14:33 2020
elapsed time: 4 seconds (0d 0h 0m 4s)

